[0.019s] Invoking command in '/home/jiangping/VisionArena/detector/build/sphere_detect': CMAKE_PREFIX_PATH=/opt/ros/humble /usr/bin/cmake /home/jiangping/VisionArena/detector -DCMAKE_INSTALL_PREFIX=/home/jiangping/VisionArena/detector/install/sphere_detect
[0.259s] -- The C compiler identification is GNU 11.4.0
[0.396s] -- The CXX compiler identification is GNU 11.4.0
[0.417s] -- Detecting C compiler ABI info
[0.502s] -- Detecting C compiler ABI info - done
[0.506s] -- Check for working C compiler: /usr/bin/cc - skipped
[0.507s] -- Detecting C compile features
[0.510s] -- Detecting C compile features - done
[0.514s] -- Detecting CXX compiler ABI info
[0.596s] -- Detecting CXX compiler ABI info - done
[0.601s] -- Check for working CXX compiler: /usr/bin/c++ - skipped
[0.601s] -- Detecting CXX compile features
[0.601s] -- Detecting CXX compile features - done
[0.635s] -- Found ament_cmake: 1.3.12 (/opt/ros/humble/share/ament_cmake/cmake)
[0.763s] -- Found Python3: /usr/bin/python3 (found version "3.10.12") found components: Interpreter 
[0.890s] -- Found sensor_msgs: 4.9.0 (/opt/ros/humble/share/sensor_msgs/cmake)
[0.985s] -- Found rosidl_generator_c: 3.1.7 (/opt/ros/humble/share/rosidl_generator_c/cmake)
[0.998s] -- Found rosidl_adapter: 3.1.7 (/opt/ros/humble/share/rosidl_adapter/cmake)
[1.016s] -- Found rosidl_generator_cpp: 3.1.7 (/opt/ros/humble/share/rosidl_generator_cpp/cmake)
[1.050s] -- Using all available rosidl_typesupport_c: rosidl_typesupport_fastrtps_c;rosidl_typesupport_introspection_c
[1.080s] -- Using all available rosidl_typesupport_cpp: rosidl_typesupport_fastrtps_cpp;rosidl_typesupport_introspection_cpp
[1.188s] -- Found rclcpp: 16.0.15 (/opt/ros/humble/share/rclcpp/cmake)
[1.276s] -- Found rmw_implementation_cmake: 6.1.2 (/opt/ros/humble/share/rmw_implementation_cmake/cmake)
[1.282s] -- Found rmw_fastrtps_cpp: 6.2.8 (/opt/ros/humble/share/rmw_fastrtps_cpp/cmake)
[1.414s] -- Found OpenSSL: /usr/lib/x86_64-linux-gnu/libcrypto.so (found version "3.0.2")  
[1.440s] -- Found FastRTPS: /opt/ros/humble/include  
[1.474s] -- Using RMW implementation 'rmw_fastrtps_cpp' as default
[1.493s] -- Looking for pthread.h
[1.574s] -- Looking for pthread.h - found
[1.574s] -- Performing Test CMAKE_HAVE_LIBC_PTHREAD
[1.646s] -- Performing Test CMAKE_HAVE_LIBC_PTHREAD - Success
[1.647s] -- Found Threads: TRUE  
[1.721s] -- Found cv_bridge: 3.2.1 (/opt/ros/humble/share/cv_bridge/cmake)
[1.735s] -- Found OpenCV: /usr/local (found version "4.5.5") 
[1.740s] -- Found image_transport: 3.1.12 (/opt/ros/humble/share/image_transport/cmake)
[1.794s] -- Found ament_lint_auto: 0.12.14 (/opt/ros/humble/share/ament_lint_auto/cmake)
[1.880s] -- Added test 'cppcheck' to perform static code analysis on C / C++ code
[1.880s] -- Configured cppcheck include dirs: $<BUILD_INTERFACE:/home/jiangping/VisionArena/detector/include>
[1.880s] -- Configured cppcheck exclude dirs and/or files: 
[1.883s] -- Added test 'lint_cmake' to check CMake code style
[1.889s] -- Added test 'uncrustify' to check C / C++ code style
[1.889s] -- Configured uncrustify additional arguments: 
[1.891s] -- Added test 'xmllint' to check XML markup files
[1.894s] -- Configuring done
[1.899s] [31mCMake Error at CMakeLists.txt:16 (add_executable):
[1.899s]   Cannot find source file:
[1.899s] 
[1.899s]     src/detect.cpp
[1.899s] 
[1.899s]   Tried extensions .c .C .c++ .cc .cpp .cxx .cu .mpp .m .M .mm .ixx .cppm .h
[1.899s]   .hh .h++ .hm .hpp .hxx .in .txx .f .F .for .f77 .f90 .f95 .f03 .hip .ispc
[1.899s] 
[1.899s] [0m
[1.900s] [31mCMake Error at CMakeLists.txt:16 (add_executable):
[1.900s]   No SOURCES given to target: detect
[1.900s] 
[1.900s] [0m
[1.900s] [0mCMake Generate step failed.  Build files cannot be regenerated correctly.[0m
[1.909s] Invoked command in '/home/jiangping/VisionArena/detector/build/sphere_detect' returned '1': CMAKE_PREFIX_PATH=/opt/ros/humble /usr/bin/cmake /home/jiangping/VisionArena/detector -DCMAKE_INSTALL_PREFIX=/home/jiangping/VisionArena/detector/install/sphere_detect
