[0.022s] Invoking command in '/home/jiangping/Vision_Arena_2025/src/player_pkg/build/yolo_detector': CMAKE_PREFIX_PATH=/opt/ros/humble /usr/bin/cmake /home/jiangping/Vision_Arena_2025/src/player_pkg -DCMAKE_INSTALL_PREFIX=/home/jiangping/Vision_Arena_2025/src/player_pkg/install/yolo_detector
[0.235s] -- The C compiler identification is GNU 11.4.0
[0.360s] -- The CXX compiler identification is GNU 11.4.0
[0.383s] -- Detecting C compiler ABI info
[0.461s] -- Detecting C compiler ABI info - done
[0.466s] -- Check for working C compiler: /usr/bin/cc - skipped
[0.466s] -- Detecting C compile features
[0.467s] -- Detecting C compile features - done
[0.473s] -- Detecting CXX compiler ABI info
[0.554s] -- Detecting CXX compiler ABI info - done
[0.558s] -- Check for working CXX compiler: /usr/bin/c++ - skipped
[0.558s] -- Detecting CXX compile features
[0.558s] -- Detecting CXX compile features - done
[0.570s] -- Found ament_cmake: 1.3.12 (/opt/ros/humble/share/ament_cmake/cmake)
[0.692s] -- Found Python3: /usr/bin/python3 (found version "3.10.12") found components: Interpreter 
[0.819s] -- Found rclcpp: 16.0.15 (/opt/ros/humble/share/rclcpp/cmake)
[0.912s] -- Found rosidl_generator_c: 3.1.7 (/opt/ros/humble/share/rosidl_generator_c/cmake)
[0.921s] -- Found rosidl_adapter: 3.1.7 (/opt/ros/humble/share/rosidl_adapter/cmake)
[0.940s] -- Found rosidl_generator_cpp: 3.1.7 (/opt/ros/humble/share/rosidl_generator_cpp/cmake)
[0.967s] -- Using all available rosidl_typesupport_c: rosidl_typesupport_fastrtps_c;rosidl_typesupport_introspection_c
[0.991s] -- Using all available rosidl_typesupport_cpp: rosidl_typesupport_fastrtps_cpp;rosidl_typesupport_introspection_cpp
[1.070s] -- Found rmw_implementation_cmake: 6.1.2 (/opt/ros/humble/share/rmw_implementation_cmake/cmake)
[1.075s] -- Found rmw_fastrtps_cpp: 6.2.8 (/opt/ros/humble/share/rmw_fastrtps_cpp/cmake)
[1.203s] -- Found OpenSSL: /usr/lib/x86_64-linux-gnu/libcrypto.so (found version "3.0.2")  
[1.227s] -- Found FastRTPS: /opt/ros/humble/include  
[1.261s] -- Using RMW implementation 'rmw_fastrtps_cpp' as default
[1.277s] -- Looking for pthread.h
[1.343s] -- Looking for pthread.h - found
[1.343s] -- Performing Test CMAKE_HAVE_LIBC_PTHREAD
[1.412s] -- Performing Test CMAKE_HAVE_LIBC_PTHREAD - Success
[1.412s] -- Found Threads: TRUE  
[1.509s] -- Found sensor_msgs: 4.9.0 (/opt/ros/humble/share/sensor_msgs/cmake)
[1.563s] -- Found cv_bridge: 3.2.1 (/opt/ros/humble/share/cv_bridge/cmake)
[1.576s] -- Found OpenCV: /usr/local (found version "4.5.5") 
[1.627s] -- Configuring done
[1.629s] [31mCMake Error at CMakeLists.txt:29 (add_executable):
[1.630s]   Cannot find source file:
[1.630s] 
[1.630s]     src/yolo_detector_node.cpp
[1.630s] 
[1.630s]   Tried extensions .c .C .c++ .cc .cpp .cxx .cu .mpp .m .M .mm .ixx .cppm .h
[1.630s]   .hh .h++ .hm .hpp .hxx .in .txx .f .F .for .f77 .f90 .f95 .f03 .hip .ispc
[1.630s] 
[1.630s] [0m
[1.630s] [31mCMake Error at CMakeLists.txt:29 (add_executable):
[1.630s]   No SOURCES given to target: yolo_detector_node
[1.630s] 
[1.630s] [0m
[1.630s] [0mCMake Generate step failed.  Build files cannot be regenerated correctly.[0m
[1.640s] Invoked command in '/home/jiangping/Vision_Arena_2025/src/player_pkg/build/yolo_detector' returned '1': CMAKE_PREFIX_PATH=/opt/ros/humble /usr/bin/cmake /home/jiangping/Vision_Arena_2025/src/player_pkg -DCMAKE_INSTALL_PREFIX=/home/jiangping/Vision_Arena_2025/src/player_pkg/install/yolo_detector
