[0.014s] Invoking command in '/home/jiangping/Vision_Arena_2025/src/player_pkg/build/player_pkg': /usr/bin/cmake --build /home/jiangping/Vision_Arena_2025/src/player_pkg/build/player_pkg -- -j8 -l8
[0.034s] -- Found ament_cmake: 1.3.12 (/opt/ros/humble/share/ament_cmake/cmake)
[0.120s] -- Found rclcpp: 16.0.15 (/opt/ros/humble/share/rclcpp/cmake)
[0.138s] -- Found rosidl_generator_c: 3.1.7 (/opt/ros/humble/share/rosidl_generator_c/cmake)
[0.140s] -- Found rosidl_adapter: 3.1.7 (/opt/ros/humble/share/rosidl_adapter/cmake)
[0.143s] -- Found rosidl_generator_cpp: 3.1.7 (/opt/ros/humble/share/rosidl_generator_cpp/cmake)
[0.151s] -- Using all available rosidl_typesupport_c: rosidl_typesupport_fastrtps_c;rosidl_typesupport_introspection_c
[0.158s] -- Using all available rosidl_typesupport_cpp: rosidl_typesupport_fastrtps_cpp;rosidl_typesupport_introspection_cpp
[0.179s] -- Found rmw_implementation_cmake: 6.1.2 (/opt/ros/humble/share/rmw_implementation_cmake/cmake)
[0.180s] -- Found rmw_fastrtps_cpp: 6.2.8 (/opt/ros/humble/share/rmw_fastrtps_cpp/cmake)
[0.261s] -- Using RMW implementation 'rmw_fastrtps_cpp' as default
[0.290s] -- Found sensor_msgs: 4.9.0 (/opt/ros/humble/share/sensor_msgs/cmake)
[0.309s] -- Found cv_bridge: 3.2.1 (/opt/ros/humble/share/cv_bridge/cmake)
[0.354s] -- Configuring done
[0.365s] -- Generating done
[0.369s] -- Build files have been written to: /home/jiangping/Vision_Arena_2025/src/player_pkg/build/player_pkg
[0.407s] [ 50%] [32mBuilding CXX object CMakeFiles/yolo_node.dir/src/test.cpp.o[0m
[6.734s] [100%] [32m[1mLinking CXX executable yolo_node[0m
[6.893s] /usr/bin/ld: warning: libopencv_imgproc.so.4.5d, needed by /opt/ros/humble/lib/libcv_bridge.so, may conflict with libopencv_imgproc.so.405
[6.893s] /usr/bin/ld: warning: libopencv_core.so.4.5d, needed by /opt/ros/humble/lib/libcv_bridge.so, may conflict with libopencv_core.so.405
[7.240s] [100%] Built target yolo_node
[7.252s] Invoked command in '/home/jiangping/Vision_Arena_2025/src/player_pkg/build/player_pkg' returned '0': /usr/bin/cmake --build /home/jiangping/Vision_Arena_2025/src/player_pkg/build/player_pkg -- -j8 -l8
[7.263s] Invoking command in '/home/jiangping/Vision_Arena_2025/src/player_pkg/build/player_pkg': /usr/bin/cmake --install /home/jiangping/Vision_Arena_2025/src/player_pkg/build/player_pkg
[7.270s] -- Install configuration: ""
[7.270s] -- Installing: /home/jiangping/Vision_Arena_2025/src/player_pkg/install/player_pkg/lib/player_pkg/yolo_node
[7.275s] -- Set runtime path of "/home/jiangping/Vision_Arena_2025/src/player_pkg/install/player_pkg/lib/player_pkg/yolo_node" to ""
[7.275s] -- Installing: /home/jiangping/Vision_Arena_2025/src/player_pkg/install/player_pkg/share/ament_index/resource_index/package_run_dependencies/player_pkg
[7.275s] -- Installing: /home/jiangping/Vision_Arena_2025/src/player_pkg/install/player_pkg/share/ament_index/resource_index/parent_prefix_path/player_pkg
[7.276s] -- Up-to-date: /home/jiangping/Vision_Arena_2025/src/player_pkg/install/player_pkg/share/player_pkg/environment/ament_prefix_path.sh
[7.276s] -- Installing: /home/jiangping/Vision_Arena_2025/src/player_pkg/install/player_pkg/share/player_pkg/environment/ament_prefix_path.dsv
[7.277s] -- Up-to-date: /home/jiangping/Vision_Arena_2025/src/player_pkg/install/player_pkg/share/player_pkg/environment/path.sh
[7.277s] -- Installing: /home/jiangping/Vision_Arena_2025/src/player_pkg/install/player_pkg/share/player_pkg/environment/path.dsv
[7.277s] -- Up-to-date: /home/jiangping/Vision_Arena_2025/src/player_pkg/install/player_pkg/share/player_pkg/local_setup.bash
[7.277s] -- Up-to-date: /home/jiangping/Vision_Arena_2025/src/player_pkg/install/player_pkg/share/player_pkg/local_setup.sh
[7.277s] -- Up-to-date: /home/jiangping/Vision_Arena_2025/src/player_pkg/install/player_pkg/share/player_pkg/local_setup.zsh
[7.277s] -- Installing: /home/jiangping/Vision_Arena_2025/src/player_pkg/install/player_pkg/share/player_pkg/local_setup.dsv
[7.278s] -- Installing: /home/jiangping/Vision_Arena_2025/src/player_pkg/install/player_pkg/share/player_pkg/package.dsv
[7.278s] -- Up-to-date: /home/jiangping/Vision_Arena_2025/src/player_pkg/install/player_pkg/share/ament_index/resource_index/packages/player_pkg
[7.278s] -- Up-to-date: /home/jiangping/Vision_Arena_2025/src/player_pkg/install/player_pkg/share/player_pkg/cmake/player_pkgConfig.cmake
[7.278s] -- Up-to-date: /home/jiangping/Vision_Arena_2025/src/player_pkg/install/player_pkg/share/player_pkg/cmake/player_pkgConfig-version.cmake
[7.278s] -- Installing: /home/jiangping/Vision_Arena_2025/src/player_pkg/install/player_pkg/share/player_pkg/package.xml
[7.281s] Invoked command in '/home/jiangping/Vision_Arena_2025/src/player_pkg/build/player_pkg' returned '0': /usr/bin/cmake --install /home/jiangping/Vision_Arena_2025/src/player_pkg/build/player_pkg
