[0.011s] Invoking command in '/home/jiangping/VisionArena/detector/build/sphere_detect': CMAKE_PREFIX_PATH=/opt/ros/humble /usr/bin/cmake /home/jiangping/VisionArena/detector -DCMAKE_INSTALL_PREFIX=/home/jiangping/VisionArena/detector/install/sphere_detect
[0.021s] -- Found ament_cmake: 1.3.12 (/opt/ros/humble/share/ament_cmake/cmake)
[0.104s] -- Found sensor_msgs: 4.9.0 (/opt/ros/humble/share/sensor_msgs/cmake)
[0.120s] -- Found rosidl_generator_c: 3.1.7 (/opt/ros/humble/share/rosidl_generator_c/cmake)
[0.122s] -- Found rosidl_adapter: 3.1.7 (/opt/ros/humble/share/rosidl_adapter/cmake)
[0.126s] -- Found rosidl_generator_cpp: 3.1.7 (/opt/ros/humble/share/rosidl_generator_cpp/cmake)
[0.132s] -- Using all available rosidl_typesupport_c: rosidl_typesupport_fastrtps_c;rosidl_typesupport_introspection_c
[0.140s] -- Using all available rosidl_typesupport_cpp: rosidl_typesupport_fastrtps_cpp;rosidl_typesupport_introspection_cpp
[0.172s] -- Found rclcpp: 16.0.15 (/opt/ros/humble/share/rclcpp/cmake)
[0.188s] -- Found rmw_implementation_cmake: 6.1.2 (/opt/ros/humble/share/rmw_implementation_cmake/cmake)
[0.189s] -- Found rmw_fastrtps_cpp: 6.2.8 (/opt/ros/humble/share/rmw_fastrtps_cpp/cmake)
[0.267s] -- Using RMW implementation 'rmw_fastrtps_cpp' as default
[0.291s] -- Found cv_bridge: 3.2.1 (/opt/ros/humble/share/cv_bridge/cmake)
[0.295s] -- Found image_transport: 3.1.12 (/opt/ros/humble/share/image_transport/cmake)
[0.311s] -- Configuring incomplete, errors occurred!
[0.311s] See also "/home/jiangping/VisionArena/detector/build/sphere_detect/CMakeFiles/CMakeOutput.log".
[0.312s] [31mCMake Error at CMakeLists.txt:17 (target_link_libraries):
[0.312s]   Cannot specify link libraries for target "detect" which is not built by
[0.312s]   this project.
[0.312s] 
[0.312s] [0m
[0.320s] Invoked command in '/home/jiangping/VisionArena/detector/build/sphere_detect' returned '1': CMAKE_PREFIX_PATH=/opt/ros/humble /usr/bin/cmake /home/jiangping/VisionArena/detector -DCMAKE_INSTALL_PREFIX=/home/jiangping/VisionArena/detector/install/sphere_detect
