[0.124s] DEBUG:colcon:Command line arguments: ['/usr/bin/colcon', 'build']
[0.125s] DEBUG:colcon:Parsed command line arguments: Namespace(log_base=None, log_level=None, verb_name='build', build_base='build', install_base='install', merge_install=False, symlink_install=False, test_result_base=None, continue_on_error=False, executor='parallel', parallel_workers=8, event_handlers=None, ignore_user_meta=False, metas=['./colcon.meta'], base_paths=['.'], packages_ignore=None, packages_ignore_regex=None, paths=None, packages_up_to=None, packages_up_to_regex=None, packages_above=None, packages_above_and_dependencies=None, packages_above_depth=None, packages_select_by_dep=None, packages_skip_by_dep=None, packages_skip_up_to=None, packages_select_build_failed=False, packages_skip_build_finished=False, packages_select_test_failures=False, packages_skip_test_passed=False, packages_select=None, packages_skip=None, packages_select_regex=None, packages_skip_regex=None, packages_start=None, packages_end=None, allow_overriding=[], cmake_args=None, cmake_target=None, cmake_target_skip_unavailable=False, cmake_clean_cache=False, cmake_clean_first=False, cmake_force_configure=False, ament_cmake_args=None, catkin_cmake_args=None, catkin_skip_building_tests=False, verb_parser=<colcon_defaults.argument_parser.defaults.DefaultArgumentsDecorator object at 0x7c7e1e9d4070>, verb_extension=<colcon_core.verb.build.BuildVerb object at 0x7c7e1eb613f0>, main=<bound method BuildVerb.main of <colcon_core.verb.build.BuildVerb object at 0x7c7e1eb613f0>>)
[0.229s] Level 1:colcon.colcon_core.package_discovery:discover_packages(colcon_meta) check parameters
[0.229s] Level 1:colcon.colcon_core.package_discovery:discover_packages(recursive) check parameters
[0.229s] Level 1:colcon.colcon_core.package_discovery:discover_packages(ignore) check parameters
[0.229s] Level 1:colcon.colcon_core.package_discovery:discover_packages(path) check parameters
[0.229s] Level 1:colcon.colcon_core.package_discovery:discover_packages(colcon_meta) discover
[0.229s] Level 1:colcon.colcon_core.package_discovery:discover_packages(recursive) discover
[0.229s] INFO:colcon.colcon_core.package_discovery:Crawling recursively for packages in '/home/jiangping/VisionArena/detector'
[0.229s] Level 1:colcon.colcon_core.package_identification:_identify(.) by extensions ['ignore', 'ignore_ament_install']
[0.229s] Level 1:colcon.colcon_core.package_identification:_identify(.) by extension 'ignore'
[0.229s] Level 1:colcon.colcon_core.package_identification:_identify(.) by extension 'ignore_ament_install'
[0.229s] Level 1:colcon.colcon_core.package_identification:_identify(.) by extensions ['colcon_pkg']
[0.229s] Level 1:colcon.colcon_core.package_identification:_identify(.) by extension 'colcon_pkg'
[0.229s] Level 1:colcon.colcon_core.package_identification:_identify(.) by extensions ['colcon_meta']
[0.229s] Level 1:colcon.colcon_core.package_identification:_identify(.) by extension 'colcon_meta'
[0.230s] Level 1:colcon.colcon_core.package_identification:_identify(.) by extensions ['ros']
[0.230s] Level 1:colcon.colcon_core.package_identification:_identify(.) by extension 'ros'
[0.245s] DEBUG:colcon.colcon_core.package_identification:Package '.' with type 'ros.ament_cmake' and name 'sphere_detect'
[0.245s] Level 1:colcon.colcon_core.package_discovery:discover_packages(recursive) using defaults
[0.245s] Level 1:colcon.colcon_core.package_discovery:discover_packages(ignore) discover
[0.245s] Level 1:colcon.colcon_core.package_discovery:discover_packages(ignore) using defaults
[0.245s] Level 1:colcon.colcon_core.package_discovery:discover_packages(path) discover
[0.245s] Level 1:colcon.colcon_core.package_discovery:discover_packages(path) using defaults
[0.258s] Level 1:colcon.colcon_core.package_discovery:discover_packages(prefix_path) check parameters
[0.258s] Level 1:colcon.colcon_core.package_discovery:discover_packages(prefix_path) discover
[0.271s] DEBUG:colcon.colcon_installed_package_information.package_discovery:Found 1 installed packages in /home/jiangping/VisionArena/detector/install
[0.272s] DEBUG:colcon.colcon_installed_package_information.package_discovery:Found 317 installed packages in /opt/ros/humble
[0.273s] Level 1:colcon.colcon_core.package_discovery:discover_packages(prefix_path) using defaults
[0.302s] Level 5:colcon.colcon_core.verb:set package 'sphere_detect' build argument 'cmake_args' from command line to 'None'
[0.302s] Level 5:colcon.colcon_core.verb:set package 'sphere_detect' build argument 'cmake_target' from command line to 'None'
[0.302s] Level 5:colcon.colcon_core.verb:set package 'sphere_detect' build argument 'cmake_target_skip_unavailable' from command line to 'False'
[0.302s] Level 5:colcon.colcon_core.verb:set package 'sphere_detect' build argument 'cmake_clean_cache' from command line to 'False'
[0.302s] Level 5:colcon.colcon_core.verb:set package 'sphere_detect' build argument 'cmake_clean_first' from command line to 'False'
[0.302s] Level 5:colcon.colcon_core.verb:set package 'sphere_detect' build argument 'cmake_force_configure' from command line to 'False'
[0.302s] Level 5:colcon.colcon_core.verb:set package 'sphere_detect' build argument 'ament_cmake_args' from command line to 'None'
[0.302s] Level 5:colcon.colcon_core.verb:set package 'sphere_detect' build argument 'catkin_cmake_args' from command line to 'None'
[0.302s] Level 5:colcon.colcon_core.verb:set package 'sphere_detect' build argument 'catkin_skip_building_tests' from command line to 'False'
[0.302s] DEBUG:colcon.colcon_core.verb:Building package 'sphere_detect' with the following arguments: {'ament_cmake_args': None, 'build_base': '/home/jiangping/VisionArena/detector/build/sphere_detect', 'catkin_cmake_args': None, 'catkin_skip_building_tests': False, 'cmake_args': None, 'cmake_clean_cache': False, 'cmake_clean_first': False, 'cmake_force_configure': False, 'cmake_target': None, 'cmake_target_skip_unavailable': False, 'install_base': '/home/jiangping/VisionArena/detector/install/sphere_detect', 'merge_install': False, 'path': '/home/jiangping/VisionArena/detector', 'symlink_install': False, 'test_result_base': None}
[0.302s] INFO:colcon.colcon_core.executor:Executing jobs using 'parallel' executor
[0.307s] DEBUG:colcon.colcon_parallel_executor.executor.parallel:run_until_complete
[0.307s] INFO:colcon.colcon_ros.task.ament_cmake.build:Building ROS package in '/home/jiangping/VisionArena/detector' with build type 'ament_cmake'
[0.307s] INFO:colcon.colcon_cmake.task.cmake.build:Building CMake package in '/home/jiangping/VisionArena/detector'
[0.314s] INFO:colcon.colcon_core.plugin_system:Skipping extension 'colcon_core.shell.bat': Not used on non-Windows systems
[0.314s] INFO:colcon.colcon_core.shell:Skip shell extension 'powershell' for command environment: Not usable outside of PowerShell
[0.314s] DEBUG:colcon.colcon_core.shell:Skip shell extension 'dsv' for command environment
[0.328s] DEBUG:colcon.colcon_core.event_handler.log_command:Invoking command in '/home/jiangping/VisionArena/detector/build/sphere_detect': CMAKE_PREFIX_PATH=${CMAKE_PREFIX_PATH}:/opt/ros/humble /usr/bin/cmake --build /home/jiangping/VisionArena/detector/build/sphere_detect -- -j8 -l8
[4.806s] DEBUG:colcon.colcon_core.event_handler.log_command:Invoked command in '/home/jiangping/VisionArena/detector/build/sphere_detect' returned '0': CMAKE_PREFIX_PATH=${CMAKE_PREFIX_PATH}:/opt/ros/humble /usr/bin/cmake --build /home/jiangping/VisionArena/detector/build/sphere_detect -- -j8 -l8
[4.817s] DEBUG:colcon.colcon_core.event_handler.log_command:Invoking command in '/home/jiangping/VisionArena/detector/build/sphere_detect': CMAKE_PREFIX_PATH=${CMAKE_PREFIX_PATH}:/opt/ros/humble /usr/bin/cmake --install /home/jiangping/VisionArena/detector/build/sphere_detect
[4.830s] Level 1:colcon.colcon_core.environment:create_environment_scripts_only(sphere_detect)
[4.832s] DEBUG:colcon.colcon_core.event_handler.log_command:Invoked command in '/home/jiangping/VisionArena/detector/build/sphere_detect' returned '0': CMAKE_PREFIX_PATH=${CMAKE_PREFIX_PATH}:/opt/ros/humble /usr/bin/cmake --install /home/jiangping/VisionArena/detector/build/sphere_detect
[4.839s] Level 1:colcon.colcon_core.environment:checking '/home/jiangping/VisionArena/detector/install/sphere_detect' for CMake module files
[4.840s] Level 1:colcon.colcon_core.environment:checking '/home/jiangping/VisionArena/detector/install/sphere_detect' for CMake config files
[4.840s] Level 1:colcon.colcon_core.shell:create_environment_hook('sphere_detect', 'cmake_prefix_path')
[4.840s] INFO:colcon.colcon_core.shell:Creating environment hook '/home/jiangping/VisionArena/detector/install/sphere_detect/share/sphere_detect/hook/cmake_prefix_path.ps1'
[4.842s] INFO:colcon.colcon_core.shell:Creating environment descriptor '/home/jiangping/VisionArena/detector/install/sphere_detect/share/sphere_detect/hook/cmake_prefix_path.dsv'
[4.843s] INFO:colcon.colcon_core.shell:Creating environment hook '/home/jiangping/VisionArena/detector/install/sphere_detect/share/sphere_detect/hook/cmake_prefix_path.sh'
[4.845s] Level 1:colcon.colcon_core.environment:checking '/home/jiangping/VisionArena/detector/install/sphere_detect/lib'
[4.845s] Level 1:colcon.colcon_core.environment:checking '/home/jiangping/VisionArena/detector/install/sphere_detect/bin'
[4.845s] Level 1:colcon.colcon_core.environment:checking '/home/jiangping/VisionArena/detector/install/sphere_detect/lib/pkgconfig/sphere_detect.pc'
[4.845s] Level 1:colcon.colcon_core.environment:checking '/home/jiangping/VisionArena/detector/install/sphere_detect/lib/python3.10/site-packages'
[4.845s] Level 1:colcon.colcon_core.environment:checking '/home/jiangping/VisionArena/detector/install/sphere_detect/bin'
[4.845s] INFO:colcon.colcon_core.shell:Creating package script '/home/jiangping/VisionArena/detector/install/sphere_detect/share/sphere_detect/package.ps1'
[4.846s] INFO:colcon.colcon_core.shell:Creating package descriptor '/home/jiangping/VisionArena/detector/install/sphere_detect/share/sphere_detect/package.dsv'
[4.848s] INFO:colcon.colcon_core.shell:Creating package script '/home/jiangping/VisionArena/detector/install/sphere_detect/share/sphere_detect/package.sh'
[4.848s] INFO:colcon.colcon_core.shell:Creating package script '/home/jiangping/VisionArena/detector/install/sphere_detect/share/sphere_detect/package.bash'
[4.850s] INFO:colcon.colcon_core.shell:Creating package script '/home/jiangping/VisionArena/detector/install/sphere_detect/share/sphere_detect/package.zsh'
[4.852s] Level 1:colcon.colcon_core.environment:create_file_with_runtime_dependencies(/home/jiangping/VisionArena/detector/install/sphere_detect/share/colcon-core/packages/sphere_detect)
[4.852s] Level 1:colcon.colcon_core.environment:create_environment_scripts_only(sphere_detect)
[4.852s] Level 1:colcon.colcon_core.environment:checking '/home/jiangping/VisionArena/detector/install/sphere_detect' for CMake module files
[4.853s] Level 1:colcon.colcon_core.environment:checking '/home/jiangping/VisionArena/detector/install/sphere_detect' for CMake config files
[4.853s] Level 1:colcon.colcon_core.shell:create_environment_hook('sphere_detect', 'cmake_prefix_path')
[4.853s] INFO:colcon.colcon_core.shell:Creating environment hook '/home/jiangping/VisionArena/detector/install/sphere_detect/share/sphere_detect/hook/cmake_prefix_path.ps1'
[4.854s] INFO:colcon.colcon_core.shell:Creating environment descriptor '/home/jiangping/VisionArena/detector/install/sphere_detect/share/sphere_detect/hook/cmake_prefix_path.dsv'
[4.854s] INFO:colcon.colcon_core.shell:Creating environment hook '/home/jiangping/VisionArena/detector/install/sphere_detect/share/sphere_detect/hook/cmake_prefix_path.sh'
[4.855s] Level 1:colcon.colcon_core.environment:checking '/home/jiangping/VisionArena/detector/install/sphere_detect/lib'
[4.855s] Level 1:colcon.colcon_core.environment:checking '/home/jiangping/VisionArena/detector/install/sphere_detect/bin'
[4.855s] Level 1:colcon.colcon_core.environment:checking '/home/jiangping/VisionArena/detector/install/sphere_detect/lib/pkgconfig/sphere_detect.pc'
[4.855s] Level 1:colcon.colcon_core.environment:checking '/home/jiangping/VisionArena/detector/install/sphere_detect/lib/python3.10/site-packages'
[4.855s] Level 1:colcon.colcon_core.environment:checking '/home/jiangping/VisionArena/detector/install/sphere_detect/bin'
[4.855s] INFO:colcon.colcon_core.shell:Creating package script '/home/jiangping/VisionArena/detector/install/sphere_detect/share/sphere_detect/package.ps1'
[4.855s] INFO:colcon.colcon_core.shell:Creating package descriptor '/home/jiangping/VisionArena/detector/install/sphere_detect/share/sphere_detect/package.dsv'
[4.856s] INFO:colcon.colcon_core.shell:Creating package script '/home/jiangping/VisionArena/detector/install/sphere_detect/share/sphere_detect/package.sh'
[4.857s] INFO:colcon.colcon_core.shell:Creating package script '/home/jiangping/VisionArena/detector/install/sphere_detect/share/sphere_detect/package.bash'
[4.857s] INFO:colcon.colcon_core.shell:Creating package script '/home/jiangping/VisionArena/detector/install/sphere_detect/share/sphere_detect/package.zsh'
[4.858s] Level 1:colcon.colcon_core.environment:create_file_with_runtime_dependencies(/home/jiangping/VisionArena/detector/install/sphere_detect/share/colcon-core/packages/sphere_detect)
[4.858s] DEBUG:colcon.colcon_parallel_executor.executor.parallel:closing loop
[4.859s] DEBUG:colcon.colcon_parallel_executor.executor.parallel:loop closed
[4.859s] DEBUG:colcon.colcon_parallel_executor.executor.parallel:run_until_complete finished with '0'
[4.859s] DEBUG:colcon.colcon_core.event_reactor:joining thread
[4.872s] INFO:colcon.colcon_core.plugin_system:Skipping extension 'colcon_notification.desktop_notification.terminal_notifier': Not used on non-Darwin systems
[4.872s] INFO:colcon.colcon_core.plugin_system:Skipping extension 'colcon_notification.desktop_notification.win32': Not used on non-Windows systems
[4.873s] INFO:colcon.colcon_notification.desktop_notification:Sending desktop notification using 'notify2'
[4.885s] DEBUG:colcon.colcon_core.event_reactor:joined thread
[4.886s] INFO:colcon.colcon_core.shell:Creating prefix script '/home/jiangping/VisionArena/detector/install/local_setup.ps1'
[4.888s] INFO:colcon.colcon_core.shell:Creating prefix util module '/home/jiangping/VisionArena/detector/install/_local_setup_util_ps1.py'
[4.890s] INFO:colcon.colcon_core.shell:Creating prefix chain script '/home/jiangping/VisionArena/detector/install/setup.ps1'
[4.891s] INFO:colcon.colcon_core.shell:Creating prefix script '/home/jiangping/VisionArena/detector/install/local_setup.sh'
[4.893s] INFO:colcon.colcon_core.shell:Creating prefix util module '/home/jiangping/VisionArena/detector/install/_local_setup_util_sh.py'
[4.893s] INFO:colcon.colcon_core.shell:Creating prefix chain script '/home/jiangping/VisionArena/detector/install/setup.sh'
[4.895s] INFO:colcon.colcon_core.shell:Creating prefix script '/home/jiangping/VisionArena/detector/install/local_setup.bash'
[4.897s] INFO:colcon.colcon_core.shell:Creating prefix chain script '/home/jiangping/VisionArena/detector/install/setup.bash'
[4.898s] INFO:colcon.colcon_core.shell:Creating prefix script '/home/jiangping/VisionArena/detector/install/local_setup.zsh'
[4.900s] INFO:colcon.colcon_core.shell:Creating prefix chain script '/home/jiangping/VisionArena/detector/install/setup.zsh'
