-- Found ament_cmake: 1.3.12 (/opt/ros/humble/share/ament_cmake/cmake)
-- Found rclcpp: 16.0.15 (/opt/ros/humble/share/rclcpp/cmake)
-- Found rosidl_generator_c: 3.1.7 (/opt/ros/humble/share/rosidl_generator_c/cmake)
-- Found rosidl_adapter: 3.1.7 (/opt/ros/humble/share/rosidl_adapter/cmake)
-- Found rosidl_generator_cpp: 3.1.7 (/opt/ros/humble/share/rosidl_generator_cpp/cmake)
-- Using all available rosidl_typesupport_c: rosidl_typesupport_fastrtps_c;rosidl_typesupport_introspection_c
-- Using all available rosidl_typesupport_cpp: rosidl_typesupport_fastrtps_cpp;rosidl_typesupport_introspection_cpp
-- Found rmw_implementation_cmake: 6.1.2 (/opt/ros/humble/share/rmw_implementation_cmake/cmake)
-- Found rmw_fastrtps_cpp: 6.2.8 (/opt/ros/humble/share/rmw_fastrtps_cpp/cmake)
-- Using RMW implementation 'rmw_fastrtps_cpp' as default
-- Found gazebo_msgs: 3.9.0 (/opt/ros/humble/share/gazebo_msgs/cmake)
-- Found pose_msg: 0.0.0 (/home/jiangping/Vision_Arena_2025/install/pose_msg/share/pose_msg/cmake)
-- Found cv_bridge: 3.2.1 (/opt/ros/humble/share/cv_bridge/cmake)
-- Found referee_pkg: 0.0.0 (/home/jiangping/Vision_Arena_2025/install/referee_pkg/share/referee_pkg/cmake)
-- Configuring incomplete, errors occurred!
See also "/home/jiangping/Vision_Arena_2025/src/player_pkg/build/player_pkg/CMakeFiles/CMakeOutput.log".
[31mCMake Error at CMakeLists.txt:18 (find_package):
  By not providing "Findlibtorch.cmake" in CMAKE_MODULE_PATH this project has
  asked CMake to find a package configuration file provided by "libtorch",
  but CMake did not find one.

  Could not find a package configuration file provided by "libtorch" with any
  of the following names:

    libtorchConfig.cmake
    libtorch-config.cmake

  Add the installation prefix of "libtorch" to CMAKE_PREFIX_PATH or set
  "libtorch_DIR" to a directory containing one of the above files.  If
  "libtorch" provides a separate development package or SDK, be sure it has
  been installed.

[0m
gmake: *** [Makefile:267: cmake_check_build_system] Error 1
