[0.199s] DEBUG:colcon:Command line arguments: ['/usr/bin/colcon', 'build']
[0.199s] DEBUG:colcon:Parsed command line arguments: Namespace(log_base=None, log_level=None, verb_name='build', build_base='build', install_base='install', merge_install=False, symlink_install=False, test_result_base=None, continue_on_error=False, executor='parallel', parallel_workers=8, event_handlers=None, ignore_user_meta=False, metas=['./colcon.meta'], base_paths=['.'], packages_ignore=None, packages_ignore_regex=None, paths=None, packages_up_to=None, packages_up_to_regex=None, packages_above=None, packages_above_and_dependencies=None, packages_above_depth=None, packages_select_by_dep=None, packages_skip_by_dep=None, packages_skip_up_to=None, packages_select_build_failed=False, packages_skip_build_finished=False, packages_select_test_failures=False, packages_skip_test_passed=False, packages_select=None, packages_skip=None, packages_select_regex=None, packages_skip_regex=None, packages_start=None, packages_end=None, allow_overriding=[], cmake_args=None, cmake_target=None, cmake_target_skip_unavailable=False, cmake_clean_cache=False, cmake_clean_first=False, cmake_force_configure=False, ament_cmake_args=None, catkin_cmake_args=None, catkin_skip_building_tests=False, verb_parser=<colcon_defaults.argument_parser.defaults.DefaultArgumentsDecorator object at 0x7a94cba74100>, verb_extension=<colcon_core.verb.build.BuildVerb object at 0x7a94cbb79480>, main=<bound method BuildVerb.main of <colcon_core.verb.build.BuildVerb object at 0x7a94cbb79480>>)
[0.529s] Level 1:colcon.colcon_core.package_discovery:discover_packages(colcon_meta) check parameters
[0.529s] Level 1:colcon.colcon_core.package_discovery:discover_packages(recursive) check parameters
[0.529s] Level 1:colcon.colcon_core.package_discovery:discover_packages(ignore) check parameters
[0.529s] Level 1:colcon.colcon_core.package_discovery:discover_packages(path) check parameters
[0.529s] Level 1:colcon.colcon_core.package_discovery:discover_packages(colcon_meta) discover
[0.529s] Level 1:colcon.colcon_core.package_discovery:discover_packages(recursive) discover
[0.529s] INFO:colcon.colcon_core.package_discovery:Crawling recursively for packages in '/home/jiangping/Vision_Arena_2025/src'
[0.529s] Level 1:colcon.colcon_core.package_identification:_identify(.) by extensions ['ignore', 'ignore_ament_install']
[0.529s] Level 1:colcon.colcon_core.package_identification:_identify(.) by extension 'ignore'
[0.529s] Level 1:colcon.colcon_core.package_identification:_identify(.) by extension 'ignore_ament_install'
[0.529s] Level 1:colcon.colcon_core.package_identification:_identify(.) by extensions ['colcon_pkg']
[0.529s] Level 1:colcon.colcon_core.package_identification:_identify(.) by extension 'colcon_pkg'
[0.529s] Level 1:colcon.colcon_core.package_identification:_identify(.) by extensions ['colcon_meta']
[0.529s] Level 1:colcon.colcon_core.package_identification:_identify(.) by extension 'colcon_meta'
[0.529s] Level 1:colcon.colcon_core.package_identification:_identify(.) by extensions ['ros']
[0.529s] Level 1:colcon.colcon_core.package_identification:_identify(.) by extension 'ros'
[0.540s] Level 1:colcon.colcon_core.package_identification:_identify(.) by extensions ['cmake', 'python']
[0.540s] Level 1:colcon.colcon_core.package_identification:_identify(.) by extension 'cmake'
[0.540s] Level 1:colcon.colcon_core.package_identification:_identify(.) by extension 'python'
[0.540s] Level 1:colcon.colcon_core.package_identification:_identify(.) by extensions ['python_setup_py']
[0.540s] Level 1:colcon.colcon_core.package_identification:_identify(.) by extension 'python_setup_py'
[0.541s] Level 1:colcon.colcon_core.package_identification:_identify(build) by extensions ['ignore', 'ignore_ament_install']
[0.541s] Level 1:colcon.colcon_core.package_identification:_identify(build) by extension 'ignore'
[0.541s] Level 1:colcon.colcon_core.package_identification:_identify(build) ignored
[0.541s] Level 1:colcon.colcon_core.package_identification:_identify(install) by extensions ['ignore', 'ignore_ament_install']
[0.541s] Level 1:colcon.colcon_core.package_identification:_identify(install) by extension 'ignore'
[0.541s] Level 1:colcon.colcon_core.package_identification:_identify(install) ignored
[0.541s] Level 1:colcon.colcon_core.package_identification:_identify(log) by extensions ['ignore', 'ignore_ament_install']
[0.541s] Level 1:colcon.colcon_core.package_identification:_identify(log) by extension 'ignore'
[0.541s] Level 1:colcon.colcon_core.package_identification:_identify(log) ignored
[0.541s] Level 1:colcon.colcon_core.package_identification:_identify(player_pkg) by extensions ['ignore', 'ignore_ament_install']
[0.541s] Level 1:colcon.colcon_core.package_identification:_identify(player_pkg) by extension 'ignore'
[0.541s] Level 1:colcon.colcon_core.package_identification:_identify(player_pkg) by extension 'ignore_ament_install'
[0.541s] Level 1:colcon.colcon_core.package_identification:_identify(player_pkg) by extensions ['colcon_pkg']
[0.541s] Level 1:colcon.colcon_core.package_identification:_identify(player_pkg) by extension 'colcon_pkg'
[0.541s] Level 1:colcon.colcon_core.package_identification:_identify(player_pkg) by extensions ['colcon_meta']
[0.541s] Level 1:colcon.colcon_core.package_identification:_identify(player_pkg) by extension 'colcon_meta'
[0.541s] Level 1:colcon.colcon_core.package_identification:_identify(player_pkg) by extensions ['ros']
[0.541s] Level 1:colcon.colcon_core.package_identification:_identify(player_pkg) by extension 'ros'
[0.545s] DEBUG:colcon.colcon_core.package_identification:Package 'player_pkg' with type 'ros.ament_cmake' and name 'player_pkg'
[0.545s] Level 1:colcon.colcon_core.package_identification:_identify(target_model_pkg) by extensions ['ignore', 'ignore_ament_install']
[0.545s] Level 1:colcon.colcon_core.package_identification:_identify(target_model_pkg) by extension 'ignore'
[0.545s] Level 1:colcon.colcon_core.package_identification:_identify(target_model_pkg) by extension 'ignore_ament_install'
[0.545s] Level 1:colcon.colcon_core.package_identification:_identify(target_model_pkg) by extensions ['colcon_pkg']
[0.545s] Level 1:colcon.colcon_core.package_identification:_identify(target_model_pkg) by extension 'colcon_pkg'
[0.545s] Level 1:colcon.colcon_core.package_identification:_identify(target_model_pkg) by extensions ['colcon_meta']
[0.545s] Level 1:colcon.colcon_core.package_identification:_identify(target_model_pkg) by extension 'colcon_meta'
[0.545s] Level 1:colcon.colcon_core.package_identification:_identify(target_model_pkg) by extensions ['ros']
[0.545s] Level 1:colcon.colcon_core.package_identification:_identify(target_model_pkg) by extension 'ros'
[0.545s] Level 1:colcon.colcon_core.package_identification:_identify(target_model_pkg) by extensions ['cmake', 'python']
[0.545s] Level 1:colcon.colcon_core.package_identification:_identify(target_model_pkg) by extension 'cmake'
[0.545s] Level 1:colcon.colcon_core.package_identification:_identify(target_model_pkg) by extension 'python'
[0.545s] Level 1:colcon.colcon_core.package_identification:_identify(target_model_pkg) by extensions ['python_setup_py']
[0.545s] Level 1:colcon.colcon_core.package_identification:_identify(target_model_pkg) by extension 'python_setup_py'
[0.545s] Level 1:colcon.colcon_core.package_identification:_identify(target_model_pkg/urdf) by extensions ['ignore', 'ignore_ament_install']
[0.545s] Level 1:colcon.colcon_core.package_identification:_identify(target_model_pkg/urdf) by extension 'ignore'
[0.545s] Level 1:colcon.colcon_core.package_identification:_identify(target_model_pkg/urdf) by extension 'ignore_ament_install'
[0.545s] Level 1:colcon.colcon_core.package_identification:_identify(target_model_pkg/urdf) by extensions ['colcon_pkg']
[0.545s] Level 1:colcon.colcon_core.package_identification:_identify(target_model_pkg/urdf) by extension 'colcon_pkg'
[0.545s] Level 1:colcon.colcon_core.package_identification:_identify(target_model_pkg/urdf) by extensions ['colcon_meta']
[0.545s] Level 1:colcon.colcon_core.package_identification:_identify(target_model_pkg/urdf) by extension 'colcon_meta'
[0.545s] Level 1:colcon.colcon_core.package_identification:_identify(target_model_pkg/urdf) by extensions ['ros']
[0.545s] Level 1:colcon.colcon_core.package_identification:_identify(target_model_pkg/urdf) by extension 'ros'
[0.545s] Level 1:colcon.colcon_core.package_identification:_identify(target_model_pkg/urdf) by extensions ['cmake', 'python']
[0.545s] Level 1:colcon.colcon_core.package_identification:_identify(target_model_pkg/urdf) by extension 'cmake'
[0.545s] Level 1:colcon.colcon_core.package_identification:_identify(target_model_pkg/urdf) by extension 'python'
[0.545s] Level 1:colcon.colcon_core.package_identification:_identify(target_model_pkg/urdf) by extensions ['python_setup_py']
[0.545s] Level 1:colcon.colcon_core.package_identification:_identify(target_model_pkg/urdf) by extension 'python_setup_py'
[0.545s] Level 1:colcon.colcon_core.package_identification:_identify(target_model_pkg/urdf/armor) by extensions ['ignore', 'ignore_ament_install']
[0.545s] Level 1:colcon.colcon_core.package_identification:_identify(target_model_pkg/urdf/armor) by extension 'ignore'
[0.545s] Level 1:colcon.colcon_core.package_identification:_identify(target_model_pkg/urdf/armor) by extension 'ignore_ament_install'
[0.545s] Level 1:colcon.colcon_core.package_identification:_identify(target_model_pkg/urdf/armor) by extensions ['colcon_pkg']
[0.545s] Level 1:colcon.colcon_core.package_identification:_identify(target_model_pkg/urdf/armor) by extension 'colcon_pkg'
[0.546s] Level 1:colcon.colcon_core.package_identification:_identify(target_model_pkg/urdf/armor) by extensions ['colcon_meta']
[0.546s] Level 1:colcon.colcon_core.package_identification:_identify(target_model_pkg/urdf/armor) by extension 'colcon_meta'
[0.546s] Level 1:colcon.colcon_core.package_identification:_identify(target_model_pkg/urdf/armor) by extensions ['ros']
[0.546s] Level 1:colcon.colcon_core.package_identification:_identify(target_model_pkg/urdf/armor) by extension 'ros'
[0.546s] Level 1:colcon.colcon_core.package_identification:_identify(target_model_pkg/urdf/armor) by extensions ['cmake', 'python']
[0.546s] Level 1:colcon.colcon_core.package_identification:_identify(target_model_pkg/urdf/armor) by extension 'cmake'
[0.546s] Level 1:colcon.colcon_core.package_identification:_identify(target_model_pkg/urdf/armor) by extension 'python'
[0.546s] Level 1:colcon.colcon_core.package_identification:_identify(target_model_pkg/urdf/armor) by extensions ['python_setup_py']
[0.546s] Level 1:colcon.colcon_core.package_identification:_identify(target_model_pkg/urdf/armor) by extension 'python_setup_py'
[0.546s] Level 1:colcon.colcon_core.package_identification:_identify(target_model_pkg/urdf/armor/meshes) by extensions ['ignore', 'ignore_ament_install']
[0.546s] Level 1:colcon.colcon_core.package_identification:_identify(target_model_pkg/urdf/armor/meshes) by extension 'ignore'
[0.546s] Level 1:colcon.colcon_core.package_identification:_identify(target_model_pkg/urdf/armor/meshes) by extension 'ignore_ament_install'
[0.546s] Level 1:colcon.colcon_core.package_identification:_identify(target_model_pkg/urdf/armor/meshes) by extensions ['colcon_pkg']
[0.546s] Level 1:colcon.colcon_core.package_identification:_identify(target_model_pkg/urdf/armor/meshes) by extension 'colcon_pkg'
[0.546s] Level 1:colcon.colcon_core.package_identification:_identify(target_model_pkg/urdf/armor/meshes) by extensions ['colcon_meta']
[0.546s] Level 1:colcon.colcon_core.package_identification:_identify(target_model_pkg/urdf/armor/meshes) by extension 'colcon_meta'
[0.546s] Level 1:colcon.colcon_core.package_identification:_identify(target_model_pkg/urdf/armor/meshes) by extensions ['ros']
[0.546s] Level 1:colcon.colcon_core.package_identification:_identify(target_model_pkg/urdf/armor/meshes) by extension 'ros'
[0.546s] Level 1:colcon.colcon_core.package_identification:_identify(target_model_pkg/urdf/armor/meshes) by extensions ['cmake', 'python']
[0.546s] Level 1:colcon.colcon_core.package_identification:_identify(target_model_pkg/urdf/armor/meshes) by extension 'cmake'
[0.546s] Level 1:colcon.colcon_core.package_identification:_identify(target_model_pkg/urdf/armor/meshes) by extension 'python'
[0.546s] Level 1:colcon.colcon_core.package_identification:_identify(target_model_pkg/urdf/armor/meshes) by extensions ['python_setup_py']
[0.546s] Level 1:colcon.colcon_core.package_identification:_identify(target_model_pkg/urdf/armor/meshes) by extension 'python_setup_py'
[0.546s] Level 1:colcon.colcon_core.package_identification:_identify(target_model_pkg/urdf/armor/textures) by extensions ['ignore', 'ignore_ament_install']
[0.546s] Level 1:colcon.colcon_core.package_identification:_identify(target_model_pkg/urdf/armor/textures) by extension 'ignore'
[0.546s] Level 1:colcon.colcon_core.package_identification:_identify(target_model_pkg/urdf/armor/textures) by extension 'ignore_ament_install'
[0.546s] Level 1:colcon.colcon_core.package_identification:_identify(target_model_pkg/urdf/armor/textures) by extensions ['colcon_pkg']
[0.546s] Level 1:colcon.colcon_core.package_identification:_identify(target_model_pkg/urdf/armor/textures) by extension 'colcon_pkg'
[0.546s] Level 1:colcon.colcon_core.package_identification:_identify(target_model_pkg/urdf/armor/textures) by extensions ['colcon_meta']
[0.546s] Level 1:colcon.colcon_core.package_identification:_identify(target_model_pkg/urdf/armor/textures) by extension 'colcon_meta'
[0.546s] Level 1:colcon.colcon_core.package_identification:_identify(target_model_pkg/urdf/armor/textures) by extensions ['ros']
[0.546s] Level 1:colcon.colcon_core.package_identification:_identify(target_model_pkg/urdf/armor/textures) by extension 'ros'
[0.546s] Level 1:colcon.colcon_core.package_identification:_identify(target_model_pkg/urdf/armor/textures) by extensions ['cmake', 'python']
[0.546s] Level 1:colcon.colcon_core.package_identification:_identify(target_model_pkg/urdf/armor/textures) by extension 'cmake'
[0.546s] Level 1:colcon.colcon_core.package_identification:_identify(target_model_pkg/urdf/armor/textures) by extension 'python'
[0.546s] Level 1:colcon.colcon_core.package_identification:_identify(target_model_pkg/urdf/armor/textures) by extensions ['python_setup_py']
[0.546s] Level 1:colcon.colcon_core.package_identification:_identify(target_model_pkg/urdf/armor/textures) by extension 'python_setup_py'
[0.546s] Level 1:colcon.colcon_core.package_identification:_identify(target_model_pkg/urdf/rectangle) by extensions ['ignore', 'ignore_ament_install']
[0.547s] Level 1:colcon.colcon_core.package_identification:_identify(target_model_pkg/urdf/rectangle) by extension 'ignore'
[0.547s] Level 1:colcon.colcon_core.package_identification:_identify(target_model_pkg/urdf/rectangle) by extension 'ignore_ament_install'
[0.547s] Level 1:colcon.colcon_core.package_identification:_identify(target_model_pkg/urdf/rectangle) by extensions ['colcon_pkg']
[0.547s] Level 1:colcon.colcon_core.package_identification:_identify(target_model_pkg/urdf/rectangle) by extension 'colcon_pkg'
[0.547s] Level 1:colcon.colcon_core.package_identification:_identify(target_model_pkg/urdf/rectangle) by extensions ['colcon_meta']
[0.547s] Level 1:colcon.colcon_core.package_identification:_identify(target_model_pkg/urdf/rectangle) by extension 'colcon_meta'
[0.547s] Level 1:colcon.colcon_core.package_identification:_identify(target_model_pkg/urdf/rectangle) by extensions ['ros']
[0.547s] Level 1:colcon.colcon_core.package_identification:_identify(target_model_pkg/urdf/rectangle) by extension 'ros'
[0.547s] Level 1:colcon.colcon_core.package_identification:_identify(target_model_pkg/urdf/rectangle) by extensions ['cmake', 'python']
[0.547s] Level 1:colcon.colcon_core.package_identification:_identify(target_model_pkg/urdf/rectangle) by extension 'cmake'
[0.547s] Level 1:colcon.colcon_core.package_identification:_identify(target_model_pkg/urdf/rectangle) by extension 'python'
[0.547s] Level 1:colcon.colcon_core.package_identification:_identify(target_model_pkg/urdf/rectangle) by extensions ['python_setup_py']
[0.547s] Level 1:colcon.colcon_core.package_identification:_identify(target_model_pkg/urdf/rectangle) by extension 'python_setup_py'
[0.547s] Level 1:colcon.colcon_core.package_identification:_identify(target_model_pkg/urdf/sphere) by extensions ['ignore', 'ignore_ament_install']
[0.547s] Level 1:colcon.colcon_core.package_identification:_identify(target_model_pkg/urdf/sphere) by extension 'ignore'
[0.547s] Level 1:colcon.colcon_core.package_identification:_identify(target_model_pkg/urdf/sphere) by extension 'ignore_ament_install'
[0.547s] Level 1:colcon.colcon_core.package_identification:_identify(target_model_pkg/urdf/sphere) by extensions ['colcon_pkg']
[0.547s] Level 1:colcon.colcon_core.package_identification:_identify(target_model_pkg/urdf/sphere) by extension 'colcon_pkg'
[0.547s] Level 1:colcon.colcon_core.package_identification:_identify(target_model_pkg/urdf/sphere) by extensions ['colcon_meta']
[0.547s] Level 1:colcon.colcon_core.package_identification:_identify(target_model_pkg/urdf/sphere) by extension 'colcon_meta'
[0.547s] Level 1:colcon.colcon_core.package_identification:_identify(target_model_pkg/urdf/sphere) by extensions ['ros']
[0.547s] Level 1:colcon.colcon_core.package_identification:_identify(target_model_pkg/urdf/sphere) by extension 'ros'
[0.547s] Level 1:colcon.colcon_core.package_identification:_identify(target_model_pkg/urdf/sphere) by extensions ['cmake', 'python']
[0.547s] Level 1:colcon.colcon_core.package_identification:_identify(target_model_pkg/urdf/sphere) by extension 'cmake'
[0.547s] Level 1:colcon.colcon_core.package_identification:_identify(target_model_pkg/urdf/sphere) by extension 'python'
[0.547s] Level 1:colcon.colcon_core.package_identification:_identify(target_model_pkg/urdf/sphere) by extensions ['python_setup_py']
[0.547s] Level 1:colcon.colcon_core.package_identification:_identify(target_model_pkg/urdf/sphere) by extension 'python_setup_py'
[0.547s] Level 1:colcon.colcon_core.package_discovery:discover_packages(recursive) using defaults
[0.547s] Level 1:colcon.colcon_core.package_discovery:discover_packages(ignore) discover
[0.547s] Level 1:colcon.colcon_core.package_discovery:discover_packages(ignore) using defaults
[0.547s] Level 1:colcon.colcon_core.package_discovery:discover_packages(path) discover
[0.547s] Level 1:colcon.colcon_core.package_discovery:discover_packages(path) using defaults
[0.574s] Level 1:colcon.colcon_core.package_discovery:discover_packages(prefix_path) check parameters
[0.574s] Level 1:colcon.colcon_core.package_discovery:discover_packages(prefix_path) discover
[0.586s] DEBUG:colcon.colcon_installed_package_information.package_discovery:Found 317 installed packages in /opt/ros/humble
[0.587s] Level 1:colcon.colcon_core.package_discovery:discover_packages(prefix_path) using defaults
[0.613s] Level 5:colcon.colcon_core.verb:set package 'player_pkg' build argument 'cmake_args' from command line to 'None'
[0.613s] Level 5:colcon.colcon_core.verb:set package 'player_pkg' build argument 'cmake_target' from command line to 'None'
[0.613s] Level 5:colcon.colcon_core.verb:set package 'player_pkg' build argument 'cmake_target_skip_unavailable' from command line to 'False'
[0.613s] Level 5:colcon.colcon_core.verb:set package 'player_pkg' build argument 'cmake_clean_cache' from command line to 'False'
[0.613s] Level 5:colcon.colcon_core.verb:set package 'player_pkg' build argument 'cmake_clean_first' from command line to 'False'
[0.613s] Level 5:colcon.colcon_core.verb:set package 'player_pkg' build argument 'cmake_force_configure' from command line to 'False'
[0.613s] Level 5:colcon.colcon_core.verb:set package 'player_pkg' build argument 'ament_cmake_args' from command line to 'None'
[0.613s] Level 5:colcon.colcon_core.verb:set package 'player_pkg' build argument 'catkin_cmake_args' from command line to 'None'
[0.613s] Level 5:colcon.colcon_core.verb:set package 'player_pkg' build argument 'catkin_skip_building_tests' from command line to 'False'
[0.613s] DEBUG:colcon.colcon_core.verb:Building package 'player_pkg' with the following arguments: {'ament_cmake_args': None, 'build_base': '/home/jiangping/Vision_Arena_2025/src/build/player_pkg', 'catkin_cmake_args': None, 'catkin_skip_building_tests': False, 'cmake_args': None, 'cmake_clean_cache': False, 'cmake_clean_first': False, 'cmake_force_configure': False, 'cmake_target': None, 'cmake_target_skip_unavailable': False, 'install_base': '/home/jiangping/Vision_Arena_2025/src/install/player_pkg', 'merge_install': False, 'path': '/home/jiangping/Vision_Arena_2025/src/player_pkg', 'symlink_install': False, 'test_result_base': None}
[0.613s] INFO:colcon.colcon_core.executor:Executing jobs using 'parallel' executor
[0.614s] DEBUG:colcon.colcon_parallel_executor.executor.parallel:run_until_complete
[0.614s] INFO:colcon.colcon_ros.task.ament_cmake.build:Building ROS package in '/home/jiangping/Vision_Arena_2025/src/player_pkg' with build type 'ament_cmake'
[0.614s] INFO:colcon.colcon_cmake.task.cmake.build:Building CMake package in '/home/jiangping/Vision_Arena_2025/src/player_pkg'
[0.624s] INFO:colcon.colcon_core.plugin_system:Skipping extension 'colcon_core.shell.bat': Not used on non-Windows systems
[0.624s] INFO:colcon.colcon_core.shell:Skip shell extension 'powershell' for command environment: Not usable outside of PowerShell
[0.624s] DEBUG:colcon.colcon_core.shell:Skip shell extension 'dsv' for command environment
[0.632s] DEBUG:colcon.colcon_core.event_handler.log_command:Invoking command in '/home/jiangping/Vision_Arena_2025/src/build/player_pkg': CMAKE_PREFIX_PATH=/opt/ros/humble /usr/bin/cmake /home/jiangping/Vision_Arena_2025/src/player_pkg -DCMAKE_INSTALL_PREFIX=/home/jiangping/Vision_Arena_2025/src/install/player_pkg
[2.243s] DEBUG:colcon.colcon_core.event_handler.log_command:Invoked command in '/home/jiangping/Vision_Arena_2025/src/build/player_pkg' returned '1': CMAKE_PREFIX_PATH=/opt/ros/humble /usr/bin/cmake /home/jiangping/Vision_Arena_2025/src/player_pkg -DCMAKE_INSTALL_PREFIX=/home/jiangping/Vision_Arena_2025/src/install/player_pkg
[2.255s] Level 1:colcon.colcon_core.environment:create_environment_scripts_only(player_pkg)
[2.265s] Level 1:colcon.colcon_core.environment:checking '/home/jiangping/Vision_Arena_2025/src/install/player_pkg' for CMake module files
[2.265s] Level 1:colcon.colcon_core.environment:checking '/home/jiangping/Vision_Arena_2025/src/install/player_pkg' for CMake config files
[2.265s] Level 1:colcon.colcon_core.environment:checking '/home/jiangping/Vision_Arena_2025/src/install/player_pkg/bin'
[2.265s] Level 1:colcon.colcon_core.environment:checking '/home/jiangping/Vision_Arena_2025/src/install/player_pkg/lib/pkgconfig/player_pkg.pc'
[2.265s] Level 1:colcon.colcon_core.environment:checking '/home/jiangping/Vision_Arena_2025/src/install/player_pkg/lib/python3.10/site-packages'
[2.265s] Level 1:colcon.colcon_core.environment:checking '/home/jiangping/Vision_Arena_2025/src/install/player_pkg/bin'
[2.265s] INFO:colcon.colcon_core.shell:Creating package script '/home/jiangping/Vision_Arena_2025/src/install/player_pkg/share/player_pkg/package.ps1'
[2.267s] INFO:colcon.colcon_core.shell:Creating package descriptor '/home/jiangping/Vision_Arena_2025/src/install/player_pkg/share/player_pkg/package.dsv'
[2.268s] INFO:colcon.colcon_core.shell:Creating package script '/home/jiangping/Vision_Arena_2025/src/install/player_pkg/share/player_pkg/package.sh'
[2.269s] INFO:colcon.colcon_core.shell:Creating package script '/home/jiangping/Vision_Arena_2025/src/install/player_pkg/share/player_pkg/package.bash'
[2.270s] INFO:colcon.colcon_core.shell:Creating package script '/home/jiangping/Vision_Arena_2025/src/install/player_pkg/share/player_pkg/package.zsh'
[2.271s] Level 1:colcon.colcon_core.environment:create_file_with_runtime_dependencies(/home/jiangping/Vision_Arena_2025/src/install/player_pkg/share/colcon-core/packages/player_pkg)
[2.282s] DEBUG:colcon.colcon_parallel_executor.executor.parallel:closing loop
[2.282s] DEBUG:colcon.colcon_parallel_executor.executor.parallel:loop closed
[2.282s] DEBUG:colcon.colcon_parallel_executor.executor.parallel:run_until_complete finished with '1'
[2.282s] DEBUG:colcon.colcon_core.event_reactor:joining thread
[2.295s] INFO:colcon.colcon_core.plugin_system:Skipping extension 'colcon_notification.desktop_notification.terminal_notifier': Not used on non-Darwin systems
[2.295s] INFO:colcon.colcon_core.plugin_system:Skipping extension 'colcon_notification.desktop_notification.win32': Not used on non-Windows systems
[2.295s] INFO:colcon.colcon_notification.desktop_notification:Sending desktop notification using 'notify2'
[2.387s] DEBUG:colcon.colcon_core.event_reactor:joined thread
[2.387s] INFO:colcon.colcon_core.shell:Creating prefix script '/home/jiangping/Vision_Arena_2025/src/install/local_setup.ps1'
[2.389s] INFO:colcon.colcon_core.shell:Creating prefix util module '/home/jiangping/Vision_Arena_2025/src/install/_local_setup_util_ps1.py'
[2.390s] INFO:colcon.colcon_core.shell:Creating prefix chain script '/home/jiangping/Vision_Arena_2025/src/install/setup.ps1'
[2.391s] INFO:colcon.colcon_core.shell:Creating prefix script '/home/jiangping/Vision_Arena_2025/src/install/local_setup.sh'
[2.392s] INFO:colcon.colcon_core.shell:Creating prefix util module '/home/jiangping/Vision_Arena_2025/src/install/_local_setup_util_sh.py'
[2.393s] INFO:colcon.colcon_core.shell:Creating prefix chain script '/home/jiangping/Vision_Arena_2025/src/install/setup.sh'
[2.394s] INFO:colcon.colcon_core.shell:Creating prefix script '/home/jiangping/Vision_Arena_2025/src/install/local_setup.bash'
[2.395s] INFO:colcon.colcon_core.shell:Creating prefix chain script '/home/jiangping/Vision_Arena_2025/src/install/setup.bash'
[2.396s] INFO:colcon.colcon_core.shell:Creating prefix script '/home/jiangping/Vision_Arena_2025/src/install/local_setup.zsh'
[2.397s] INFO:colcon.colcon_core.shell:Creating prefix chain script '/home/jiangping/Vision_Arena_2025/src/install/setup.zsh'
