[0.065s] DEBUG:colcon:Command line arguments: ['/usr/bin/colcon', 'build']
[0.065s] DEBUG:colcon:Parsed command line arguments: Namespace(log_base=None, log_level=None, verb_name='build', build_base='build', install_base='install', merge_install=False, symlink_install=False, test_result_base=None, continue_on_error=False, executor='parallel', parallel_workers=8, event_handlers=None, ignore_user_meta=False, metas=['./colcon.meta'], base_paths=['.'], packages_ignore=None, packages_ignore_regex=None, paths=None, packages_up_to=None, packages_up_to_regex=None, packages_above=None, packages_above_and_dependencies=None, packages_above_depth=None, packages_select_by_dep=None, packages_skip_by_dep=None, packages_skip_up_to=None, packages_select_build_failed=False, packages_skip_build_finished=False, packages_select_test_failures=False, packages_skip_test_passed=False, packages_select=None, packages_skip=None, packages_select_regex=None, packages_skip_regex=None, packages_start=None, packages_end=None, allow_overriding=[], cmake_args=None, cmake_target=None, cmake_target_skip_unavailable=False, cmake_clean_cache=False, cmake_clean_first=False, cmake_force_configure=False, ament_cmake_args=None, catkin_cmake_args=None, catkin_skip_building_tests=False, verb_parser=<colcon_defaults.argument_parser.defaults.DefaultArgumentsDecorator object at 0x7dd309a70100>, verb_extension=<colcon_core.verb.build.BuildVerb object at 0x7dd309b79480>, main=<bound method BuildVerb.main of <colcon_core.verb.build.BuildVerb object at 0x7dd309b79480>>)
[0.158s] Level 1:colcon.colcon_core.package_discovery:discover_packages(colcon_meta) check parameters
[0.158s] Level 1:colcon.colcon_core.package_discovery:discover_packages(recursive) check parameters
[0.158s] Level 1:colcon.colcon_core.package_discovery:discover_packages(ignore) check parameters
[0.158s] Level 1:colcon.colcon_core.package_discovery:discover_packages(path) check parameters
[0.158s] Level 1:colcon.colcon_core.package_discovery:discover_packages(colcon_meta) discover
[0.158s] Level 1:colcon.colcon_core.package_discovery:discover_packages(recursive) discover
[0.158s] INFO:colcon.colcon_core.package_discovery:Crawling recursively for packages in '/home/jiangping/Vision_Arena_2025/src/player_pkg'
[0.159s] Level 1:colcon.colcon_core.package_identification:_identify(.) by extensions ['ignore', 'ignore_ament_install']
[0.159s] Level 1:colcon.colcon_core.package_identification:_identify(.) by extension 'ignore'
[0.159s] Level 1:colcon.colcon_core.package_identification:_identify(.) by extension 'ignore_ament_install'
[0.159s] Level 1:colcon.colcon_core.package_identification:_identify(.) by extensions ['colcon_pkg']
[0.159s] Level 1:colcon.colcon_core.package_identification:_identify(.) by extension 'colcon_pkg'
[0.159s] Level 1:colcon.colcon_core.package_identification:_identify(.) by extensions ['colcon_meta']
[0.159s] Level 1:colcon.colcon_core.package_identification:_identify(.) by extension 'colcon_meta'
[0.159s] Level 1:colcon.colcon_core.package_identification:_identify(.) by extensions ['ros']
[0.159s] Level 1:colcon.colcon_core.package_identification:_identify(.) by extension 'ros'
[0.167s] DEBUG:colcon.colcon_core.package_identification:Package '.' with type 'ros.catkin' and name 'player_pkg'
[0.167s] Level 1:colcon.colcon_core.package_discovery:discover_packages(recursive) using defaults
[0.167s] Level 1:colcon.colcon_core.package_discovery:discover_packages(ignore) discover
[0.167s] Level 1:colcon.colcon_core.package_discovery:discover_packages(ignore) using defaults
[0.168s] Level 1:colcon.colcon_core.package_discovery:discover_packages(path) discover
[0.168s] Level 1:colcon.colcon_core.package_discovery:discover_packages(path) using defaults
[0.180s] Level 1:colcon.colcon_core.package_discovery:discover_packages(prefix_path) check parameters
[0.180s] Level 1:colcon.colcon_core.package_discovery:discover_packages(prefix_path) discover
[0.188s] DEBUG:colcon.colcon_installed_package_information.package_discovery:Found 1 installed packages in /home/jiangping/Vision_Arena_2025/src/player_pkg/install
[0.189s] DEBUG:colcon.colcon_installed_package_information.package_discovery:Found 317 installed packages in /opt/ros/humble
[0.190s] Level 1:colcon.colcon_core.package_discovery:discover_packages(prefix_path) using defaults
[0.214s] Level 5:colcon.colcon_core.verb:set package 'player_pkg' build argument 'cmake_args' from command line to 'None'
[0.214s] Level 5:colcon.colcon_core.verb:set package 'player_pkg' build argument 'cmake_target' from command line to 'None'
[0.214s] Level 5:colcon.colcon_core.verb:set package 'player_pkg' build argument 'cmake_target_skip_unavailable' from command line to 'False'
[0.214s] Level 5:colcon.colcon_core.verb:set package 'player_pkg' build argument 'cmake_clean_cache' from command line to 'False'
[0.214s] Level 5:colcon.colcon_core.verb:set package 'player_pkg' build argument 'cmake_clean_first' from command line to 'False'
[0.214s] Level 5:colcon.colcon_core.verb:set package 'player_pkg' build argument 'cmake_force_configure' from command line to 'False'
[0.214s] Level 5:colcon.colcon_core.verb:set package 'player_pkg' build argument 'ament_cmake_args' from command line to 'None'
[0.214s] Level 5:colcon.colcon_core.verb:set package 'player_pkg' build argument 'catkin_cmake_args' from command line to 'None'
[0.214s] Level 5:colcon.colcon_core.verb:set package 'player_pkg' build argument 'catkin_skip_building_tests' from command line to 'False'
[0.214s] DEBUG:colcon.colcon_core.verb:Building package 'player_pkg' with the following arguments: {'ament_cmake_args': None, 'build_base': '/home/jiangping/Vision_Arena_2025/src/player_pkg/build/player_pkg', 'catkin_cmake_args': None, 'catkin_skip_building_tests': False, 'cmake_args': None, 'cmake_clean_cache': False, 'cmake_clean_first': False, 'cmake_force_configure': False, 'cmake_target': None, 'cmake_target_skip_unavailable': False, 'install_base': '/home/jiangping/Vision_Arena_2025/src/player_pkg/install/player_pkg', 'merge_install': False, 'path': '/home/jiangping/Vision_Arena_2025/src/player_pkg', 'symlink_install': False, 'test_result_base': None}
[0.214s] INFO:colcon.colcon_core.executor:Executing jobs using 'parallel' executor
[0.216s] DEBUG:colcon.colcon_parallel_executor.executor.parallel:run_until_complete
[0.216s] INFO:colcon.colcon_ros.task.catkin.build:Building ROS package in '/home/jiangping/Vision_Arena_2025/src/player_pkg' with build type 'catkin'
[0.216s] INFO:colcon.colcon_cmake.task.cmake.build:Building CMake package in '/home/jiangping/Vision_Arena_2025/src/player_pkg'
[0.218s] INFO:colcon.colcon_core.plugin_system:Skipping extension 'colcon_core.shell.bat': Not used on non-Windows systems
[0.218s] INFO:colcon.colcon_core.shell:Skip shell extension 'powershell' for command environment: Not usable outside of PowerShell
[0.218s] DEBUG:colcon.colcon_core.shell:Skip shell extension 'dsv' for command environment
[0.228s] DEBUG:colcon.colcon_core.event_handler.log_command:Invoking command in '/home/jiangping/Vision_Arena_2025/src/player_pkg/build/player_pkg': /usr/bin/cmake --build /home/jiangping/Vision_Arena_2025/src/player_pkg/build/player_pkg -- -j8 -l8
[0.293s] DEBUG:colcon.colcon_core.event_handler.log_command:Invoked command in '/home/jiangping/Vision_Arena_2025/src/player_pkg/build/player_pkg' returned '0': /usr/bin/cmake --build /home/jiangping/Vision_Arena_2025/src/player_pkg/build/player_pkg -- -j8 -l8
[0.305s] DEBUG:colcon.colcon_core.event_handler.log_command:Invoking command in '/home/jiangping/Vision_Arena_2025/src/player_pkg/build/player_pkg': /usr/bin/cmake --install /home/jiangping/Vision_Arena_2025/src/player_pkg/build/player_pkg
[0.316s] DEBUG:colcon.colcon_core.event_handler.log_command:Invoked command in '/home/jiangping/Vision_Arena_2025/src/player_pkg/build/player_pkg' returned '0': /usr/bin/cmake --install /home/jiangping/Vision_Arena_2025/src/player_pkg/build/player_pkg
[0.316s] Level 1:colcon.colcon_core.shell:create_environment_hook('player_pkg', 'ros_package_path')
[0.317s] INFO:colcon.colcon_core.shell:Creating environment hook '/home/jiangping/Vision_Arena_2025/src/player_pkg/install/player_pkg/share/player_pkg/hook/ros_package_path.ps1'
[0.317s] INFO:colcon.colcon_core.shell:Creating environment descriptor '/home/jiangping/Vision_Arena_2025/src/player_pkg/install/player_pkg/share/player_pkg/hook/ros_package_path.dsv'
[0.318s] INFO:colcon.colcon_core.shell:Creating environment hook '/home/jiangping/Vision_Arena_2025/src/player_pkg/install/player_pkg/share/player_pkg/hook/ros_package_path.sh'
[0.318s] Level 1:colcon.colcon_core.shell:create_environment_hook('player_pkg', 'pkg_config_path')
[0.319s] INFO:colcon.colcon_core.shell:Creating environment hook '/home/jiangping/Vision_Arena_2025/src/player_pkg/install/player_pkg/share/player_pkg/hook/pkg_config_path.ps1'
[0.319s] INFO:colcon.colcon_core.shell:Creating environment descriptor '/home/jiangping/Vision_Arena_2025/src/player_pkg/install/player_pkg/share/player_pkg/hook/pkg_config_path.dsv'
[0.320s] INFO:colcon.colcon_core.shell:Creating environment hook '/home/jiangping/Vision_Arena_2025/src/player_pkg/install/player_pkg/share/player_pkg/hook/pkg_config_path.sh'
[0.322s] Level 1:colcon.colcon_core.shell:create_environment_hook('player_pkg', 'pkg_config_path_multiarch')
[0.322s] INFO:colcon.colcon_core.shell:Creating environment hook '/home/jiangping/Vision_Arena_2025/src/player_pkg/install/player_pkg/share/player_pkg/hook/pkg_config_path_multiarch.ps1'
[0.323s] INFO:colcon.colcon_core.shell:Creating environment descriptor '/home/jiangping/Vision_Arena_2025/src/player_pkg/install/player_pkg/share/player_pkg/hook/pkg_config_path_multiarch.dsv'
[0.323s] INFO:colcon.colcon_core.shell:Creating environment hook '/home/jiangping/Vision_Arena_2025/src/player_pkg/install/player_pkg/share/player_pkg/hook/pkg_config_path_multiarch.sh'
[0.324s] Level 1:colcon.colcon_core.environment:create_environment_scripts_only(player_pkg)
[0.326s] Level 1:colcon.colcon_core.environment:checking '/home/jiangping/Vision_Arena_2025/src/player_pkg/install/player_pkg' for CMake module files
[0.326s] Level 1:colcon.colcon_core.environment:checking '/home/jiangping/Vision_Arena_2025/src/player_pkg/install/player_pkg' for CMake config files
[0.326s] Level 1:colcon.colcon_core.shell:create_environment_hook('player_pkg', 'cmake_prefix_path')
[0.326s] INFO:colcon.colcon_core.shell:Creating environment hook '/home/jiangping/Vision_Arena_2025/src/player_pkg/install/player_pkg/share/player_pkg/hook/cmake_prefix_path.ps1'
[0.327s] INFO:colcon.colcon_core.shell:Creating environment descriptor '/home/jiangping/Vision_Arena_2025/src/player_pkg/install/player_pkg/share/player_pkg/hook/cmake_prefix_path.dsv'
[0.327s] INFO:colcon.colcon_core.shell:Creating environment hook '/home/jiangping/Vision_Arena_2025/src/player_pkg/install/player_pkg/share/player_pkg/hook/cmake_prefix_path.sh'
[0.328s] Level 1:colcon.colcon_core.environment:checking '/home/jiangping/Vision_Arena_2025/src/player_pkg/install/player_pkg/lib'
[0.328s] Level 1:colcon.colcon_core.environment:checking '/home/jiangping/Vision_Arena_2025/src/player_pkg/install/player_pkg/bin'
[0.328s] Level 1:colcon.colcon_core.environment:checking '/home/jiangping/Vision_Arena_2025/src/player_pkg/install/player_pkg/lib/pkgconfig/player_pkg.pc'
[0.328s] Level 1:colcon.colcon_core.environment:checking '/home/jiangping/Vision_Arena_2025/src/player_pkg/install/player_pkg/lib/python3.10/site-packages'
[0.328s] Level 1:colcon.colcon_core.environment:checking '/home/jiangping/Vision_Arena_2025/src/player_pkg/install/player_pkg/bin'
[0.328s] INFO:colcon.colcon_core.shell:Creating package script '/home/jiangping/Vision_Arena_2025/src/player_pkg/install/player_pkg/share/player_pkg/package.ps1'
[0.329s] INFO:colcon.colcon_core.shell:Creating package descriptor '/home/jiangping/Vision_Arena_2025/src/player_pkg/install/player_pkg/share/player_pkg/package.dsv'
[0.329s] INFO:colcon.colcon_core.shell:Creating package script '/home/jiangping/Vision_Arena_2025/src/player_pkg/install/player_pkg/share/player_pkg/package.sh'
[0.330s] INFO:colcon.colcon_core.shell:Creating package script '/home/jiangping/Vision_Arena_2025/src/player_pkg/install/player_pkg/share/player_pkg/package.bash'
[0.331s] INFO:colcon.colcon_core.shell:Creating package script '/home/jiangping/Vision_Arena_2025/src/player_pkg/install/player_pkg/share/player_pkg/package.zsh'
[0.331s] Level 1:colcon.colcon_core.environment:create_file_with_runtime_dependencies(/home/jiangping/Vision_Arena_2025/src/player_pkg/install/player_pkg/share/colcon-core/packages/player_pkg)
[0.332s] DEBUG:colcon.colcon_parallel_executor.executor.parallel:closing loop
[0.332s] DEBUG:colcon.colcon_parallel_executor.executor.parallel:loop closed
[0.332s] DEBUG:colcon.colcon_parallel_executor.executor.parallel:run_until_complete finished with '0'
[0.332s] DEBUG:colcon.colcon_core.event_reactor:joining thread
[0.336s] INFO:colcon.colcon_core.plugin_system:Skipping extension 'colcon_notification.desktop_notification.terminal_notifier': Not used on non-Darwin systems
[0.336s] INFO:colcon.colcon_core.plugin_system:Skipping extension 'colcon_notification.desktop_notification.win32': Not used on non-Windows systems
[0.336s] INFO:colcon.colcon_notification.desktop_notification:Sending desktop notification using 'notify2'
[0.349s] DEBUG:colcon.colcon_core.event_reactor:joined thread
[0.349s] INFO:colcon.colcon_core.shell:Creating prefix script '/home/jiangping/Vision_Arena_2025/src/player_pkg/install/local_setup.ps1'
[0.350s] INFO:colcon.colcon_core.shell:Creating prefix util module '/home/jiangping/Vision_Arena_2025/src/player_pkg/install/_local_setup_util_ps1.py'
[0.351s] INFO:colcon.colcon_core.shell:Creating prefix chain script '/home/jiangping/Vision_Arena_2025/src/player_pkg/install/setup.ps1'
[0.352s] INFO:colcon.colcon_core.shell:Creating prefix script '/home/jiangping/Vision_Arena_2025/src/player_pkg/install/local_setup.sh'
[0.352s] INFO:colcon.colcon_core.shell:Creating prefix util module '/home/jiangping/Vision_Arena_2025/src/player_pkg/install/_local_setup_util_sh.py'
[0.353s] INFO:colcon.colcon_core.shell:Creating prefix chain script '/home/jiangping/Vision_Arena_2025/src/player_pkg/install/setup.sh'
[0.354s] INFO:colcon.colcon_core.shell:Creating prefix script '/home/jiangping/Vision_Arena_2025/src/player_pkg/install/local_setup.bash'
[0.354s] INFO:colcon.colcon_core.shell:Creating prefix chain script '/home/jiangping/Vision_Arena_2025/src/player_pkg/install/setup.bash'
[0.355s] INFO:colcon.colcon_core.shell:Creating prefix script '/home/jiangping/Vision_Arena_2025/src/player_pkg/install/local_setup.zsh'
[0.355s] INFO:colcon.colcon_core.shell:Creating prefix chain script '/home/jiangping/Vision_Arena_2025/src/player_pkg/install/setup.zsh'
