[0.071s] DEBUG:colcon:Command line arguments: ['/usr/bin/colcon', 'build']
[0.071s] DEBUG:colcon:Parsed command line arguments: Namespace(log_base=None, log_level=None, verb_name='build', build_base='build', install_base='install', merge_install=False, symlink_install=False, test_result_base=None, continue_on_error=False, executor='parallel', parallel_workers=8, event_handlers=None, ignore_user_meta=False, metas=['./colcon.meta'], base_paths=['.'], packages_ignore=None, packages_ignore_regex=None, paths=None, packages_up_to=None, packages_up_to_regex=None, packages_above=None, packages_above_and_dependencies=None, packages_above_depth=None, packages_select_by_dep=None, packages_skip_by_dep=None, packages_skip_up_to=None, packages_select_build_failed=False, packages_skip_build_finished=False, packages_select_test_failures=False, packages_skip_test_passed=False, packages_select=None, packages_skip=None, packages_select_regex=None, packages_skip_regex=None, packages_start=None, packages_end=None, allow_overriding=[], cmake_args=None, cmake_target=None, cmake_target_skip_unavailable=False, cmake_clean_cache=False, cmake_clean_first=False, cmake_force_configure=False, ament_cmake_args=None, catkin_cmake_args=None, catkin_skip_building_tests=False, verb_parser=<colcon_defaults.argument_parser.defaults.DefaultArgumentsDecorator object at 0x7db0be274100>, verb_extension=<colcon_core.verb.build.BuildVerb object at 0x7db0be379480>, main=<bound method BuildVerb.main of <colcon_core.verb.build.BuildVerb object at 0x7db0be379480>>)
[0.170s] Level 1:colcon.colcon_core.package_discovery:discover_packages(colcon_meta) check parameters
[0.170s] Level 1:colcon.colcon_core.package_discovery:discover_packages(recursive) check parameters
[0.170s] Level 1:colcon.colcon_core.package_discovery:discover_packages(ignore) check parameters
[0.170s] Level 1:colcon.colcon_core.package_discovery:discover_packages(path) check parameters
[0.170s] Level 1:colcon.colcon_core.package_discovery:discover_packages(colcon_meta) discover
[0.170s] Level 1:colcon.colcon_core.package_discovery:discover_packages(recursive) discover
[0.170s] INFO:colcon.colcon_core.package_discovery:Crawling recursively for packages in '/home/jiangping/Vision_Arena_2025/src/player_pkg'
[0.170s] Level 1:colcon.colcon_core.package_identification:_identify(.) by extensions ['ignore', 'ignore_ament_install']
[0.170s] Level 1:colcon.colcon_core.package_identification:_identify(.) by extension 'ignore'
[0.170s] Level 1:colcon.colcon_core.package_identification:_identify(.) by extension 'ignore_ament_install'
[0.170s] Level 1:colcon.colcon_core.package_identification:_identify(.) by extensions ['colcon_pkg']
[0.170s] Level 1:colcon.colcon_core.package_identification:_identify(.) by extension 'colcon_pkg'
[0.170s] Level 1:colcon.colcon_core.package_identification:_identify(.) by extensions ['colcon_meta']
[0.170s] Level 1:colcon.colcon_core.package_identification:_identify(.) by extension 'colcon_meta'
[0.170s] Level 1:colcon.colcon_core.package_identification:_identify(.) by extensions ['ros']
[0.171s] Level 1:colcon.colcon_core.package_identification:_identify(.) by extension 'ros'
[0.179s] DEBUG:colcon.colcon_core.package_identification:Package '.' with type 'ros.catkin' and name 'player_pkg'
[0.179s] Level 1:colcon.colcon_core.package_discovery:discover_packages(recursive) using defaults
[0.179s] Level 1:colcon.colcon_core.package_discovery:discover_packages(ignore) discover
[0.179s] Level 1:colcon.colcon_core.package_discovery:discover_packages(ignore) using defaults
[0.179s] Level 1:colcon.colcon_core.package_discovery:discover_packages(path) discover
[0.179s] Level 1:colcon.colcon_core.package_discovery:discover_packages(path) using defaults
[0.196s] Level 1:colcon.colcon_core.package_discovery:discover_packages(prefix_path) check parameters
[0.196s] Level 1:colcon.colcon_core.package_discovery:discover_packages(prefix_path) discover
[0.204s] DEBUG:colcon.colcon_installed_package_information.package_discovery:Found 317 installed packages in /opt/ros/humble
[0.205s] Level 1:colcon.colcon_core.package_discovery:discover_packages(prefix_path) using defaults
[0.228s] Level 5:colcon.colcon_core.verb:set package 'player_pkg' build argument 'cmake_args' from command line to 'None'
[0.228s] Level 5:colcon.colcon_core.verb:set package 'player_pkg' build argument 'cmake_target' from command line to 'None'
[0.228s] Level 5:colcon.colcon_core.verb:set package 'player_pkg' build argument 'cmake_target_skip_unavailable' from command line to 'False'
[0.228s] Level 5:colcon.colcon_core.verb:set package 'player_pkg' build argument 'cmake_clean_cache' from command line to 'False'
[0.228s] Level 5:colcon.colcon_core.verb:set package 'player_pkg' build argument 'cmake_clean_first' from command line to 'False'
[0.228s] Level 5:colcon.colcon_core.verb:set package 'player_pkg' build argument 'cmake_force_configure' from command line to 'False'
[0.228s] Level 5:colcon.colcon_core.verb:set package 'player_pkg' build argument 'ament_cmake_args' from command line to 'None'
[0.228s] Level 5:colcon.colcon_core.verb:set package 'player_pkg' build argument 'catkin_cmake_args' from command line to 'None'
[0.228s] Level 5:colcon.colcon_core.verb:set package 'player_pkg' build argument 'catkin_skip_building_tests' from command line to 'False'
[0.228s] DEBUG:colcon.colcon_core.verb:Building package 'player_pkg' with the following arguments: {'ament_cmake_args': None, 'build_base': '/home/jiangping/Vision_Arena_2025/src/player_pkg/build/player_pkg', 'catkin_cmake_args': None, 'catkin_skip_building_tests': False, 'cmake_args': None, 'cmake_clean_cache': False, 'cmake_clean_first': False, 'cmake_force_configure': False, 'cmake_target': None, 'cmake_target_skip_unavailable': False, 'install_base': '/home/jiangping/Vision_Arena_2025/src/player_pkg/install/player_pkg', 'merge_install': False, 'path': '/home/jiangping/Vision_Arena_2025/src/player_pkg', 'symlink_install': False, 'test_result_base': None}
[0.228s] INFO:colcon.colcon_core.executor:Executing jobs using 'parallel' executor
[0.229s] DEBUG:colcon.colcon_parallel_executor.executor.parallel:run_until_complete
[0.229s] INFO:colcon.colcon_ros.task.catkin.build:Building ROS package in '/home/jiangping/Vision_Arena_2025/src/player_pkg' with build type 'catkin'
[0.229s] INFO:colcon.colcon_cmake.task.cmake.build:Building CMake package in '/home/jiangping/Vision_Arena_2025/src/player_pkg'
[0.231s] INFO:colcon.colcon_core.plugin_system:Skipping extension 'colcon_core.shell.bat': Not used on non-Windows systems
[0.231s] INFO:colcon.colcon_core.shell:Skip shell extension 'powershell' for command environment: Not usable outside of PowerShell
[0.231s] DEBUG:colcon.colcon_core.shell:Skip shell extension 'dsv' for command environment
[0.242s] DEBUG:colcon.colcon_core.event_handler.log_command:Invoking command in '/home/jiangping/Vision_Arena_2025/src/player_pkg/build/player_pkg': /usr/bin/cmake /home/jiangping/Vision_Arena_2025/src/player_pkg -DCATKIN_INSTALL_INTO_PREFIX_ROOT=0 -DCMAKE_INSTALL_PREFIX=/home/jiangping/Vision_Arena_2025/src/player_pkg/install/player_pkg
[0.623s] DEBUG:colcon.colcon_core.event_handler.log_command:Invoked command in '/home/jiangping/Vision_Arena_2025/src/player_pkg/build/player_pkg' returned '0': /usr/bin/cmake /home/jiangping/Vision_Arena_2025/src/player_pkg -DCATKIN_INSTALL_INTO_PREFIX_ROOT=0 -DCMAKE_INSTALL_PREFIX=/home/jiangping/Vision_Arena_2025/src/player_pkg/install/player_pkg
[0.627s] DEBUG:colcon.colcon_core.event_handler.log_command:Invoking command in '/home/jiangping/Vision_Arena_2025/src/player_pkg/build/player_pkg': /usr/bin/cmake --build /home/jiangping/Vision_Arena_2025/src/player_pkg/build/player_pkg -- -j8 -l8
[1.088s] DEBUG:colcon.colcon_core.event_handler.log_command:Invoked command in '/home/jiangping/Vision_Arena_2025/src/player_pkg/build/player_pkg' returned '2': /usr/bin/cmake --build /home/jiangping/Vision_Arena_2025/src/player_pkg/build/player_pkg -- -j8 -l8
[1.089s] Level 1:colcon.colcon_core.shell:create_environment_hook('player_pkg', 'ros_package_path')
[1.089s] INFO:colcon.colcon_core.shell:Creating environment hook '/home/jiangping/Vision_Arena_2025/src/player_pkg/install/player_pkg/share/player_pkg/hook/ros_package_path.ps1'
[1.090s] INFO:colcon.colcon_core.shell:Creating environment descriptor '/home/jiangping/Vision_Arena_2025/src/player_pkg/install/player_pkg/share/player_pkg/hook/ros_package_path.dsv'
[1.090s] INFO:colcon.colcon_core.shell:Creating environment hook '/home/jiangping/Vision_Arena_2025/src/player_pkg/install/player_pkg/share/player_pkg/hook/ros_package_path.sh'
[1.091s] Level 1:colcon.colcon_core.shell:create_environment_hook('player_pkg', 'pkg_config_path')
[1.091s] INFO:colcon.colcon_core.shell:Creating environment hook '/home/jiangping/Vision_Arena_2025/src/player_pkg/install/player_pkg/share/player_pkg/hook/pkg_config_path.ps1'
[1.091s] INFO:colcon.colcon_core.shell:Creating environment descriptor '/home/jiangping/Vision_Arena_2025/src/player_pkg/install/player_pkg/share/player_pkg/hook/pkg_config_path.dsv'
[1.091s] INFO:colcon.colcon_core.shell:Creating environment hook '/home/jiangping/Vision_Arena_2025/src/player_pkg/install/player_pkg/share/player_pkg/hook/pkg_config_path.sh'
[1.100s] Level 1:colcon.colcon_core.shell:create_environment_hook('player_pkg', 'pkg_config_path_multiarch')
[1.100s] INFO:colcon.colcon_core.shell:Creating environment hook '/home/jiangping/Vision_Arena_2025/src/player_pkg/install/player_pkg/share/player_pkg/hook/pkg_config_path_multiarch.ps1'
[1.100s] INFO:colcon.colcon_core.shell:Creating environment descriptor '/home/jiangping/Vision_Arena_2025/src/player_pkg/install/player_pkg/share/player_pkg/hook/pkg_config_path_multiarch.dsv'
[1.101s] INFO:colcon.colcon_core.shell:Creating environment hook '/home/jiangping/Vision_Arena_2025/src/player_pkg/install/player_pkg/share/player_pkg/hook/pkg_config_path_multiarch.sh'
[1.102s] Level 1:colcon.colcon_core.environment:create_environment_scripts_only(player_pkg)
[1.104s] Level 1:colcon.colcon_core.environment:checking '/home/jiangping/Vision_Arena_2025/src/player_pkg/install/player_pkg' for CMake module files
[1.105s] Level 1:colcon.colcon_core.environment:checking '/home/jiangping/Vision_Arena_2025/src/player_pkg/install/player_pkg' for CMake config files
[1.106s] Level 1:colcon.colcon_core.shell:create_environment_hook('player_pkg', 'cmake_prefix_path')
[1.106s] INFO:colcon.colcon_core.shell:Creating environment hook '/home/jiangping/Vision_Arena_2025/src/player_pkg/install/player_pkg/share/player_pkg/hook/cmake_prefix_path.ps1'
[1.106s] INFO:colcon.colcon_core.shell:Creating environment descriptor '/home/jiangping/Vision_Arena_2025/src/player_pkg/install/player_pkg/share/player_pkg/hook/cmake_prefix_path.dsv'
[1.107s] INFO:colcon.colcon_core.shell:Creating environment hook '/home/jiangping/Vision_Arena_2025/src/player_pkg/install/player_pkg/share/player_pkg/hook/cmake_prefix_path.sh'
[1.107s] Level 1:colcon.colcon_core.environment:checking '/home/jiangping/Vision_Arena_2025/src/player_pkg/install/player_pkg/lib'
[1.107s] Level 1:colcon.colcon_core.environment:checking '/home/jiangping/Vision_Arena_2025/src/player_pkg/install/player_pkg/bin'
[1.107s] Level 1:colcon.colcon_core.environment:checking '/home/jiangping/Vision_Arena_2025/src/player_pkg/install/player_pkg/lib/pkgconfig/player_pkg.pc'
[1.107s] Level 1:colcon.colcon_core.environment:checking '/home/jiangping/Vision_Arena_2025/src/player_pkg/install/player_pkg/lib/python3.10/site-packages'
[1.108s] Level 1:colcon.colcon_core.environment:checking '/home/jiangping/Vision_Arena_2025/src/player_pkg/install/player_pkg/bin'
[1.108s] INFO:colcon.colcon_core.shell:Creating package script '/home/jiangping/Vision_Arena_2025/src/player_pkg/install/player_pkg/share/player_pkg/package.ps1'
[1.108s] INFO:colcon.colcon_core.shell:Creating package descriptor '/home/jiangping/Vision_Arena_2025/src/player_pkg/install/player_pkg/share/player_pkg/package.dsv'
[1.109s] INFO:colcon.colcon_core.shell:Creating package script '/home/jiangping/Vision_Arena_2025/src/player_pkg/install/player_pkg/share/player_pkg/package.sh'
[1.110s] INFO:colcon.colcon_core.shell:Creating package script '/home/jiangping/Vision_Arena_2025/src/player_pkg/install/player_pkg/share/player_pkg/package.bash'
[1.110s] INFO:colcon.colcon_core.shell:Creating package script '/home/jiangping/Vision_Arena_2025/src/player_pkg/install/player_pkg/share/player_pkg/package.zsh'
[1.111s] Level 1:colcon.colcon_core.environment:create_file_with_runtime_dependencies(/home/jiangping/Vision_Arena_2025/src/player_pkg/install/player_pkg/share/colcon-core/packages/player_pkg)
[1.122s] DEBUG:colcon.colcon_parallel_executor.executor.parallel:closing loop
[1.123s] DEBUG:colcon.colcon_parallel_executor.executor.parallel:loop closed
[1.123s] DEBUG:colcon.colcon_parallel_executor.executor.parallel:run_until_complete finished with '2'
[1.123s] DEBUG:colcon.colcon_core.event_reactor:joining thread
[1.128s] INFO:colcon.colcon_core.plugin_system:Skipping extension 'colcon_notification.desktop_notification.terminal_notifier': Not used on non-Darwin systems
[1.128s] INFO:colcon.colcon_core.plugin_system:Skipping extension 'colcon_notification.desktop_notification.win32': Not used on non-Windows systems
[1.128s] INFO:colcon.colcon_notification.desktop_notification:Sending desktop notification using 'notify2'
[1.138s] DEBUG:colcon.colcon_core.event_reactor:joined thread
[1.139s] INFO:colcon.colcon_core.shell:Creating prefix script '/home/jiangping/Vision_Arena_2025/src/player_pkg/install/local_setup.ps1'
[1.139s] INFO:colcon.colcon_core.shell:Creating prefix util module '/home/jiangping/Vision_Arena_2025/src/player_pkg/install/_local_setup_util_ps1.py'
[1.140s] INFO:colcon.colcon_core.shell:Creating prefix chain script '/home/jiangping/Vision_Arena_2025/src/player_pkg/install/setup.ps1'
[1.141s] INFO:colcon.colcon_core.shell:Creating prefix script '/home/jiangping/Vision_Arena_2025/src/player_pkg/install/local_setup.sh'
[1.141s] INFO:colcon.colcon_core.shell:Creating prefix util module '/home/jiangping/Vision_Arena_2025/src/player_pkg/install/_local_setup_util_sh.py'
[1.142s] INFO:colcon.colcon_core.shell:Creating prefix chain script '/home/jiangping/Vision_Arena_2025/src/player_pkg/install/setup.sh'
[1.143s] INFO:colcon.colcon_core.shell:Creating prefix script '/home/jiangping/Vision_Arena_2025/src/player_pkg/install/local_setup.bash'
[1.143s] INFO:colcon.colcon_core.shell:Creating prefix chain script '/home/jiangping/Vision_Arena_2025/src/player_pkg/install/setup.bash'
[1.144s] INFO:colcon.colcon_core.shell:Creating prefix script '/home/jiangping/Vision_Arena_2025/src/player_pkg/install/local_setup.zsh'
[1.144s] INFO:colcon.colcon_core.shell:Creating prefix chain script '/home/jiangping/Vision_Arena_2025/src/player_pkg/install/setup.zsh'
