[0.010s] Invoking command in '/home/jiangping/Vision_Arena_2025/src/player_pkg/build/player_pkg': /usr/bin/cmake --build /home/jiangping/Vision_Arena_2025/src/player_pkg/build/player_pkg -- -j8 -l8
[0.066s] [100%] Built target yolo_node
[0.076s] Invoked command in '/home/jiangping/Vision_Arena_2025/src/player_pkg/build/player_pkg' returned '0': /usr/bin/cmake --build /home/jiangping/Vision_Arena_2025/src/player_pkg/build/player_pkg -- -j8 -l8
[0.087s] Invoking command in '/home/jiangping/Vision_Arena_2025/src/player_pkg/build/player_pkg': /usr/bin/cmake --install /home/jiangping/Vision_Arena_2025/src/player_pkg/build/player_pkg
[0.093s] -- Install configuration: ""
[0.093s] -- Up-to-date: /home/jiangping/Vision_Arena_2025/src/player_pkg/install/player_pkg/lib/player_pkg/yolo_node
[0.093s] -- Up-to-date: /home/jiangping/Vision_Arena_2025/src/player_pkg/install/player_pkg/share/ament_index/resource_index/package_run_dependencies/player_pkg
[0.095s] -- Up-to-date: /home/jiangping/Vision_Arena_2025/src/player_pkg/install/player_pkg/share/ament_index/resource_index/parent_prefix_path/player_pkg
[0.095s] -- Up-to-date: /home/jiangping/Vision_Arena_2025/src/player_pkg/install/player_pkg/share/player_pkg/environment/ament_prefix_path.sh
[0.095s] -- Up-to-date: /home/jiangping/Vision_Arena_2025/src/player_pkg/install/player_pkg/share/player_pkg/environment/ament_prefix_path.dsv
[0.095s] -- Up-to-date: /home/jiangping/Vision_Arena_2025/src/player_pkg/install/player_pkg/share/player_pkg/environment/path.sh
[0.095s] -- Up-to-date: /home/jiangping/Vision_Arena_2025/src/player_pkg/install/player_pkg/share/player_pkg/environment/path.dsv
[0.096s] -- Up-to-date: /home/jiangping/Vision_Arena_2025/src/player_pkg/install/player_pkg/share/player_pkg/local_setup.bash
[0.096s] -- Up-to-date: /home/jiangping/Vision_Arena_2025/src/player_pkg/install/player_pkg/share/player_pkg/local_setup.sh
[0.096s] -- Up-to-date: /home/jiangping/Vision_Arena_2025/src/player_pkg/install/player_pkg/share/player_pkg/local_setup.zsh
[0.096s] -- Up-to-date: /home/jiangping/Vision_Arena_2025/src/player_pkg/install/player_pkg/share/player_pkg/local_setup.dsv
[0.097s] -- Installing: /home/jiangping/Vision_Arena_2025/src/player_pkg/install/player_pkg/share/player_pkg/package.dsv
[0.097s] -- Up-to-date: /home/jiangping/Vision_Arena_2025/src/player_pkg/install/player_pkg/share/ament_index/resource_index/packages/player_pkg
[0.097s] -- Up-to-date: /home/jiangping/Vision_Arena_2025/src/player_pkg/install/player_pkg/share/player_pkg/cmake/player_pkgConfig.cmake
[0.098s] -- Up-to-date: /home/jiangping/Vision_Arena_2025/src/player_pkg/install/player_pkg/share/player_pkg/cmake/player_pkgConfig-version.cmake
[0.098s] -- Up-to-date: /home/jiangping/Vision_Arena_2025/src/player_pkg/install/player_pkg/share/player_pkg/package.xml
[0.098s] Invoked command in '/home/jiangping/Vision_Arena_2025/src/player_pkg/build/player_pkg' returned '0': /usr/bin/cmake --install /home/jiangping/Vision_Arena_2025/src/player_pkg/build/player_pkg
