[0.164s] DEBUG:colcon:Command line arguments: ['/usr/bin/colcon', 'build']
[0.164s] DEBUG:colcon:Parsed command line arguments: Namespace(log_base=None, log_level=None, verb_name='build', build_base='build', install_base='install', merge_install=False, symlink_install=False, test_result_base=None, continue_on_error=False, executor='parallel', parallel_workers=8, event_handlers=None, ignore_user_meta=False, metas=['./colcon.meta'], base_paths=['.'], packages_ignore=None, packages_ignore_regex=None, paths=None, packages_up_to=None, packages_up_to_regex=None, packages_above=None, packages_above_and_dependencies=None, packages_above_depth=None, packages_select_by_dep=None, packages_skip_by_dep=None, packages_skip_up_to=None, packages_select_build_failed=False, packages_skip_build_finished=False, packages_select_test_failures=False, packages_skip_test_passed=False, packages_select=None, packages_skip=None, packages_select_regex=None, packages_skip_regex=None, packages_start=None, packages_end=None, allow_overriding=[], cmake_args=None, cmake_target=None, cmake_target_skip_unavailable=False, cmake_clean_cache=False, cmake_clean_first=False, cmake_force_configure=False, ament_cmake_args=None, catkin_cmake_args=None, catkin_skip_building_tests=False, verb_parser=<colcon_defaults.argument_parser.defaults.DefaultArgumentsDecorator object at 0x762afe470100>, verb_extension=<colcon_core.verb.build.BuildVerb object at 0x762afe575480>, main=<bound method BuildVerb.main of <colcon_core.verb.build.BuildVerb object at 0x762afe575480>>)
[0.258s] Level 1:colcon.colcon_core.package_discovery:discover_packages(colcon_meta) check parameters
[0.258s] Level 1:colcon.colcon_core.package_discovery:discover_packages(recursive) check parameters
[0.258s] Level 1:colcon.colcon_core.package_discovery:discover_packages(ignore) check parameters
[0.258s] Level 1:colcon.colcon_core.package_discovery:discover_packages(path) check parameters
[0.258s] Level 1:colcon.colcon_core.package_discovery:discover_packages(colcon_meta) discover
[0.258s] Level 1:colcon.colcon_core.package_discovery:discover_packages(recursive) discover
[0.258s] INFO:colcon.colcon_core.package_discovery:Crawling recursively for packages in '/home/jiangping/Vision_Arena_2025/src/player_pkg'
[0.258s] Level 1:colcon.colcon_core.package_identification:_identify(.) by extensions ['ignore', 'ignore_ament_install']
[0.258s] Level 1:colcon.colcon_core.package_identification:_identify(.) by extension 'ignore'
[0.259s] Level 1:colcon.colcon_core.package_identification:_identify(.) by extension 'ignore_ament_install'
[0.259s] Level 1:colcon.colcon_core.package_identification:_identify(.) by extensions ['colcon_pkg']
[0.259s] Level 1:colcon.colcon_core.package_identification:_identify(.) by extension 'colcon_pkg'
[0.259s] Level 1:colcon.colcon_core.package_identification:_identify(.) by extensions ['colcon_meta']
[0.259s] Level 1:colcon.colcon_core.package_identification:_identify(.) by extension 'colcon_meta'
[0.259s] Level 1:colcon.colcon_core.package_identification:_identify(.) by extensions ['ros']
[0.259s] Level 1:colcon.colcon_core.package_identification:_identify(.) by extension 'ros'
[0.273s] DEBUG:colcon.colcon_core.package_identification:Package '.' with type 'ros.ament_cmake' and name 'yolo_detector'
[0.273s] Level 1:colcon.colcon_core.package_discovery:discover_packages(recursive) using defaults
[0.273s] Level 1:colcon.colcon_core.package_discovery:discover_packages(ignore) discover
[0.274s] Level 1:colcon.colcon_core.package_discovery:discover_packages(ignore) using defaults
[0.274s] Level 1:colcon.colcon_core.package_discovery:discover_packages(path) discover
[0.274s] Level 1:colcon.colcon_core.package_discovery:discover_packages(path) using defaults
[0.286s] Level 1:colcon.colcon_core.package_discovery:discover_packages(prefix_path) check parameters
[0.287s] Level 1:colcon.colcon_core.package_discovery:discover_packages(prefix_path) discover
[0.301s] DEBUG:colcon.colcon_installed_package_information.package_discovery:Found 317 installed packages in /opt/ros/humble
[0.302s] Level 1:colcon.colcon_core.package_discovery:discover_packages(prefix_path) using defaults
[0.329s] Level 5:colcon.colcon_core.verb:set package 'yolo_detector' build argument 'cmake_args' from command line to 'None'
[0.329s] Level 5:colcon.colcon_core.verb:set package 'yolo_detector' build argument 'cmake_target' from command line to 'None'
[0.329s] Level 5:colcon.colcon_core.verb:set package 'yolo_detector' build argument 'cmake_target_skip_unavailable' from command line to 'False'
[0.329s] Level 5:colcon.colcon_core.verb:set package 'yolo_detector' build argument 'cmake_clean_cache' from command line to 'False'
[0.329s] Level 5:colcon.colcon_core.verb:set package 'yolo_detector' build argument 'cmake_clean_first' from command line to 'False'
[0.329s] Level 5:colcon.colcon_core.verb:set package 'yolo_detector' build argument 'cmake_force_configure' from command line to 'False'
[0.329s] Level 5:colcon.colcon_core.verb:set package 'yolo_detector' build argument 'ament_cmake_args' from command line to 'None'
[0.329s] Level 5:colcon.colcon_core.verb:set package 'yolo_detector' build argument 'catkin_cmake_args' from command line to 'None'
[0.329s] Level 5:colcon.colcon_core.verb:set package 'yolo_detector' build argument 'catkin_skip_building_tests' from command line to 'False'
[0.329s] DEBUG:colcon.colcon_core.verb:Building package 'yolo_detector' with the following arguments: {'ament_cmake_args': None, 'build_base': '/home/jiangping/Vision_Arena_2025/src/player_pkg/build/yolo_detector', 'catkin_cmake_args': None, 'catkin_skip_building_tests': False, 'cmake_args': None, 'cmake_clean_cache': False, 'cmake_clean_first': False, 'cmake_force_configure': False, 'cmake_target': None, 'cmake_target_skip_unavailable': False, 'install_base': '/home/jiangping/Vision_Arena_2025/src/player_pkg/install/yolo_detector', 'merge_install': False, 'path': '/home/jiangping/Vision_Arena_2025/src/player_pkg', 'symlink_install': False, 'test_result_base': None}
[0.329s] INFO:colcon.colcon_core.executor:Executing jobs using 'parallel' executor
[0.331s] DEBUG:colcon.colcon_parallel_executor.executor.parallel:run_until_complete
[0.331s] INFO:colcon.colcon_ros.task.ament_cmake.build:Building ROS package in '/home/jiangping/Vision_Arena_2025/src/player_pkg' with build type 'ament_cmake'
[0.331s] INFO:colcon.colcon_cmake.task.cmake.build:Building CMake package in '/home/jiangping/Vision_Arena_2025/src/player_pkg'
[0.345s] INFO:colcon.colcon_core.plugin_system:Skipping extension 'colcon_core.shell.bat': Not used on non-Windows systems
[0.345s] INFO:colcon.colcon_core.shell:Skip shell extension 'powershell' for command environment: Not usable outside of PowerShell
[0.345s] DEBUG:colcon.colcon_core.shell:Skip shell extension 'dsv' for command environment
[0.353s] DEBUG:colcon.colcon_core.event_handler.log_command:Invoking command in '/home/jiangping/Vision_Arena_2025/src/player_pkg/build/yolo_detector': CMAKE_PREFIX_PATH=/opt/ros/humble /usr/bin/cmake /home/jiangping/Vision_Arena_2025/src/player_pkg -DCMAKE_INSTALL_PREFIX=/home/jiangping/Vision_Arena_2025/src/player_pkg/install/yolo_detector
[1.971s] DEBUG:colcon.colcon_core.event_handler.log_command:Invoked command in '/home/jiangping/Vision_Arena_2025/src/player_pkg/build/yolo_detector' returned '1': CMAKE_PREFIX_PATH=/opt/ros/humble /usr/bin/cmake /home/jiangping/Vision_Arena_2025/src/player_pkg -DCMAKE_INSTALL_PREFIX=/home/jiangping/Vision_Arena_2025/src/player_pkg/install/yolo_detector
[1.982s] Level 1:colcon.colcon_core.environment:create_environment_scripts_only(yolo_detector)
[1.994s] Level 1:colcon.colcon_core.environment:checking '/home/jiangping/Vision_Arena_2025/src/player_pkg/install/yolo_detector' for CMake module files
[1.995s] Level 1:colcon.colcon_core.environment:checking '/home/jiangping/Vision_Arena_2025/src/player_pkg/install/yolo_detector' for CMake config files
[1.995s] Level 1:colcon.colcon_core.environment:checking '/home/jiangping/Vision_Arena_2025/src/player_pkg/install/yolo_detector/bin'
[1.995s] Level 1:colcon.colcon_core.environment:checking '/home/jiangping/Vision_Arena_2025/src/player_pkg/install/yolo_detector/lib/pkgconfig/yolo_detector.pc'
[1.995s] Level 1:colcon.colcon_core.environment:checking '/home/jiangping/Vision_Arena_2025/src/player_pkg/install/yolo_detector/lib/python3.10/site-packages'
[1.995s] Level 1:colcon.colcon_core.environment:checking '/home/jiangping/Vision_Arena_2025/src/player_pkg/install/yolo_detector/bin'
[1.996s] INFO:colcon.colcon_core.shell:Creating package script '/home/jiangping/Vision_Arena_2025/src/player_pkg/install/yolo_detector/share/yolo_detector/package.ps1'
[1.997s] INFO:colcon.colcon_core.shell:Creating package descriptor '/home/jiangping/Vision_Arena_2025/src/player_pkg/install/yolo_detector/share/yolo_detector/package.dsv'
[1.998s] INFO:colcon.colcon_core.shell:Creating package script '/home/jiangping/Vision_Arena_2025/src/player_pkg/install/yolo_detector/share/yolo_detector/package.sh'
[1.999s] INFO:colcon.colcon_core.shell:Creating package script '/home/jiangping/Vision_Arena_2025/src/player_pkg/install/yolo_detector/share/yolo_detector/package.bash'
[2.001s] INFO:colcon.colcon_core.shell:Creating package script '/home/jiangping/Vision_Arena_2025/src/player_pkg/install/yolo_detector/share/yolo_detector/package.zsh'
[2.002s] Level 1:colcon.colcon_core.environment:create_file_with_runtime_dependencies(/home/jiangping/Vision_Arena_2025/src/player_pkg/install/yolo_detector/share/colcon-core/packages/yolo_detector)
[2.013s] DEBUG:colcon.colcon_parallel_executor.executor.parallel:closing loop
[2.013s] DEBUG:colcon.colcon_parallel_executor.executor.parallel:loop closed
[2.013s] DEBUG:colcon.colcon_parallel_executor.executor.parallel:run_until_complete finished with '1'
[2.013s] DEBUG:colcon.colcon_core.event_reactor:joining thread
[2.026s] INFO:colcon.colcon_core.plugin_system:Skipping extension 'colcon_notification.desktop_notification.terminal_notifier': Not used on non-Darwin systems
[2.026s] INFO:colcon.colcon_core.plugin_system:Skipping extension 'colcon_notification.desktop_notification.win32': Not used on non-Windows systems
[2.026s] INFO:colcon.colcon_notification.desktop_notification:Sending desktop notification using 'notify2'
[2.046s] DEBUG:colcon.colcon_core.event_reactor:joined thread
[2.046s] INFO:colcon.colcon_core.shell:Creating prefix script '/home/jiangping/Vision_Arena_2025/src/player_pkg/install/local_setup.ps1'
[2.047s] INFO:colcon.colcon_core.shell:Creating prefix util module '/home/jiangping/Vision_Arena_2025/src/player_pkg/install/_local_setup_util_ps1.py'
[2.049s] INFO:colcon.colcon_core.shell:Creating prefix chain script '/home/jiangping/Vision_Arena_2025/src/player_pkg/install/setup.ps1'
[2.050s] INFO:colcon.colcon_core.shell:Creating prefix script '/home/jiangping/Vision_Arena_2025/src/player_pkg/install/local_setup.sh'
[2.051s] INFO:colcon.colcon_core.shell:Creating prefix util module '/home/jiangping/Vision_Arena_2025/src/player_pkg/install/_local_setup_util_sh.py'
[2.052s] INFO:colcon.colcon_core.shell:Creating prefix chain script '/home/jiangping/Vision_Arena_2025/src/player_pkg/install/setup.sh'
[2.053s] INFO:colcon.colcon_core.shell:Creating prefix script '/home/jiangping/Vision_Arena_2025/src/player_pkg/install/local_setup.bash'
[2.054s] INFO:colcon.colcon_core.shell:Creating prefix chain script '/home/jiangping/Vision_Arena_2025/src/player_pkg/install/setup.bash'
[2.055s] INFO:colcon.colcon_core.shell:Creating prefix script '/home/jiangping/Vision_Arena_2025/src/player_pkg/install/local_setup.zsh'
[2.056s] INFO:colcon.colcon_core.shell:Creating prefix chain script '/home/jiangping/Vision_Arena_2025/src/player_pkg/install/setup.zsh'
