-- Found ament_cmake: 1.3.12 (/opt/ros/humble/share/ament_cmake/cmake)
-- Found sensor_msgs: 4.9.0 (/opt/ros/humble/share/sensor_msgs/cmake)
-- Found rosidl_generator_c: 3.1.7 (/opt/ros/humble/share/rosidl_generator_c/cmake)
-- Found rosidl_adapter: 3.1.7 (/opt/ros/humble/share/rosidl_adapter/cmake)
-- Found rosidl_generator_cpp: 3.1.7 (/opt/ros/humble/share/rosidl_generator_cpp/cmake)
-- Using all available rosidl_typesupport_c: rosidl_typesupport_fastrtps_c;rosidl_typesupport_introspection_c
-- Using all available rosidl_typesupport_cpp: rosidl_typesupport_fastrtps_cpp;rosidl_typesupport_introspection_cpp
-- Found rclcpp: 16.0.15 (/opt/ros/humble/share/rclcpp/cmake)
-- Found rmw_implementation_cmake: 6.1.2 (/opt/ros/humble/share/rmw_implementation_cmake/cmake)
-- Found rmw_fastrtps_cpp: 6.2.8 (/opt/ros/humble/share/rmw_fastrtps_cpp/cmake)
-- Using RMW implementation 'rmw_fastrtps_cpp' as default
-- Found cv_bridge: 3.2.1 (/opt/ros/humble/share/cv_bridge/cmake)
-- Found image_transport: 3.1.12 (/opt/ros/humble/share/image_transport/cmake)
-- Found ament_lint_auto: 0.12.14 (/opt/ros/humble/share/ament_lint_auto/cmake)
-- Added test 'cppcheck' to perform static code analysis on C / C++ code
-- Configured cppcheck include dirs: $<BUILD_INTERFACE:/home/jiangping/VisionArena/detector/include>
-- Configured cppcheck exclude dirs and/or files: 
-- Added test 'flake8' to check Python code syntax and style conventions
-- Added test 'lint_cmake' to check CMake code style
-- Added test 'pep257' to check Python code against some of the docstring style conventions in PEP 257
-- Added test 'uncrustify' to check C / C++ code style
-- Configured uncrustify additional arguments: 
-- Added test 'xmllint' to check XML markup files
-- Configuring done
-- Generating done
-- Build files have been written to: /home/jiangping/VisionArena/detector/build/sphere_detect
[ 50%] [32mBuilding CXX object CMakeFiles/detect.dir/src/camera_detector.cpp.o[0m
[100%] [32m[1mLinking CXX executable detect[0m
[100%] Built target detect
-- Install configuration: ""
-- Installing: /home/jiangping/VisionArena/detector/install/sphere_detect/lib/sphere_detect/detect
-- Set runtime path of "/home/jiangping/VisionArena/detector/install/sphere_detect/lib/sphere_detect/detect" to ""
-- Installing: /home/jiangping/VisionArena/detector/install/sphere_detect/share/ament_index/resource_index/package_run_dependencies/sphere_detect
-- Installing: /home/jiangping/VisionArena/detector/install/sphere_detect/share/ament_index/resource_index/parent_prefix_path/sphere_detect
-- Installing: /home/jiangping/VisionArena/detector/install/sphere_detect/share/sphere_detect/environment/ament_prefix_path.sh
-- Installing: /home/jiangping/VisionArena/detector/install/sphere_detect/share/sphere_detect/environment/ament_prefix_path.dsv
-- Installing: /home/jiangping/VisionArena/detector/install/sphere_detect/share/sphere_detect/environment/path.sh
-- Installing: /home/jiangping/VisionArena/detector/install/sphere_detect/share/sphere_detect/environment/path.dsv
-- Installing: /home/jiangping/VisionArena/detector/install/sphere_detect/share/sphere_detect/local_setup.bash
-- Installing: /home/jiangping/VisionArena/detector/install/sphere_detect/share/sphere_detect/local_setup.sh
-- Installing: /home/jiangping/VisionArena/detector/install/sphere_detect/share/sphere_detect/local_setup.zsh
-- Installing: /home/jiangping/VisionArena/detector/install/sphere_detect/share/sphere_detect/local_setup.dsv
-- Installing: /home/jiangping/VisionArena/detector/install/sphere_detect/share/sphere_detect/package.dsv
-- Installing: /home/jiangping/VisionArena/detector/install/sphere_detect/share/ament_index/resource_index/packages/sphere_detect
-- Installing: /home/jiangping/VisionArena/detector/install/sphere_detect/share/sphere_detect/cmake/sphere_detectConfig.cmake
-- Installing: /home/jiangping/VisionArena/detector/install/sphere_detect/share/sphere_detect/cmake/sphere_detectConfig-version.cmake
-- Installing: /home/jiangping/VisionArena/detector/install/sphere_detect/share/sphere_detect/package.xml
