[0.010s] Invoking command in '/home/jiangping/VisionArena/detector/build/sphere_detect': CMAKE_PREFIX_PATH=/opt/ros/humble /usr/bin/cmake /home/jiangping/VisionArena/detector -DCMAKE_INSTALL_PREFIX=/home/jiangping/VisionArena/detector/install/sphere_detect
[0.020s] -- Found ament_cmake: 1.3.12 (/opt/ros/humble/share/ament_cmake/cmake)
[0.108s] -- Found sensor_msgs: 4.9.0 (/opt/ros/humble/share/sensor_msgs/cmake)
[0.124s] -- Found rosidl_generator_c: 3.1.7 (/opt/ros/humble/share/rosidl_generator_c/cmake)
[0.125s] -- Found rosidl_adapter: 3.1.7 (/opt/ros/humble/share/rosidl_adapter/cmake)
[0.129s] -- Found rosidl_generator_cpp: 3.1.7 (/opt/ros/humble/share/rosidl_generator_cpp/cmake)
[0.135s] -- Using all available rosidl_typesupport_c: rosidl_typesupport_fastrtps_c;rosidl_typesupport_introspection_c
[0.143s] -- Using all available rosidl_typesupport_cpp: rosidl_typesupport_fastrtps_cpp;rosidl_typesupport_introspection_cpp
[0.175s] -- Found rclcpp: 16.0.15 (/opt/ros/humble/share/rclcpp/cmake)
[0.192s] -- Found rmw_implementation_cmake: 6.1.2 (/opt/ros/humble/share/rmw_implementation_cmake/cmake)
[0.193s] -- Found rmw_fastrtps_cpp: 6.2.8 (/opt/ros/humble/share/rmw_fastrtps_cpp/cmake)
[0.271s] -- Using RMW implementation 'rmw_fastrtps_cpp' as default
[0.294s] -- Found cv_bridge: 3.2.1 (/opt/ros/humble/share/cv_bridge/cmake)
[0.299s] -- Found image_transport: 3.1.12 (/opt/ros/humble/share/image_transport/cmake)
[0.313s] -- Found ament_lint_auto: 0.12.14 (/opt/ros/humble/share/ament_lint_auto/cmake)
[0.369s] -- Added test 'cppcheck' to perform static code analysis on C / C++ code
[0.369s] -- Configured cppcheck include dirs: $<BUILD_INTERFACE:/home/jiangping/VisionArena/detector/include>
[0.369s] -- Configured cppcheck exclude dirs and/or files: 
[0.370s] -- Added test 'flake8' to check Python code syntax and style conventions
[0.372s] -- Added test 'lint_cmake' to check CMake code style
[0.373s] -- Added test 'pep257' to check Python code against some of the docstring style conventions in PEP 257
[0.380s] -- Added test 'uncrustify' to check C / C++ code style
[0.380s] -- Configured uncrustify additional arguments: 
[0.381s] -- Added test 'xmllint' to check XML markup files
[0.382s] -- Configuring done
[0.394s] -- Generating done
[0.397s] -- Build files have been written to: /home/jiangping/VisionArena/detector/build/sphere_detect
[0.405s] Invoked command in '/home/jiangping/VisionArena/detector/build/sphere_detect' returned '0': CMAKE_PREFIX_PATH=/opt/ros/humble /usr/bin/cmake /home/jiangping/VisionArena/detector -DCMAKE_INSTALL_PREFIX=/home/jiangping/VisionArena/detector/install/sphere_detect
[0.407s] Invoking command in '/home/jiangping/VisionArena/detector/build/sphere_detect': CMAKE_PREFIX_PATH=/opt/ros/humble /usr/bin/cmake --build /home/jiangping/VisionArena/detector/build/sphere_detect -- -j4 -l4
[0.465s] [ 50%] [32mBuilding CXX object CMakeFiles/detect.dir/src/camera_detector.cpp.o[0m
[3.385s] [01m[K/home/jiangping/VisionArena/detector/src/camera_detector.cpp:[m[K In member function ‘[01m[Kcv::Mat detector::findObjects(const cv::Mat&)[m[K’:
[3.385s] [01m[K/home/jiangping/VisionArena/detector/src/camera_detector.cpp:63:27:[m[K [01;35m[Kwarning: [m[Kcomparison of integer expressions of different signedness: ‘[01m[Kint[m[K’ and ‘[01m[Kstd::vector<std::vector<cv::Point_<int> > >::size_type[m[K’ {aka ‘[01m[Klong unsigned int[m[K’} [[01;35m[K]8;;https://gcc.gnu.org/onlinedocs/gcc/Warning-Options.html#index-Wsign-compare-Wsign-compare]8;;[m[K]
[3.385s]    63 |         for (int i = 0; [01;35m[Ki < contours.size()[m[K; i++)
[3.385s]       |                         [01;35m[K~~^~~~~~~~~~~~~~~~~[m[K
[4.423s] [100%] [32m[1mLinking CXX executable detect[0m
[4.600s] /usr/bin/ld: warning: libopencv_imgcodecs.so.4.5d, needed by /opt/ros/humble/lib/libcv_bridge.so, may conflict with libopencv_imgcodecs.so.405
[4.604s] /usr/bin/ld: warning: libopencv_imgproc.so.4.5d, needed by /opt/ros/humble/lib/libcv_bridge.so, may conflict with libopencv_imgproc.so.405
[4.610s] /usr/bin/ld: warning: libopencv_core.so.4.5d, needed by /opt/ros/humble/lib/libcv_bridge.so, may conflict with libopencv_core.so.405
[4.861s] [100%] Built target detect
[4.874s] Invoked command in '/home/jiangping/VisionArena/detector/build/sphere_detect' returned '0': CMAKE_PREFIX_PATH=/opt/ros/humble /usr/bin/cmake --build /home/jiangping/VisionArena/detector/build/sphere_detect -- -j4 -l4
[4.883s] Invoking command in '/home/jiangping/VisionArena/detector/build/sphere_detect': CMAKE_PREFIX_PATH=/opt/ros/humble /usr/bin/cmake --install /home/jiangping/VisionArena/detector/build/sphere_detect
[4.890s] -- Install configuration: ""
[4.891s] -- Installing: /home/jiangping/VisionArena/detector/install/sphere_detect/lib/sphere_detect/detect
[4.891s] -- Set runtime path of "/home/jiangping/VisionArena/detector/install/sphere_detect/lib/sphere_detect/detect" to ""
[4.891s] -- Installing: /home/jiangping/VisionArena/detector/install/sphere_detect/share/ament_index/resource_index/package_run_dependencies/sphere_detect
[4.891s] -- Installing: /home/jiangping/VisionArena/detector/install/sphere_detect/share/ament_index/resource_index/parent_prefix_path/sphere_detect
[4.891s] -- Installing: /home/jiangping/VisionArena/detector/install/sphere_detect/share/sphere_detect/environment/ament_prefix_path.sh
[4.891s] -- Installing: /home/jiangping/VisionArena/detector/install/sphere_detect/share/sphere_detect/environment/ament_prefix_path.dsv
[4.892s] -- Installing: /home/jiangping/VisionArena/detector/install/sphere_detect/share/sphere_detect/environment/path.sh
[4.892s] -- Installing: /home/jiangping/VisionArena/detector/install/sphere_detect/share/sphere_detect/environment/path.dsv
[4.892s] -- Installing: /home/jiangping/VisionArena/detector/install/sphere_detect/share/sphere_detect/local_setup.bash
[4.892s] -- Installing: /home/jiangping/VisionArena/detector/install/sphere_detect/share/sphere_detect/local_setup.sh
[4.892s] -- Installing: /home/jiangping/VisionArena/detector/install/sphere_detect/share/sphere_detect/local_setup.zsh
[4.893s] -- Installing: /home/jiangping/VisionArena/detector/install/sphere_detect/share/sphere_detect/local_setup.dsv
[4.893s] -- Installing: /home/jiangping/VisionArena/detector/install/sphere_detect/share/sphere_detect/package.dsv
[4.893s] -- Installing: /home/jiangping/VisionArena/detector/install/sphere_detect/share/ament_index/resource_index/packages/sphere_detect
[4.893s] -- Installing: /home/jiangping/VisionArena/detector/install/sphere_detect/share/sphere_detect/cmake/sphere_detectConfig.cmake
[4.893s] -- Installing: /home/jiangping/VisionArena/detector/install/sphere_detect/share/sphere_detect/cmake/sphere_detectConfig-version.cmake
[4.893s] -- Installing: /home/jiangping/VisionArena/detector/install/sphere_detect/share/sphere_detect/package.xml
[4.895s] Invoked command in '/home/jiangping/VisionArena/detector/build/sphere_detect' returned '0': CMAKE_PREFIX_PATH=/opt/ros/humble /usr/bin/cmake --install /home/jiangping/VisionArena/detector/build/sphere_detect
