[0.063s] DEBUG:colcon:Command line arguments: ['/usr/bin/colcon', 'build']
[0.063s] DEBUG:colcon:Parsed command line arguments: Namespace(log_base=None, log_level=None, verb_name='build', build_base='build', install_base='install', merge_install=False, symlink_install=False, test_result_base=None, continue_on_error=False, executor='parallel', parallel_workers=8, event_handlers=None, ignore_user_meta=False, metas=['./colcon.meta'], base_paths=['.'], packages_ignore=None, packages_ignore_regex=None, paths=None, packages_up_to=None, packages_up_to_regex=None, packages_above=None, packages_above_and_dependencies=None, packages_above_depth=None, packages_select_by_dep=None, packages_skip_by_dep=None, packages_skip_up_to=None, packages_select_build_failed=False, packages_skip_build_finished=False, packages_select_test_failures=False, packages_skip_test_passed=False, packages_select=None, packages_skip=None, packages_select_regex=None, packages_skip_regex=None, packages_start=None, packages_end=None, allow_overriding=[], cmake_args=None, cmake_target=None, cmake_target_skip_unavailable=False, cmake_clean_cache=False, cmake_clean_first=False, cmake_force_configure=False, ament_cmake_args=None, catkin_cmake_args=None, catkin_skip_building_tests=False, verb_parser=<colcon_defaults.argument_parser.defaults.DefaultArgumentsDecorator object at 0x78c493d68160>, verb_extension=<colcon_core.verb.build.BuildVerb object at 0x78c493e714e0>, main=<bound method BuildVerb.main of <colcon_core.verb.build.BuildVerb object at 0x78c493e714e0>>)
[0.157s] Level 1:colcon.colcon_core.package_discovery:discover_packages(colcon_meta) check parameters
[0.157s] Level 1:colcon.colcon_core.package_discovery:discover_packages(recursive) check parameters
[0.157s] Level 1:colcon.colcon_core.package_discovery:discover_packages(ignore) check parameters
[0.157s] Level 1:colcon.colcon_core.package_discovery:discover_packages(path) check parameters
[0.157s] Level 1:colcon.colcon_core.package_discovery:discover_packages(colcon_meta) discover
[0.157s] Level 1:colcon.colcon_core.package_discovery:discover_packages(recursive) discover
[0.157s] INFO:colcon.colcon_core.package_discovery:Crawling recursively for packages in '/home/jiangping/Vision_Arena_2025/src/player_pkg'
[0.157s] Level 1:colcon.colcon_core.package_identification:_identify(.) by extensions ['ignore', 'ignore_ament_install']
[0.157s] Level 1:colcon.colcon_core.package_identification:_identify(.) by extension 'ignore'
[0.157s] Level 1:colcon.colcon_core.package_identification:_identify(.) by extension 'ignore_ament_install'
[0.157s] Level 1:colcon.colcon_core.package_identification:_identify(.) by extensions ['colcon_pkg']
[0.157s] Level 1:colcon.colcon_core.package_identification:_identify(.) by extension 'colcon_pkg'
[0.157s] Level 1:colcon.colcon_core.package_identification:_identify(.) by extensions ['colcon_meta']
[0.157s] Level 1:colcon.colcon_core.package_identification:_identify(.) by extension 'colcon_meta'
[0.158s] Level 1:colcon.colcon_core.package_identification:_identify(.) by extensions ['ros']
[0.158s] Level 1:colcon.colcon_core.package_identification:_identify(.) by extension 'ros'
[0.166s] DEBUG:colcon.colcon_core.package_identification:Package '.' with type 'ros.ament_cmake' and name 'player_pkg'
[0.166s] Level 1:colcon.colcon_core.package_discovery:discover_packages(recursive) using defaults
[0.166s] Level 1:colcon.colcon_core.package_discovery:discover_packages(ignore) discover
[0.166s] Level 1:colcon.colcon_core.package_discovery:discover_packages(ignore) using defaults
[0.166s] Level 1:colcon.colcon_core.package_discovery:discover_packages(path) discover
[0.166s] Level 1:colcon.colcon_core.package_discovery:discover_packages(path) using defaults
[0.178s] Level 1:colcon.colcon_core.package_discovery:discover_packages(prefix_path) check parameters
[0.178s] Level 1:colcon.colcon_core.package_discovery:discover_packages(prefix_path) discover
[0.185s] DEBUG:colcon.colcon_installed_package_information.package_discovery:Found 317 installed packages in /opt/ros/humble
[0.186s] Level 1:colcon.colcon_core.package_discovery:discover_packages(prefix_path) using defaults
[0.209s] Level 5:colcon.colcon_core.verb:set package 'player_pkg' build argument 'cmake_args' from command line to 'None'
[0.209s] Level 5:colcon.colcon_core.verb:set package 'player_pkg' build argument 'cmake_target' from command line to 'None'
[0.209s] Level 5:colcon.colcon_core.verb:set package 'player_pkg' build argument 'cmake_target_skip_unavailable' from command line to 'False'
[0.209s] Level 5:colcon.colcon_core.verb:set package 'player_pkg' build argument 'cmake_clean_cache' from command line to 'False'
[0.209s] Level 5:colcon.colcon_core.verb:set package 'player_pkg' build argument 'cmake_clean_first' from command line to 'False'
[0.209s] Level 5:colcon.colcon_core.verb:set package 'player_pkg' build argument 'cmake_force_configure' from command line to 'False'
[0.209s] Level 5:colcon.colcon_core.verb:set package 'player_pkg' build argument 'ament_cmake_args' from command line to 'None'
[0.209s] Level 5:colcon.colcon_core.verb:set package 'player_pkg' build argument 'catkin_cmake_args' from command line to 'None'
[0.209s] Level 5:colcon.colcon_core.verb:set package 'player_pkg' build argument 'catkin_skip_building_tests' from command line to 'False'
[0.209s] DEBUG:colcon.colcon_core.verb:Building package 'player_pkg' with the following arguments: {'ament_cmake_args': None, 'build_base': '/home/jiangping/Vision_Arena_2025/src/player_pkg/build/player_pkg', 'catkin_cmake_args': None, 'catkin_skip_building_tests': False, 'cmake_args': None, 'cmake_clean_cache': False, 'cmake_clean_first': False, 'cmake_force_configure': False, 'cmake_target': None, 'cmake_target_skip_unavailable': False, 'install_base': '/home/jiangping/Vision_Arena_2025/src/player_pkg/install/player_pkg', 'merge_install': False, 'path': '/home/jiangping/Vision_Arena_2025/src/player_pkg', 'symlink_install': False, 'test_result_base': None}
[0.209s] INFO:colcon.colcon_core.executor:Executing jobs using 'parallel' executor
[0.210s] DEBUG:colcon.colcon_parallel_executor.executor.parallel:run_until_complete
[0.210s] INFO:colcon.colcon_ros.task.ament_cmake.build:Building ROS package in '/home/jiangping/Vision_Arena_2025/src/player_pkg' with build type 'ament_cmake'
[0.210s] INFO:colcon.colcon_cmake.task.cmake.build:Building CMake package in '/home/jiangping/Vision_Arena_2025/src/player_pkg'
[0.212s] INFO:colcon.colcon_core.plugin_system:Skipping extension 'colcon_core.shell.bat': Not used on non-Windows systems
[0.212s] INFO:colcon.colcon_core.shell:Skip shell extension 'powershell' for command environment: Not usable outside of PowerShell
[0.213s] DEBUG:colcon.colcon_core.shell:Skip shell extension 'dsv' for command environment
[0.223s] DEBUG:colcon.colcon_core.event_handler.log_command:Invoking command in '/home/jiangping/Vision_Arena_2025/src/player_pkg/build/player_pkg': CMAKE_PREFIX_PATH=/opt/ros/humble CONDA_PROMPT_MODIFIER=(base) /usr/bin/cmake --build /home/jiangping/Vision_Arena_2025/src/player_pkg/build/player_pkg -- -j8 -l8
[16.016s] DEBUG:colcon.colcon_core.event_handler.log_command:Invoked command in '/home/jiangping/Vision_Arena_2025/src/player_pkg/build/player_pkg' returned '0': CMAKE_PREFIX_PATH=/opt/ros/humble CONDA_PROMPT_MODIFIER=(base) /usr/bin/cmake --build /home/jiangping/Vision_Arena_2025/src/player_pkg/build/player_pkg -- -j8 -l8
[16.024s] DEBUG:colcon.colcon_core.event_handler.log_command:Invoking command in '/home/jiangping/Vision_Arena_2025/src/player_pkg/build/player_pkg': CMAKE_PREFIX_PATH=/opt/ros/humble CONDA_PROMPT_MODIFIER=(base) /usr/bin/cmake --install /home/jiangping/Vision_Arena_2025/src/player_pkg/build/player_pkg
[16.044s] Level 1:colcon.colcon_core.environment:create_environment_scripts_only(player_pkg)
[16.045s] DEBUG:colcon.colcon_core.event_handler.log_command:Invoked command in '/home/jiangping/Vision_Arena_2025/src/player_pkg/build/player_pkg' returned '0': CMAKE_PREFIX_PATH=/opt/ros/humble CONDA_PROMPT_MODIFIER=(base) /usr/bin/cmake --install /home/jiangping/Vision_Arena_2025/src/player_pkg/build/player_pkg
[16.046s] Level 1:colcon.colcon_core.environment:checking '/home/jiangping/Vision_Arena_2025/src/player_pkg/install/player_pkg' for CMake module files
[16.047s] Level 1:colcon.colcon_core.environment:checking '/home/jiangping/Vision_Arena_2025/src/player_pkg/install/player_pkg' for CMake config files
[16.047s] Level 1:colcon.colcon_core.shell:create_environment_hook('player_pkg', 'cmake_prefix_path')
[16.047s] INFO:colcon.colcon_core.shell:Creating environment hook '/home/jiangping/Vision_Arena_2025/src/player_pkg/install/player_pkg/share/player_pkg/hook/cmake_prefix_path.ps1'
[16.048s] INFO:colcon.colcon_core.shell:Creating environment descriptor '/home/jiangping/Vision_Arena_2025/src/player_pkg/install/player_pkg/share/player_pkg/hook/cmake_prefix_path.dsv'
[16.048s] INFO:colcon.colcon_core.shell:Creating environment hook '/home/jiangping/Vision_Arena_2025/src/player_pkg/install/player_pkg/share/player_pkg/hook/cmake_prefix_path.sh'
[16.049s] Level 1:colcon.colcon_core.environment:checking '/home/jiangping/Vision_Arena_2025/src/player_pkg/install/player_pkg/lib'
[16.049s] Level 1:colcon.colcon_core.environment:checking '/home/jiangping/Vision_Arena_2025/src/player_pkg/install/player_pkg/bin'
[16.049s] Level 1:colcon.colcon_core.environment:checking '/home/jiangping/Vision_Arena_2025/src/player_pkg/install/player_pkg/lib/pkgconfig/player_pkg.pc'
[16.049s] Level 1:colcon.colcon_core.environment:checking '/home/jiangping/Vision_Arena_2025/src/player_pkg/install/player_pkg/lib/python3.10/site-packages'
[16.050s] Level 1:colcon.colcon_core.environment:checking '/home/jiangping/Vision_Arena_2025/src/player_pkg/install/player_pkg/bin'
[16.050s] INFO:colcon.colcon_core.shell:Creating package script '/home/jiangping/Vision_Arena_2025/src/player_pkg/install/player_pkg/share/player_pkg/package.ps1'
[16.050s] INFO:colcon.colcon_core.shell:Creating package descriptor '/home/jiangping/Vision_Arena_2025/src/player_pkg/install/player_pkg/share/player_pkg/package.dsv'
[16.051s] INFO:colcon.colcon_core.shell:Creating package script '/home/jiangping/Vision_Arena_2025/src/player_pkg/install/player_pkg/share/player_pkg/package.sh'
[16.051s] INFO:colcon.colcon_core.shell:Creating package script '/home/jiangping/Vision_Arena_2025/src/player_pkg/install/player_pkg/share/player_pkg/package.bash'
[16.052s] INFO:colcon.colcon_core.shell:Creating package script '/home/jiangping/Vision_Arena_2025/src/player_pkg/install/player_pkg/share/player_pkg/package.zsh'
[16.052s] Level 1:colcon.colcon_core.environment:create_file_with_runtime_dependencies(/home/jiangping/Vision_Arena_2025/src/player_pkg/install/player_pkg/share/colcon-core/packages/player_pkg)
[16.053s] Level 1:colcon.colcon_core.environment:create_environment_scripts_only(player_pkg)
[16.053s] Level 1:colcon.colcon_core.environment:checking '/home/jiangping/Vision_Arena_2025/src/player_pkg/install/player_pkg' for CMake module files
[16.053s] Level 1:colcon.colcon_core.environment:checking '/home/jiangping/Vision_Arena_2025/src/player_pkg/install/player_pkg' for CMake config files
[16.054s] Level 1:colcon.colcon_core.shell:create_environment_hook('player_pkg', 'cmake_prefix_path')
[16.054s] INFO:colcon.colcon_core.shell:Creating environment hook '/home/jiangping/Vision_Arena_2025/src/player_pkg/install/player_pkg/share/player_pkg/hook/cmake_prefix_path.ps1'
[16.054s] INFO:colcon.colcon_core.shell:Creating environment descriptor '/home/jiangping/Vision_Arena_2025/src/player_pkg/install/player_pkg/share/player_pkg/hook/cmake_prefix_path.dsv'
[16.054s] INFO:colcon.colcon_core.shell:Creating environment hook '/home/jiangping/Vision_Arena_2025/src/player_pkg/install/player_pkg/share/player_pkg/hook/cmake_prefix_path.sh'
[16.055s] Level 1:colcon.colcon_core.environment:checking '/home/jiangping/Vision_Arena_2025/src/player_pkg/install/player_pkg/lib'
[16.055s] Level 1:colcon.colcon_core.environment:checking '/home/jiangping/Vision_Arena_2025/src/player_pkg/install/player_pkg/bin'
[16.055s] Level 1:colcon.colcon_core.environment:checking '/home/jiangping/Vision_Arena_2025/src/player_pkg/install/player_pkg/lib/pkgconfig/player_pkg.pc'
[16.055s] Level 1:colcon.colcon_core.environment:checking '/home/jiangping/Vision_Arena_2025/src/player_pkg/install/player_pkg/lib/python3.10/site-packages'
[16.055s] Level 1:colcon.colcon_core.environment:checking '/home/jiangping/Vision_Arena_2025/src/player_pkg/install/player_pkg/bin'
[16.055s] INFO:colcon.colcon_core.shell:Creating package script '/home/jiangping/Vision_Arena_2025/src/player_pkg/install/player_pkg/share/player_pkg/package.ps1'
[16.056s] INFO:colcon.colcon_core.shell:Creating package descriptor '/home/jiangping/Vision_Arena_2025/src/player_pkg/install/player_pkg/share/player_pkg/package.dsv'
[16.056s] INFO:colcon.colcon_core.shell:Creating package script '/home/jiangping/Vision_Arena_2025/src/player_pkg/install/player_pkg/share/player_pkg/package.sh'
[16.057s] INFO:colcon.colcon_core.shell:Creating package script '/home/jiangping/Vision_Arena_2025/src/player_pkg/install/player_pkg/share/player_pkg/package.bash'
[16.057s] INFO:colcon.colcon_core.shell:Creating package script '/home/jiangping/Vision_Arena_2025/src/player_pkg/install/player_pkg/share/player_pkg/package.zsh'
[16.058s] Level 1:colcon.colcon_core.environment:create_file_with_runtime_dependencies(/home/jiangping/Vision_Arena_2025/src/player_pkg/install/player_pkg/share/colcon-core/packages/player_pkg)
[16.058s] DEBUG:colcon.colcon_parallel_executor.executor.parallel:closing loop
[16.058s] DEBUG:colcon.colcon_parallel_executor.executor.parallel:loop closed
[16.058s] DEBUG:colcon.colcon_parallel_executor.executor.parallel:run_until_complete finished with '0'
[16.058s] DEBUG:colcon.colcon_core.event_reactor:joining thread
[16.063s] INFO:colcon.colcon_core.plugin_system:Skipping extension 'colcon_notification.desktop_notification.terminal_notifier': Not used on non-Darwin systems
[16.063s] INFO:colcon.colcon_core.plugin_system:Skipping extension 'colcon_notification.desktop_notification.win32': Not used on non-Windows systems
[16.063s] INFO:colcon.colcon_notification.desktop_notification:Sending desktop notification using 'notify2'
[16.077s] DEBUG:colcon.colcon_core.event_reactor:joined thread
[16.077s] INFO:colcon.colcon_core.shell:Creating prefix script '/home/jiangping/Vision_Arena_2025/src/player_pkg/install/local_setup.ps1'
[16.078s] INFO:colcon.colcon_core.shell:Creating prefix util module '/home/jiangping/Vision_Arena_2025/src/player_pkg/install/_local_setup_util_ps1.py'
[16.079s] INFO:colcon.colcon_core.shell:Creating prefix chain script '/home/jiangping/Vision_Arena_2025/src/player_pkg/install/setup.ps1'
[16.080s] INFO:colcon.colcon_core.shell:Creating prefix script '/home/jiangping/Vision_Arena_2025/src/player_pkg/install/local_setup.sh'
[16.080s] INFO:colcon.colcon_core.shell:Creating prefix util module '/home/jiangping/Vision_Arena_2025/src/player_pkg/install/_local_setup_util_sh.py'
[16.081s] INFO:colcon.colcon_core.shell:Creating prefix chain script '/home/jiangping/Vision_Arena_2025/src/player_pkg/install/setup.sh'
[16.081s] INFO:colcon.colcon_core.shell:Creating prefix script '/home/jiangping/Vision_Arena_2025/src/player_pkg/install/local_setup.bash'
[16.082s] INFO:colcon.colcon_core.shell:Creating prefix chain script '/home/jiangping/Vision_Arena_2025/src/player_pkg/install/setup.bash'
[16.082s] INFO:colcon.colcon_core.shell:Creating prefix script '/home/jiangping/Vision_Arena_2025/src/player_pkg/install/local_setup.zsh'
[16.083s] INFO:colcon.colcon_core.shell:Creating prefix chain script '/home/jiangping/Vision_Arena_2025/src/player_pkg/install/setup.zsh'
