[0.056s] DEBUG:colcon:Command line arguments: ['/usr/bin/colcon', 'list', '-p', '--base-paths', '/home/jiangping/Vision_Arena_2025']
[0.056s] DEBUG:colcon:Parsed command line arguments: Namespace(log_base=None, log_level=None, verb_name='list', build_base='build', ignore_user_meta=False, metas=['./colcon.meta'], base_paths=['/home/jiangping/Vision_Arena_2025'], packages_ignore=None, packages_ignore_regex=None, paths=None, packages_up_to=None, packages_up_to_regex=None, packages_above=None, packages_above_and_dependencies=None, packages_above_depth=None, packages_select_by_dep=None, packages_skip_by_dep=None, packages_skip_up_to=None, packages_select_build_failed=False, packages_skip_build_finished=False, packages_select_test_failures=False, packages_skip_test_passed=False, packages_select=None, packages_skip=None, packages_select_regex=None, packages_skip_regex=None, packages_start=None, packages_end=None, allow_overriding=[], topological_order=False, names_only=False, paths_only=True, topological_graph=False, topological_graph_dot=False, topological_graph_density=False, topological_graph_legend=False, topological_graph_dot_cluster=False, topological_graph_dot_include_skipped=False, verb_parser=<colcon_defaults.argument_parser.defaults.DefaultArgumentsDecorator object at 0x7bc621724e20>, verb_extension=<colcon_package_information.verb.list.ListVerb object at 0x7bc6216e7e50>, main=<bound method ListVerb.main of <colcon_package_information.verb.list.ListVerb object at 0x7bc6216e7e50>>)
[0.564s] Level 1:colcon.colcon_core.package_discovery:discover_packages(colcon_meta) check parameters
[0.564s] Level 1:colcon.colcon_core.package_discovery:discover_packages(recursive) check parameters
[0.564s] Level 1:colcon.colcon_core.package_discovery:discover_packages(ignore) check parameters
[0.564s] Level 1:colcon.colcon_core.package_discovery:discover_packages(path) check parameters
[0.564s] Level 1:colcon.colcon_core.package_discovery:discover_packages(recursive) discover
[0.564s] INFO:colcon.colcon_core.package_discovery:Crawling recursively for packages in '/home/jiangping/Vision_Arena_2025'
[0.565s] Level 1:colcon.colcon_core.package_identification:_identify(/home/jiangping/Vision_Arena_2025) by extensions ['ignore', 'ignore_ament_install']
[0.565s] Level 1:colcon.colcon_core.package_identification:_identify(/home/jiangping/Vision_Arena_2025) by extension 'ignore'
[0.565s] Level 1:colcon.colcon_core.package_identification:_identify(/home/jiangping/Vision_Arena_2025) by extension 'ignore_ament_install'
[0.565s] Level 1:colcon.colcon_core.package_identification:_identify(/home/jiangping/Vision_Arena_2025) by extensions ['colcon_pkg']
[0.565s] Level 1:colcon.colcon_core.package_identification:_identify(/home/jiangping/Vision_Arena_2025) by extension 'colcon_pkg'
[0.565s] Level 1:colcon.colcon_core.package_identification:_identify(/home/jiangping/Vision_Arena_2025) by extensions ['colcon_meta']
[0.565s] Level 1:colcon.colcon_core.package_identification:_identify(/home/jiangping/Vision_Arena_2025) by extension 'colcon_meta'
[0.565s] Level 1:colcon.colcon_core.package_identification:_identify(/home/jiangping/Vision_Arena_2025) by extensions ['ros']
[0.565s] Level 1:colcon.colcon_core.package_identification:_identify(/home/jiangping/Vision_Arena_2025) by extension 'ros'
[0.574s] Level 1:colcon.colcon_core.package_identification:_identify(/home/jiangping/Vision_Arena_2025) by extensions ['cmake', 'python']
[0.574s] Level 1:colcon.colcon_core.package_identification:_identify(/home/jiangping/Vision_Arena_2025) by extension 'cmake'
[0.574s] Level 1:colcon.colcon_core.package_identification:_identify(/home/jiangping/Vision_Arena_2025) by extension 'python'
[0.574s] Level 1:colcon.colcon_core.package_identification:_identify(/home/jiangping/Vision_Arena_2025) by extensions ['python_setup_py']
[0.574s] Level 1:colcon.colcon_core.package_identification:_identify(/home/jiangping/Vision_Arena_2025) by extension 'python_setup_py'
[0.575s] Level 1:colcon.colcon_core.package_identification:_identify(/home/jiangping/Vision_Arena_2025/doc) by extensions ['ignore', 'ignore_ament_install']
[0.575s] Level 1:colcon.colcon_core.package_identification:_identify(/home/jiangping/Vision_Arena_2025/doc) by extension 'ignore'
[0.575s] Level 1:colcon.colcon_core.package_identification:_identify(/home/jiangping/Vision_Arena_2025/doc) by extension 'ignore_ament_install'
[0.575s] Level 1:colcon.colcon_core.package_identification:_identify(/home/jiangping/Vision_Arena_2025/doc) by extensions ['colcon_pkg']
[0.575s] Level 1:colcon.colcon_core.package_identification:_identify(/home/jiangping/Vision_Arena_2025/doc) by extension 'colcon_pkg'
[0.575s] Level 1:colcon.colcon_core.package_identification:_identify(/home/jiangping/Vision_Arena_2025/doc) by extensions ['colcon_meta']
[0.575s] Level 1:colcon.colcon_core.package_identification:_identify(/home/jiangping/Vision_Arena_2025/doc) by extension 'colcon_meta'
[0.575s] Level 1:colcon.colcon_core.package_identification:_identify(/home/jiangping/Vision_Arena_2025/doc) by extensions ['ros']
[0.575s] Level 1:colcon.colcon_core.package_identification:_identify(/home/jiangping/Vision_Arena_2025/doc) by extension 'ros'
[0.575s] Level 1:colcon.colcon_core.package_identification:_identify(/home/jiangping/Vision_Arena_2025/doc) by extensions ['cmake', 'python']
[0.575s] Level 1:colcon.colcon_core.package_identification:_identify(/home/jiangping/Vision_Arena_2025/doc) by extension 'cmake'
[0.575s] Level 1:colcon.colcon_core.package_identification:_identify(/home/jiangping/Vision_Arena_2025/doc) by extension 'python'
[0.575s] Level 1:colcon.colcon_core.package_identification:_identify(/home/jiangping/Vision_Arena_2025/doc) by extensions ['python_setup_py']
[0.575s] Level 1:colcon.colcon_core.package_identification:_identify(/home/jiangping/Vision_Arena_2025/doc) by extension 'python_setup_py'
[0.575s] Level 1:colcon.colcon_core.package_identification:_identify(/home/jiangping/Vision_Arena_2025/install) by extensions ['ignore', 'ignore_ament_install']
[0.575s] Level 1:colcon.colcon_core.package_identification:_identify(/home/jiangping/Vision_Arena_2025/install) by extension 'ignore'
[0.575s] Level 1:colcon.colcon_core.package_identification:_identify(/home/jiangping/Vision_Arena_2025/install) ignored
[0.575s] Level 1:colcon.colcon_core.package_identification:_identify(/home/jiangping/Vision_Arena_2025/log) by extensions ['ignore', 'ignore_ament_install']
[0.575s] Level 1:colcon.colcon_core.package_identification:_identify(/home/jiangping/Vision_Arena_2025/log) by extension 'ignore'
[0.575s] Level 1:colcon.colcon_core.package_identification:_identify(/home/jiangping/Vision_Arena_2025/log) ignored
[0.575s] Level 1:colcon.colcon_core.package_identification:_identify(/home/jiangping/Vision_Arena_2025/resource) by extensions ['ignore', 'ignore_ament_install']
[0.575s] Level 1:colcon.colcon_core.package_identification:_identify(/home/jiangping/Vision_Arena_2025/resource) by extension 'ignore'
[0.575s] Level 1:colcon.colcon_core.package_identification:_identify(/home/jiangping/Vision_Arena_2025/resource) by extension 'ignore_ament_install'
[0.575s] Level 1:colcon.colcon_core.package_identification:_identify(/home/jiangping/Vision_Arena_2025/resource) by extensions ['colcon_pkg']
[0.575s] Level 1:colcon.colcon_core.package_identification:_identify(/home/jiangping/Vision_Arena_2025/resource) by extension 'colcon_pkg'
[0.575s] Level 1:colcon.colcon_core.package_identification:_identify(/home/jiangping/Vision_Arena_2025/resource) by extensions ['colcon_meta']
[0.575s] Level 1:colcon.colcon_core.package_identification:_identify(/home/jiangping/Vision_Arena_2025/resource) by extension 'colcon_meta'
[0.575s] Level 1:colcon.colcon_core.package_identification:_identify(/home/jiangping/Vision_Arena_2025/resource) by extensions ['ros']
[0.575s] Level 1:colcon.colcon_core.package_identification:_identify(/home/jiangping/Vision_Arena_2025/resource) by extension 'ros'
[0.575s] Level 1:colcon.colcon_core.package_identification:_identify(/home/jiangping/Vision_Arena_2025/resource) by extensions ['cmake', 'python']
[0.575s] Level 1:colcon.colcon_core.package_identification:_identify(/home/jiangping/Vision_Arena_2025/resource) by extension 'cmake'
[0.576s] Level 1:colcon.colcon_core.package_identification:_identify(/home/jiangping/Vision_Arena_2025/resource) by extension 'python'
[0.576s] Level 1:colcon.colcon_core.package_identification:_identify(/home/jiangping/Vision_Arena_2025/resource) by extensions ['python_setup_py']
[0.576s] Level 1:colcon.colcon_core.package_identification:_identify(/home/jiangping/Vision_Arena_2025/resource) by extension 'python_setup_py'
[0.576s] Level 1:colcon.colcon_core.package_identification:_identify(/home/jiangping/Vision_Arena_2025/results) by extensions ['ignore', 'ignore_ament_install']
[0.576s] Level 1:colcon.colcon_core.package_identification:_identify(/home/jiangping/Vision_Arena_2025/results) by extension 'ignore'
[0.576s] Level 1:colcon.colcon_core.package_identification:_identify(/home/jiangping/Vision_Arena_2025/results) by extension 'ignore_ament_install'
[0.576s] Level 1:colcon.colcon_core.package_identification:_identify(/home/jiangping/Vision_Arena_2025/results) by extensions ['colcon_pkg']
[0.576s] Level 1:colcon.colcon_core.package_identification:_identify(/home/jiangping/Vision_Arena_2025/results) by extension 'colcon_pkg'
[0.576s] Level 1:colcon.colcon_core.package_identification:_identify(/home/jiangping/Vision_Arena_2025/results) by extensions ['colcon_meta']
[0.576s] Level 1:colcon.colcon_core.package_identification:_identify(/home/jiangping/Vision_Arena_2025/results) by extension 'colcon_meta'
[0.576s] Level 1:colcon.colcon_core.package_identification:_identify(/home/jiangping/Vision_Arena_2025/results) by extensions ['ros']
[0.576s] Level 1:colcon.colcon_core.package_identification:_identify(/home/jiangping/Vision_Arena_2025/results) by extension 'ros'
[0.576s] Level 1:colcon.colcon_core.package_identification:_identify(/home/jiangping/Vision_Arena_2025/results) by extensions ['cmake', 'python']
[0.576s] Level 1:colcon.colcon_core.package_identification:_identify(/home/jiangping/Vision_Arena_2025/results) by extension 'cmake'
[0.576s] Level 1:colcon.colcon_core.package_identification:_identify(/home/jiangping/Vision_Arena_2025/results) by extension 'python'
[0.576s] Level 1:colcon.colcon_core.package_identification:_identify(/home/jiangping/Vision_Arena_2025/results) by extensions ['python_setup_py']
[0.576s] Level 1:colcon.colcon_core.package_identification:_identify(/home/jiangping/Vision_Arena_2025/results) by extension 'python_setup_py'
[0.576s] Level 1:colcon.colcon_core.package_identification:_identify(/home/jiangping/Vision_Arena_2025/src) by extensions ['ignore', 'ignore_ament_install']
[0.576s] Level 1:colcon.colcon_core.package_identification:_identify(/home/jiangping/Vision_Arena_2025/src) by extension 'ignore'
[0.576s] Level 1:colcon.colcon_core.package_identification:_identify(/home/jiangping/Vision_Arena_2025/src) by extension 'ignore_ament_install'
[0.576s] Level 1:colcon.colcon_core.package_identification:_identify(/home/jiangping/Vision_Arena_2025/src) by extensions ['colcon_pkg']
[0.576s] Level 1:colcon.colcon_core.package_identification:_identify(/home/jiangping/Vision_Arena_2025/src) by extension 'colcon_pkg'
[0.576s] Level 1:colcon.colcon_core.package_identification:_identify(/home/jiangping/Vision_Arena_2025/src) by extensions ['colcon_meta']
[0.576s] Level 1:colcon.colcon_core.package_identification:_identify(/home/jiangping/Vision_Arena_2025/src) by extension 'colcon_meta'
[0.576s] Level 1:colcon.colcon_core.package_identification:_identify(/home/jiangping/Vision_Arena_2025/src) by extensions ['ros']
[0.576s] Level 1:colcon.colcon_core.package_identification:_identify(/home/jiangping/Vision_Arena_2025/src) by extension 'ros'
[0.576s] Level 1:colcon.colcon_core.package_identification:_identify(/home/jiangping/Vision_Arena_2025/src) by extensions ['cmake', 'python']
[0.576s] Level 1:colcon.colcon_core.package_identification:_identify(/home/jiangping/Vision_Arena_2025/src) by extension 'cmake'
[0.576s] Level 1:colcon.colcon_core.package_identification:_identify(/home/jiangping/Vision_Arena_2025/src) by extension 'python'
[0.576s] Level 1:colcon.colcon_core.package_identification:_identify(/home/jiangping/Vision_Arena_2025/src) by extensions ['python_setup_py']
[0.576s] Level 1:colcon.colcon_core.package_identification:_identify(/home/jiangping/Vision_Arena_2025/src) by extension 'python_setup_py'
[0.576s] Level 1:colcon.colcon_core.package_identification:_identify(/home/jiangping/Vision_Arena_2025/src/player_pkg) by extensions ['ignore', 'ignore_ament_install']
[0.576s] Level 1:colcon.colcon_core.package_identification:_identify(/home/jiangping/Vision_Arena_2025/src/player_pkg) by extension 'ignore'
[0.576s] Level 1:colcon.colcon_core.package_identification:_identify(/home/jiangping/Vision_Arena_2025/src/player_pkg) by extension 'ignore_ament_install'
[0.576s] Level 1:colcon.colcon_core.package_identification:_identify(/home/jiangping/Vision_Arena_2025/src/player_pkg) by extensions ['colcon_pkg']
[0.576s] Level 1:colcon.colcon_core.package_identification:_identify(/home/jiangping/Vision_Arena_2025/src/player_pkg) by extension 'colcon_pkg'
[0.577s] Level 1:colcon.colcon_core.package_identification:_identify(/home/jiangping/Vision_Arena_2025/src/player_pkg) by extensions ['colcon_meta']
[0.577s] Level 1:colcon.colcon_core.package_identification:_identify(/home/jiangping/Vision_Arena_2025/src/player_pkg) by extension 'colcon_meta'
[0.577s] Level 1:colcon.colcon_core.package_identification:_identify(/home/jiangping/Vision_Arena_2025/src/player_pkg) by extensions ['ros']
[0.577s] Level 1:colcon.colcon_core.package_identification:_identify(/home/jiangping/Vision_Arena_2025/src/player_pkg) by extension 'ros'
[0.578s] DEBUG:colcon.colcon_core.package_identification:Package '/home/jiangping/Vision_Arena_2025/src/player_pkg' with type 'ros.ament_cmake' and name 'player_pkg'
[0.578s] Level 1:colcon.colcon_core.package_identification:_identify(/home/jiangping/Vision_Arena_2025/src/target_model_pkg) by extensions ['ignore', 'ignore_ament_install']
[0.578s] Level 1:colcon.colcon_core.package_identification:_identify(/home/jiangping/Vision_Arena_2025/src/target_model_pkg) by extension 'ignore'
[0.578s] Level 1:colcon.colcon_core.package_identification:_identify(/home/jiangping/Vision_Arena_2025/src/target_model_pkg) by extension 'ignore_ament_install'
[0.578s] Level 1:colcon.colcon_core.package_identification:_identify(/home/jiangping/Vision_Arena_2025/src/target_model_pkg) by extensions ['colcon_pkg']
[0.578s] Level 1:colcon.colcon_core.package_identification:_identify(/home/jiangping/Vision_Arena_2025/src/target_model_pkg) by extension 'colcon_pkg'
[0.579s] Level 1:colcon.colcon_core.package_identification:_identify(/home/jiangping/Vision_Arena_2025/src/target_model_pkg) by extensions ['colcon_meta']
[0.579s] Level 1:colcon.colcon_core.package_identification:_identify(/home/jiangping/Vision_Arena_2025/src/target_model_pkg) by extension 'colcon_meta'
[0.579s] Level 1:colcon.colcon_core.package_identification:_identify(/home/jiangping/Vision_Arena_2025/src/target_model_pkg) by extensions ['ros']
[0.579s] Level 1:colcon.colcon_core.package_identification:_identify(/home/jiangping/Vision_Arena_2025/src/target_model_pkg) by extension 'ros'
[0.579s] Level 1:colcon.colcon_core.package_identification:_identify(/home/jiangping/Vision_Arena_2025/src/target_model_pkg) by extensions ['cmake', 'python']
[0.579s] Level 1:colcon.colcon_core.package_identification:_identify(/home/jiangping/Vision_Arena_2025/src/target_model_pkg) by extension 'cmake'
[0.579s] Level 1:colcon.colcon_core.package_identification:_identify(/home/jiangping/Vision_Arena_2025/src/target_model_pkg) by extension 'python'
[0.579s] Level 1:colcon.colcon_core.package_identification:_identify(/home/jiangping/Vision_Arena_2025/src/target_model_pkg) by extensions ['python_setup_py']
[0.579s] Level 1:colcon.colcon_core.package_identification:_identify(/home/jiangping/Vision_Arena_2025/src/target_model_pkg) by extension 'python_setup_py'
[0.579s] Level 1:colcon.colcon_core.package_identification:_identify(/home/jiangping/Vision_Arena_2025/src/target_model_pkg/urdf) by extensions ['ignore', 'ignore_ament_install']
[0.579s] Level 1:colcon.colcon_core.package_identification:_identify(/home/jiangping/Vision_Arena_2025/src/target_model_pkg/urdf) by extension 'ignore'
[0.579s] Level 1:colcon.colcon_core.package_identification:_identify(/home/jiangping/Vision_Arena_2025/src/target_model_pkg/urdf) by extension 'ignore_ament_install'
[0.579s] Level 1:colcon.colcon_core.package_identification:_identify(/home/jiangping/Vision_Arena_2025/src/target_model_pkg/urdf) by extensions ['colcon_pkg']
[0.579s] Level 1:colcon.colcon_core.package_identification:_identify(/home/jiangping/Vision_Arena_2025/src/target_model_pkg/urdf) by extension 'colcon_pkg'
[0.579s] Level 1:colcon.colcon_core.package_identification:_identify(/home/jiangping/Vision_Arena_2025/src/target_model_pkg/urdf) by extensions ['colcon_meta']
[0.579s] Level 1:colcon.colcon_core.package_identification:_identify(/home/jiangping/Vision_Arena_2025/src/target_model_pkg/urdf) by extension 'colcon_meta'
[0.579s] Level 1:colcon.colcon_core.package_identification:_identify(/home/jiangping/Vision_Arena_2025/src/target_model_pkg/urdf) by extensions ['ros']
[0.579s] Level 1:colcon.colcon_core.package_identification:_identify(/home/jiangping/Vision_Arena_2025/src/target_model_pkg/urdf) by extension 'ros'
[0.579s] Level 1:colcon.colcon_core.package_identification:_identify(/home/jiangping/Vision_Arena_2025/src/target_model_pkg/urdf) by extensions ['cmake', 'python']
[0.579s] Level 1:colcon.colcon_core.package_identification:_identify(/home/jiangping/Vision_Arena_2025/src/target_model_pkg/urdf) by extension 'cmake'
[0.579s] Level 1:colcon.colcon_core.package_identification:_identify(/home/jiangping/Vision_Arena_2025/src/target_model_pkg/urdf) by extension 'python'
[0.579s] Level 1:colcon.colcon_core.package_identification:_identify(/home/jiangping/Vision_Arena_2025/src/target_model_pkg/urdf) by extensions ['python_setup_py']
[0.579s] Level 1:colcon.colcon_core.package_identification:_identify(/home/jiangping/Vision_Arena_2025/src/target_model_pkg/urdf) by extension 'python_setup_py'
[0.579s] Level 1:colcon.colcon_core.package_identification:_identify(/home/jiangping/Vision_Arena_2025/src/target_model_pkg/urdf/armor) by extensions ['ignore', 'ignore_ament_install']
[0.579s] Level 1:colcon.colcon_core.package_identification:_identify(/home/jiangping/Vision_Arena_2025/src/target_model_pkg/urdf/armor) by extension 'ignore'
[0.579s] Level 1:colcon.colcon_core.package_identification:_identify(/home/jiangping/Vision_Arena_2025/src/target_model_pkg/urdf/armor) by extension 'ignore_ament_install'
[0.579s] Level 1:colcon.colcon_core.package_identification:_identify(/home/jiangping/Vision_Arena_2025/src/target_model_pkg/urdf/armor) by extensions ['colcon_pkg']
[0.579s] Level 1:colcon.colcon_core.package_identification:_identify(/home/jiangping/Vision_Arena_2025/src/target_model_pkg/urdf/armor) by extension 'colcon_pkg'
[0.579s] Level 1:colcon.colcon_core.package_identification:_identify(/home/jiangping/Vision_Arena_2025/src/target_model_pkg/urdf/armor) by extensions ['colcon_meta']
[0.579s] Level 1:colcon.colcon_core.package_identification:_identify(/home/jiangping/Vision_Arena_2025/src/target_model_pkg/urdf/armor) by extension 'colcon_meta'
[0.579s] Level 1:colcon.colcon_core.package_identification:_identify(/home/jiangping/Vision_Arena_2025/src/target_model_pkg/urdf/armor) by extensions ['ros']
[0.579s] Level 1:colcon.colcon_core.package_identification:_identify(/home/jiangping/Vision_Arena_2025/src/target_model_pkg/urdf/armor) by extension 'ros'
[0.579s] Level 1:colcon.colcon_core.package_identification:_identify(/home/jiangping/Vision_Arena_2025/src/target_model_pkg/urdf/armor) by extensions ['cmake', 'python']
[0.579s] Level 1:colcon.colcon_core.package_identification:_identify(/home/jiangping/Vision_Arena_2025/src/target_model_pkg/urdf/armor) by extension 'cmake'
[0.579s] Level 1:colcon.colcon_core.package_identification:_identify(/home/jiangping/Vision_Arena_2025/src/target_model_pkg/urdf/armor) by extension 'python'
[0.579s] Level 1:colcon.colcon_core.package_identification:_identify(/home/jiangping/Vision_Arena_2025/src/target_model_pkg/urdf/armor) by extensions ['python_setup_py']
[0.579s] Level 1:colcon.colcon_core.package_identification:_identify(/home/jiangping/Vision_Arena_2025/src/target_model_pkg/urdf/armor) by extension 'python_setup_py'
[0.580s] Level 1:colcon.colcon_core.package_identification:_identify(/home/jiangping/Vision_Arena_2025/src/target_model_pkg/urdf/armor/meshes) by extensions ['ignore', 'ignore_ament_install']
[0.580s] Level 1:colcon.colcon_core.package_identification:_identify(/home/jiangping/Vision_Arena_2025/src/target_model_pkg/urdf/armor/meshes) by extension 'ignore'
[0.580s] Level 1:colcon.colcon_core.package_identification:_identify(/home/jiangping/Vision_Arena_2025/src/target_model_pkg/urdf/armor/meshes) by extension 'ignore_ament_install'
[0.580s] Level 1:colcon.colcon_core.package_identification:_identify(/home/jiangping/Vision_Arena_2025/src/target_model_pkg/urdf/armor/meshes) by extensions ['colcon_pkg']
[0.580s] Level 1:colcon.colcon_core.package_identification:_identify(/home/jiangping/Vision_Arena_2025/src/target_model_pkg/urdf/armor/meshes) by extension 'colcon_pkg'
[0.580s] Level 1:colcon.colcon_core.package_identification:_identify(/home/jiangping/Vision_Arena_2025/src/target_model_pkg/urdf/armor/meshes) by extensions ['colcon_meta']
[0.580s] Level 1:colcon.colcon_core.package_identification:_identify(/home/jiangping/Vision_Arena_2025/src/target_model_pkg/urdf/armor/meshes) by extension 'colcon_meta'
[0.580s] Level 1:colcon.colcon_core.package_identification:_identify(/home/jiangping/Vision_Arena_2025/src/target_model_pkg/urdf/armor/meshes) by extensions ['ros']
[0.580s] Level 1:colcon.colcon_core.package_identification:_identify(/home/jiangping/Vision_Arena_2025/src/target_model_pkg/urdf/armor/meshes) by extension 'ros'
[0.580s] Level 1:colcon.colcon_core.package_identification:_identify(/home/jiangping/Vision_Arena_2025/src/target_model_pkg/urdf/armor/meshes) by extensions ['cmake', 'python']
[0.580s] Level 1:colcon.colcon_core.package_identification:_identify(/home/jiangping/Vision_Arena_2025/src/target_model_pkg/urdf/armor/meshes) by extension 'cmake'
[0.580s] Level 1:colcon.colcon_core.package_identification:_identify(/home/jiangping/Vision_Arena_2025/src/target_model_pkg/urdf/armor/meshes) by extension 'python'
[0.580s] Level 1:colcon.colcon_core.package_identification:_identify(/home/jiangping/Vision_Arena_2025/src/target_model_pkg/urdf/armor/meshes) by extensions ['python_setup_py']
[0.580s] Level 1:colcon.colcon_core.package_identification:_identify(/home/jiangping/Vision_Arena_2025/src/target_model_pkg/urdf/armor/meshes) by extension 'python_setup_py'
[0.580s] Level 1:colcon.colcon_core.package_identification:_identify(/home/jiangping/Vision_Arena_2025/src/target_model_pkg/urdf/armor/textures) by extensions ['ignore', 'ignore_ament_install']
[0.580s] Level 1:colcon.colcon_core.package_identification:_identify(/home/jiangping/Vision_Arena_2025/src/target_model_pkg/urdf/armor/textures) by extension 'ignore'
[0.580s] Level 1:colcon.colcon_core.package_identification:_identify(/home/jiangping/Vision_Arena_2025/src/target_model_pkg/urdf/armor/textures) by extension 'ignore_ament_install'
[0.580s] Level 1:colcon.colcon_core.package_identification:_identify(/home/jiangping/Vision_Arena_2025/src/target_model_pkg/urdf/armor/textures) by extensions ['colcon_pkg']
[0.580s] Level 1:colcon.colcon_core.package_identification:_identify(/home/jiangping/Vision_Arena_2025/src/target_model_pkg/urdf/armor/textures) by extension 'colcon_pkg'
[0.580s] Level 1:colcon.colcon_core.package_identification:_identify(/home/jiangping/Vision_Arena_2025/src/target_model_pkg/urdf/armor/textures) by extensions ['colcon_meta']
[0.580s] Level 1:colcon.colcon_core.package_identification:_identify(/home/jiangping/Vision_Arena_2025/src/target_model_pkg/urdf/armor/textures) by extension 'colcon_meta'
[0.580s] Level 1:colcon.colcon_core.package_identification:_identify(/home/jiangping/Vision_Arena_2025/src/target_model_pkg/urdf/armor/textures) by extensions ['ros']
[0.580s] Level 1:colcon.colcon_core.package_identification:_identify(/home/jiangping/Vision_Arena_2025/src/target_model_pkg/urdf/armor/textures) by extension 'ros'
[0.580s] Level 1:colcon.colcon_core.package_identification:_identify(/home/jiangping/Vision_Arena_2025/src/target_model_pkg/urdf/armor/textures) by extensions ['cmake', 'python']
[0.580s] Level 1:colcon.colcon_core.package_identification:_identify(/home/jiangping/Vision_Arena_2025/src/target_model_pkg/urdf/armor/textures) by extension 'cmake'
[0.580s] Level 1:colcon.colcon_core.package_identification:_identify(/home/jiangping/Vision_Arena_2025/src/target_model_pkg/urdf/armor/textures) by extension 'python'
[0.580s] Level 1:colcon.colcon_core.package_identification:_identify(/home/jiangping/Vision_Arena_2025/src/target_model_pkg/urdf/armor/textures) by extensions ['python_setup_py']
[0.580s] Level 1:colcon.colcon_core.package_identification:_identify(/home/jiangping/Vision_Arena_2025/src/target_model_pkg/urdf/armor/textures) by extension 'python_setup_py'
[0.580s] Level 1:colcon.colcon_core.package_identification:_identify(/home/jiangping/Vision_Arena_2025/src/target_model_pkg/urdf/rectangle) by extensions ['ignore', 'ignore_ament_install']
[0.580s] Level 1:colcon.colcon_core.package_identification:_identify(/home/jiangping/Vision_Arena_2025/src/target_model_pkg/urdf/rectangle) by extension 'ignore'
[0.580s] Level 1:colcon.colcon_core.package_identification:_identify(/home/jiangping/Vision_Arena_2025/src/target_model_pkg/urdf/rectangle) by extension 'ignore_ament_install'
[0.580s] Level 1:colcon.colcon_core.package_identification:_identify(/home/jiangping/Vision_Arena_2025/src/target_model_pkg/urdf/rectangle) by extensions ['colcon_pkg']
[0.580s] Level 1:colcon.colcon_core.package_identification:_identify(/home/jiangping/Vision_Arena_2025/src/target_model_pkg/urdf/rectangle) by extension 'colcon_pkg'
[0.580s] Level 1:colcon.colcon_core.package_identification:_identify(/home/jiangping/Vision_Arena_2025/src/target_model_pkg/urdf/rectangle) by extensions ['colcon_meta']
[0.580s] Level 1:colcon.colcon_core.package_identification:_identify(/home/jiangping/Vision_Arena_2025/src/target_model_pkg/urdf/rectangle) by extension 'colcon_meta'
[0.581s] Level 1:colcon.colcon_core.package_identification:_identify(/home/jiangping/Vision_Arena_2025/src/target_model_pkg/urdf/rectangle) by extensions ['ros']
[0.581s] Level 1:colcon.colcon_core.package_identification:_identify(/home/jiangping/Vision_Arena_2025/src/target_model_pkg/urdf/rectangle) by extension 'ros'
[0.581s] Level 1:colcon.colcon_core.package_identification:_identify(/home/jiangping/Vision_Arena_2025/src/target_model_pkg/urdf/rectangle) by extensions ['cmake', 'python']
[0.581s] Level 1:colcon.colcon_core.package_identification:_identify(/home/jiangping/Vision_Arena_2025/src/target_model_pkg/urdf/rectangle) by extension 'cmake'
[0.581s] Level 1:colcon.colcon_core.package_identification:_identify(/home/jiangping/Vision_Arena_2025/src/target_model_pkg/urdf/rectangle) by extension 'python'
[0.581s] Level 1:colcon.colcon_core.package_identification:_identify(/home/jiangping/Vision_Arena_2025/src/target_model_pkg/urdf/rectangle) by extensions ['python_setup_py']
[0.581s] Level 1:colcon.colcon_core.package_identification:_identify(/home/jiangping/Vision_Arena_2025/src/target_model_pkg/urdf/rectangle) by extension 'python_setup_py'
[0.581s] Level 1:colcon.colcon_core.package_identification:_identify(/home/jiangping/Vision_Arena_2025/src/target_model_pkg/urdf/sphere) by extensions ['ignore', 'ignore_ament_install']
[0.581s] Level 1:colcon.colcon_core.package_identification:_identify(/home/jiangping/Vision_Arena_2025/src/target_model_pkg/urdf/sphere) by extension 'ignore'
[0.581s] Level 1:colcon.colcon_core.package_identification:_identify(/home/jiangping/Vision_Arena_2025/src/target_model_pkg/urdf/sphere) by extension 'ignore_ament_install'
[0.581s] Level 1:colcon.colcon_core.package_identification:_identify(/home/jiangping/Vision_Arena_2025/src/target_model_pkg/urdf/sphere) by extensions ['colcon_pkg']
[0.581s] Level 1:colcon.colcon_core.package_identification:_identify(/home/jiangping/Vision_Arena_2025/src/target_model_pkg/urdf/sphere) by extension 'colcon_pkg'
[0.581s] Level 1:colcon.colcon_core.package_identification:_identify(/home/jiangping/Vision_Arena_2025/src/target_model_pkg/urdf/sphere) by extensions ['colcon_meta']
[0.581s] Level 1:colcon.colcon_core.package_identification:_identify(/home/jiangping/Vision_Arena_2025/src/target_model_pkg/urdf/sphere) by extension 'colcon_meta'
[0.581s] Level 1:colcon.colcon_core.package_identification:_identify(/home/jiangping/Vision_Arena_2025/src/target_model_pkg/urdf/sphere) by extensions ['ros']
[0.581s] Level 1:colcon.colcon_core.package_identification:_identify(/home/jiangping/Vision_Arena_2025/src/target_model_pkg/urdf/sphere) by extension 'ros'
[0.581s] Level 1:colcon.colcon_core.package_identification:_identify(/home/jiangping/Vision_Arena_2025/src/target_model_pkg/urdf/sphere) by extensions ['cmake', 'python']
[0.581s] Level 1:colcon.colcon_core.package_identification:_identify(/home/jiangping/Vision_Arena_2025/src/target_model_pkg/urdf/sphere) by extension 'cmake'
[0.581s] Level 1:colcon.colcon_core.package_identification:_identify(/home/jiangping/Vision_Arena_2025/src/target_model_pkg/urdf/sphere) by extension 'python'
[0.581s] Level 1:colcon.colcon_core.package_identification:_identify(/home/jiangping/Vision_Arena_2025/src/target_model_pkg/urdf/sphere) by extensions ['python_setup_py']
[0.581s] Level 1:colcon.colcon_core.package_identification:_identify(/home/jiangping/Vision_Arena_2025/src/target_model_pkg/urdf/sphere) by extension 'python_setup_py'
[0.581s] Level 1:colcon.colcon_core.package_discovery:discover_packages(recursive) using defaults
