[0.011s] Invoking command in '/home/jiangping/Vision_Arena_2025/src/player_pkg/build/player_pkg': CMAKE_PREFIX_PATH=/opt/ros/humble CONDA_PROMPT_MODIFIER=(base) /usr/bin/cmake --build /home/jiangping/Vision_Arena_2025/src/player_pkg/build/player_pkg -- -j8 -l8
[0.042s] -- Found ament_cmake: 1.3.12 (/opt/ros/humble/share/ament_cmake/cmake)
[0.125s] -- Found rclcpp: 16.0.15 (/opt/ros/humble/share/rclcpp/cmake)
[0.144s] -- Found rosidl_generator_c: 3.1.7 (/opt/ros/humble/share/rosidl_generator_c/cmake)
[0.145s] -- Found rosidl_adapter: 3.1.7 (/opt/ros/humble/share/rosidl_adapter/cmake)
[0.149s] -- Found rosidl_generator_cpp: 3.1.7 (/opt/ros/humble/share/rosidl_generator_cpp/cmake)
[0.154s] -- Using all available rosidl_typesupport_c: rosidl_typesupport_fastrtps_c;rosidl_typesupport_introspection_c
[0.162s] -- Using all available rosidl_typesupport_cpp: rosidl_typesupport_fastrtps_cpp;rosidl_typesupport_introspection_cpp
[0.181s] -- Found rmw_implementation_cmake: 6.1.2 (/opt/ros/humble/share/rmw_implementation_cmake/cmake)
[0.182s] -- Found rmw_fastrtps_cpp: 6.2.8 (/opt/ros/humble/share/rmw_fastrtps_cpp/cmake)
[0.265s] -- Using RMW implementation 'rmw_fastrtps_cpp' as default
[0.293s] -- Found gazebo_msgs: 3.9.0 (/opt/ros/humble/share/gazebo_msgs/cmake)
[0.325s] -- Found pose_msg: 0.0.0 (/home/jiangping/Vision_Arena_2025/install/pose_msg/share/pose_msg/cmake)
[0.333s] -- Found cv_bridge: 3.2.1 (/opt/ros/humble/share/cv_bridge/cmake)
[0.344s] -- Found referee_pkg: 0.0.0 (/home/jiangping/Vision_Arena_2025/install/referee_pkg/share/referee_pkg/cmake)
[0.362s] [31mCMake Error at CMakeLists.txt:19 (find_package):
[0.362s]   By not providing "FindTorch.cmake" in CMAKE_MODULE_PATH this project has
[0.362s]   asked CMake to find a package configuration file provided by "Torch", but
[0.363s]   CMake did not find one.
[0.363s] 
[0.363s]   Could not find a package configuration file provided by "Torch" with any of
[0.363s]   the following names:
[0.363s] 
[0.363s]     TorchConfig.cmake
[0.363s]     torch-config.cmake
[0.363s] 
[0.363s]   Add the installation prefix of "Torch" to CMAKE_PREFIX_PATH or set
[0.363s]   "Torch_DIR" to a directory containing one of the above files.  If "Torch"
[0.363s]   provides a separate development package or SDK, be sure it has been
[0.363s]   installed.
[0.363s] 
[0.363s] [0m
[0.363s] -- Configuring incomplete, errors occurred!
[0.363s] See also "/home/jiangping/Vision_Arena_2025/src/player_pkg/build/player_pkg/CMakeFiles/CMakeOutput.log".
[0.368s] gmake: *** [Makefile:267: cmake_check_build_system] Error 1
[0.372s] Invoked command in '/home/jiangping/Vision_Arena_2025/src/player_pkg/build/player_pkg' returned '2': CMAKE_PREFIX_PATH=/opt/ros/humble CONDA_PROMPT_MODIFIER=(base) /usr/bin/cmake --build /home/jiangping/Vision_Arena_2025/src/player_pkg/build/player_pkg -- -j8 -l8
