[35m[1mConsolidate compiler generated dependencies of target detect[0m
[ 50%] [32mBuilding CXX object CMakeFiles/detect.dir/src/camera_detector.cpp.o[0m
[01m[K/home/jiangping/VisionArena/detector/src/camera_detector.cpp:[m[K In member function ‘[01m[Kcv::Mat detector::findObjects(const cv::Mat&)[m[K’:
[01m[K/home/jiangping/VisionArena/detector/src/camera_detector.cpp:66:27:[m[K [01;35m[Kwarning: [m[Kcomparison of integer expressions of different signedness: ‘[01m[Kint[m[K’ and ‘[01m[Kstd::vector<std::vector<cv::Point_<int> > >::size_type[m[K’ {aka ‘[01m[Klong unsigned int[m[K’} [[01;35m[K]8;;https://gcc.gnu.org/onlinedocs/gcc/Warning-Options.html#index-Wsign-compare-Wsign-compare]8;;[m[K]
   66 |         for (int i = 0; [01;35m[Ki < contours.size()[m[K; i++)
      |                         [01;35m[K~~^~~~~~~~~~~~~~~~~[m[K
[100%] [32m[1mLinking CXX executable detect[0m
/usr/bin/ld: warning: libopencv_imgcodecs.so.4.5d, needed by /opt/ros/humble/lib/libcv_bridge.so, may conflict with libopencv_imgcodecs.so.405
/usr/bin/ld: warning: libopencv_imgproc.so.4.5d, needed by /opt/ros/humble/lib/libcv_bridge.so, may conflict with libopencv_imgproc.so.405
/usr/bin/ld: warning: libopencv_core.so.4.5d, needed by /opt/ros/humble/lib/libcv_bridge.so, may conflict with libopencv_core.so.405
[100%] Built target detect
-- Install configuration: ""
-- Installing: /home/jiangping/VisionArena/detector/install/sphere_detect/lib/sphere_detect/detect
-- Set runtime path of "/home/jiangping/VisionArena/detector/install/sphere_detect/lib/sphere_detect/detect" to ""
-- Up-to-date: /home/jiangping/VisionArena/detector/install/sphere_detect/share/ament_index/resource_index/package_run_dependencies/sphere_detect
-- Up-to-date: /home/jiangping/VisionArena/detector/install/sphere_detect/share/ament_index/resource_index/parent_prefix_path/sphere_detect
-- Up-to-date: /home/jiangping/VisionArena/detector/install/sphere_detect/share/sphere_detect/environment/ament_prefix_path.sh
-- Up-to-date: /home/jiangping/VisionArena/detector/install/sphere_detect/share/sphere_detect/environment/ament_prefix_path.dsv
-- Up-to-date: /home/jiangping/VisionArena/detector/install/sphere_detect/share/sphere_detect/environment/path.sh
-- Up-to-date: /home/jiangping/VisionArena/detector/install/sphere_detect/share/sphere_detect/environment/path.dsv
-- Up-to-date: /home/jiangping/VisionArena/detector/install/sphere_detect/share/sphere_detect/local_setup.bash
-- Up-to-date: /home/jiangping/VisionArena/detector/install/sphere_detect/share/sphere_detect/local_setup.sh
-- Up-to-date: /home/jiangping/VisionArena/detector/install/sphere_detect/share/sphere_detect/local_setup.zsh
-- Up-to-date: /home/jiangping/VisionArena/detector/install/sphere_detect/share/sphere_detect/local_setup.dsv
-- Installing: /home/jiangping/VisionArena/detector/install/sphere_detect/share/sphere_detect/package.dsv
-- Up-to-date: /home/jiangping/VisionArena/detector/install/sphere_detect/share/ament_index/resource_index/packages/sphere_detect
-- Up-to-date: /home/jiangping/VisionArena/detector/install/sphere_detect/share/sphere_detect/cmake/sphere_detectConfig.cmake
-- Up-to-date: /home/jiangping/VisionArena/detector/install/sphere_detect/share/sphere_detect/cmake/sphere_detectConfig-version.cmake
-- Up-to-date: /home/jiangping/VisionArena/detector/install/sphere_detect/share/sphere_detect/package.xml
