[35m[1mConsolidate compiler generated dependencies of target detect[0m
[ 50%] [32mBuilding CXX object CMakeFiles/detect.dir/src/camera_detector.cpp.o[0m
[100%] [32m[1mLinking CXX executable detect[0m
[100%] Built target detect
-- Install configuration: ""
-- Installing: /home/jiangping/VisionArena/detector/install/sphere_detect/lib/sphere_detect/detect
-- Set runtime path of "/home/jiangping/VisionArena/detector/install/sphere_detect/lib/sphere_detect/detect" to ""
-- Up-to-date: /home/jiangping/VisionArena/detector/install/sphere_detect/share/ament_index/resource_index/package_run_dependencies/sphere_detect
-- Up-to-date: /home/jiangping/VisionArena/detector/install/sphere_detect/share/ament_index/resource_index/parent_prefix_path/sphere_detect
-- Up-to-date: /home/jiangping/VisionArena/detector/install/sphere_detect/share/sphere_detect/environment/ament_prefix_path.sh
-- Up-to-date: /home/jiangping/VisionArena/detector/install/sphere_detect/share/sphere_detect/environment/ament_prefix_path.dsv
-- Up-to-date: /home/jiangping/VisionArena/detector/install/sphere_detect/share/sphere_detect/environment/path.sh
-- Up-to-date: /home/jiangping/VisionArena/detector/install/sphere_detect/share/sphere_detect/environment/path.dsv
-- Up-to-date: /home/jiangping/VisionArena/detector/install/sphere_detect/share/sphere_detect/local_setup.bash
-- Up-to-date: /home/jiangping/VisionArena/detector/install/sphere_detect/share/sphere_detect/local_setup.sh
-- Up-to-date: /home/jiangping/VisionArena/detector/install/sphere_detect/share/sphere_detect/local_setup.zsh
-- Up-to-date: /home/jiangping/VisionArena/detector/install/sphere_detect/share/sphere_detect/local_setup.dsv
-- Installing: /home/jiangping/VisionArena/detector/install/sphere_detect/share/sphere_detect/package.dsv
-- Up-to-date: /home/jiangping/VisionArena/detector/install/sphere_detect/share/ament_index/resource_index/packages/sphere_detect
-- Up-to-date: /home/jiangping/VisionArena/detector/install/sphere_detect/share/sphere_detect/cmake/sphere_detectConfig.cmake
-- Up-to-date: /home/jiangping/VisionArena/detector/install/sphere_detect/share/sphere_detect/cmake/sphere_detectConfig-version.cmake
-- Up-to-date: /home/jiangping/VisionArena/detector/install/sphere_detect/share/sphere_detect/package.xml
