[0.020s] Invoking command in '/home/jiangping/VisionArena/detector/build/sphere_detect': CMAKE_PREFIX_PATH=${CMAKE_PREFIX_PATH}:/opt/ros/humble /usr/bin/cmake --build /home/jiangping/VisionArena/detector/build/sphere_detect -- -j8 -l8
[0.152s] [35m[1mConsolidate compiler generated dependencies of target detect[0m
[0.173s] [ 50%] [32mBuilding CXX object CMakeFiles/detect.dir/src/camera_detector.cpp.o[0m
[3.113s] [01m[K/home/jiangping/VisionArena/detector/src/camera_detector.cpp:[m[K In member function ‘[01m[Kcv::Mat detector::findObjects(const cv::Mat&)[m[K’:
[3.113s] [01m[K/home/jiangping/VisionArena/detector/src/camera_detector.cpp:66:27:[m[K [01;35m[Kwarning: [m[Kcomparison of integer expressions of different signedness: ‘[01m[Kint[m[K’ and ‘[01m[Kstd::vector<std::vector<cv::Point_<int> > >::size_type[m[K’ {aka ‘[01m[Klong unsigned int[m[K’} [[01;35m[K]8;;https://gcc.gnu.org/onlinedocs/gcc/Warning-Options.html#index-Wsign-compare-Wsign-compare]8;;[m[K]
[3.113s]    66 |         for (int i = 0; [01;35m[Ki < contours.size()[m[K; i++)
[3.113s]       |                         [01;35m[K~~^~~~~~~~~~~~~~~~~[m[K
[4.031s] [100%] [32m[1mLinking CXX executable detect[0m
[4.246s] /usr/bin/ld: warning: libopencv_imgcodecs.so.4.5d, needed by /opt/ros/humble/lib/libcv_bridge.so, may conflict with libopencv_imgcodecs.so.405
[4.246s] /usr/bin/ld: warning: libopencv_imgproc.so.4.5d, needed by /opt/ros/humble/lib/libcv_bridge.so, may conflict with libopencv_imgproc.so.405
[4.247s] /usr/bin/ld: warning: libopencv_core.so.4.5d, needed by /opt/ros/humble/lib/libcv_bridge.so, may conflict with libopencv_core.so.405
[4.485s] [100%] Built target detect
[4.499s] Invoked command in '/home/jiangping/VisionArena/detector/build/sphere_detect' returned '0': CMAKE_PREFIX_PATH=${CMAKE_PREFIX_PATH}:/opt/ros/humble /usr/bin/cmake --build /home/jiangping/VisionArena/detector/build/sphere_detect -- -j8 -l8
[4.510s] Invoking command in '/home/jiangping/VisionArena/detector/build/sphere_detect': CMAKE_PREFIX_PATH=${CMAKE_PREFIX_PATH}:/opt/ros/humble /usr/bin/cmake --install /home/jiangping/VisionArena/detector/build/sphere_detect
[4.517s] -- Install configuration: ""
[4.519s] -- Installing: /home/jiangping/VisionArena/detector/install/sphere_detect/lib/sphere_detect/detect
[4.520s] -- Set runtime path of "/home/jiangping/VisionArena/detector/install/sphere_detect/lib/sphere_detect/detect" to ""
[4.520s] -- Up-to-date: /home/jiangping/VisionArena/detector/install/sphere_detect/share/ament_index/resource_index/package_run_dependencies/sphere_detect
[4.520s] -- Up-to-date: /home/jiangping/VisionArena/detector/install/sphere_detect/share/ament_index/resource_index/parent_prefix_path/sphere_detect
[4.520s] -- Up-to-date: /home/jiangping/VisionArena/detector/install/sphere_detect/share/sphere_detect/environment/ament_prefix_path.sh
[4.520s] -- Up-to-date: /home/jiangping/VisionArena/detector/install/sphere_detect/share/sphere_detect/environment/ament_prefix_path.dsv
[4.521s] -- Up-to-date: /home/jiangping/VisionArena/detector/install/sphere_detect/share/sphere_detect/environment/path.sh
[4.521s] -- Up-to-date: /home/jiangping/VisionArena/detector/install/sphere_detect/share/sphere_detect/environment/path.dsv
[4.521s] -- Up-to-date: /home/jiangping/VisionArena/detector/install/sphere_detect/share/sphere_detect/local_setup.bash
[4.521s] -- Up-to-date: /home/jiangping/VisionArena/detector/install/sphere_detect/share/sphere_detect/local_setup.sh
[4.521s] -- Up-to-date: /home/jiangping/VisionArena/detector/install/sphere_detect/share/sphere_detect/local_setup.zsh
[4.521s] -- Up-to-date: /home/jiangping/VisionArena/detector/install/sphere_detect/share/sphere_detect/local_setup.dsv
[4.521s] -- Installing: /home/jiangping/VisionArena/detector/install/sphere_detect/share/sphere_detect/package.dsv
[4.522s] -- Up-to-date: /home/jiangping/VisionArena/detector/install/sphere_detect/share/ament_index/resource_index/packages/sphere_detect
[4.522s] -- Up-to-date: /home/jiangping/VisionArena/detector/install/sphere_detect/share/sphere_detect/cmake/sphere_detectConfig.cmake
[4.522s] -- Up-to-date: /home/jiangping/VisionArena/detector/install/sphere_detect/share/sphere_detect/cmake/sphere_detectConfig-version.cmake
[4.522s] -- Up-to-date: /home/jiangping/VisionArena/detector/install/sphere_detect/share/sphere_detect/package.xml
[4.524s] Invoked command in '/home/jiangping/VisionArena/detector/build/sphere_detect' returned '0': CMAKE_PREFIX_PATH=${CMAKE_PREFIX_PATH}:/opt/ros/humble /usr/bin/cmake --install /home/jiangping/VisionArena/detector/build/sphere_detect
