[0.012s] Invoking command in '/home/jiangping/Vision_Arena_2025/src/player_pkg/build/player_pkg': /usr/bin/cmake /home/jiangping/Vision_Arena_2025/src/player_pkg -DCATKIN_INSTALL_INTO_PREFIX_ROOT=0 -DCMAKE_INSTALL_PREFIX=/home/jiangping/Vision_Arena_2025/src/player_pkg/install/player_pkg
[0.023s] -- Found ament_cmake: 1.3.12 (/opt/ros/humble/share/ament_cmake/cmake)
[0.110s] -- Found rclcpp: 16.0.15 (/opt/ros/humble/share/rclcpp/cmake)
[0.132s] -- Found rosidl_generator_c: 3.1.7 (/opt/ros/humble/share/rosidl_generator_c/cmake)
[0.134s] -- Found rosidl_adapter: 3.1.7 (/opt/ros/humble/share/rosidl_adapter/cmake)
[0.137s] -- Found rosidl_generator_cpp: 3.1.7 (/opt/ros/humble/share/rosidl_generator_cpp/cmake)
[0.143s] -- Using all available rosidl_typesupport_c: rosidl_typesupport_fastrtps_c;rosidl_typesupport_introspection_c
[0.151s] -- Using all available rosidl_typesupport_cpp: rosidl_typesupport_fastrtps_cpp;rosidl_typesupport_introspection_cpp
[0.172s] -- Found rmw_implementation_cmake: 6.1.2 (/opt/ros/humble/share/rmw_implementation_cmake/cmake)
[0.172s] -- Found rmw_fastrtps_cpp: 6.2.8 (/opt/ros/humble/share/rmw_fastrtps_cpp/cmake)
[0.256s] -- Using RMW implementation 'rmw_fastrtps_cpp' as default
[0.285s] -- Found sensor_msgs: 4.9.0 (/opt/ros/humble/share/sensor_msgs/cmake)
[0.305s] -- Found cv_bridge: 3.2.1 (/opt/ros/humble/share/cv_bridge/cmake)
[0.358s] -- Configuring done
[0.380s] -- Generating done
[0.383s] [33mCMake Warning:
[0.383s]   Manually-specified variables were not used by the project:
[0.383s] 
[0.383s]     CATKIN_INSTALL_INTO_PREFIX_ROOT
[0.383s] 
[0.383s] [0m
[0.387s] -- Build files have been written to: /home/jiangping/Vision_Arena_2025/src/player_pkg/build/player_pkg
[0.393s] Invoked command in '/home/jiangping/Vision_Arena_2025/src/player_pkg/build/player_pkg' returned '0': /usr/bin/cmake /home/jiangping/Vision_Arena_2025/src/player_pkg -DCATKIN_INSTALL_INTO_PREFIX_ROOT=0 -DCMAKE_INSTALL_PREFIX=/home/jiangping/Vision_Arena_2025/src/player_pkg/install/player_pkg
[0.397s] Invoking command in '/home/jiangping/Vision_Arena_2025/src/player_pkg/build/player_pkg': /usr/bin/cmake --build /home/jiangping/Vision_Arena_2025/src/player_pkg/build/player_pkg -- -j8 -l8
[0.447s] [ 50%] [32mBuilding CXX object CMakeFiles/yolo_node.dir/src/test.cpp.o[0m
[0.850s] [01m[K/home/jiangping/Vision_Arena_2025/src/player_pkg/src/test.cpp:8:10:[m[K [01;31m[Kfatal error: [m[Konnxruntime_cxx_api.h: No such file or directory
[0.850s]     8 | #include [01;31m[K<onnxruntime_cxx_api.h>[m[K
[0.850s]       |          [01;31m[K^~~~~~~~~~~~~~~~~~~~~~~[m[K
[0.850s] compilation terminated.
[0.854s] gmake[2]: *** [CMakeFiles/yolo_node.dir/build.make:76: CMakeFiles/yolo_node.dir/src/test.cpp.o] Error 1
[0.855s] gmake[1]: *** [CMakeFiles/Makefile2:137: CMakeFiles/yolo_node.dir/all] Error 2
[0.855s] gmake: *** [Makefile:146: all] Error 2
[0.858s] Invoked command in '/home/jiangping/Vision_Arena_2025/src/player_pkg/build/player_pkg' returned '2': /usr/bin/cmake --build /home/jiangping/Vision_Arena_2025/src/player_pkg/build/player_pkg -- -j8 -l8
