[0.240s] DEBUG:colcon:Command line arguments: ['/usr/bin/colcon', 'build']
[0.240s] DEBUG:colcon:Parsed command line arguments: Namespace(log_base=None, log_level=None, verb_name='build', build_base='build', install_base='install', merge_install=False, symlink_install=False, test_result_base=None, continue_on_error=False, executor='parallel', parallel_workers=8, event_handlers=None, ignore_user_meta=False, metas=['./colcon.meta'], base_paths=['.'], packages_ignore=None, packages_ignore_regex=None, paths=None, packages_up_to=None, packages_up_to_regex=None, packages_above=None, packages_above_and_dependencies=None, packages_above_depth=None, packages_select_by_dep=None, packages_skip_by_dep=None, packages_skip_up_to=None, packages_select_build_failed=False, packages_skip_build_finished=False, packages_select_test_failures=False, packages_skip_test_passed=False, packages_select=None, packages_skip=None, packages_select_regex=None, packages_skip_regex=None, packages_start=None, packages_end=None, allow_overriding=[], cmake_args=None, cmake_target=None, cmake_target_skip_unavailable=False, cmake_clean_cache=False, cmake_clean_first=False, cmake_force_configure=False, ament_cmake_args=None, catkin_cmake_args=None, catkin_skip_building_tests=False, verb_parser=<colcon_defaults.argument_parser.defaults.DefaultArgumentsDecorator object at 0x7a448d368070>, verb_extension=<colcon_core.verb.build.BuildVerb object at 0x7a448d4713f0>, main=<bound method BuildVerb.main of <colcon_core.verb.build.BuildVerb object at 0x7a448d4713f0>>)
[0.586s] Level 1:colcon.colcon_core.package_discovery:discover_packages(colcon_meta) check parameters
[0.586s] Level 1:colcon.colcon_core.package_discovery:discover_packages(recursive) check parameters
[0.586s] Level 1:colcon.colcon_core.package_discovery:discover_packages(ignore) check parameters
[0.586s] Level 1:colcon.colcon_core.package_discovery:discover_packages(path) check parameters
[0.586s] Level 1:colcon.colcon_core.package_discovery:discover_packages(colcon_meta) discover
[0.586s] Level 1:colcon.colcon_core.package_discovery:discover_packages(recursive) discover
[0.586s] INFO:colcon.colcon_core.package_discovery:Crawling recursively for packages in '/home/jiangping/Vision_Arena_2025/src/player_pkg'
[0.586s] Level 1:colcon.colcon_core.package_identification:_identify(.) by extensions ['ignore', 'ignore_ament_install']
[0.586s] Level 1:colcon.colcon_core.package_identification:_identify(.) by extension 'ignore'
[0.586s] Level 1:colcon.colcon_core.package_identification:_identify(.) by extension 'ignore_ament_install'
[0.586s] Level 1:colcon.colcon_core.package_identification:_identify(.) by extensions ['colcon_pkg']
[0.586s] Level 1:colcon.colcon_core.package_identification:_identify(.) by extension 'colcon_pkg'
[0.586s] Level 1:colcon.colcon_core.package_identification:_identify(.) by extensions ['colcon_meta']
[0.586s] Level 1:colcon.colcon_core.package_identification:_identify(.) by extension 'colcon_meta'
[0.586s] Level 1:colcon.colcon_core.package_identification:_identify(.) by extensions ['ros']
[0.586s] Level 1:colcon.colcon_core.package_identification:_identify(.) by extension 'ros'
[0.614s] DEBUG:colcon.colcon_core.package_identification:Package '.' with type 'ros.ament_cmake' and name 'player_pkg'
[0.614s] Level 1:colcon.colcon_core.package_discovery:discover_packages(recursive) using defaults
[0.614s] Level 1:colcon.colcon_core.package_discovery:discover_packages(ignore) discover
[0.614s] Level 1:colcon.colcon_core.package_discovery:discover_packages(ignore) using defaults
[0.614s] Level 1:colcon.colcon_core.package_discovery:discover_packages(path) discover
[0.614s] Level 1:colcon.colcon_core.package_discovery:discover_packages(path) using defaults
[0.644s] Level 1:colcon.colcon_core.package_discovery:discover_packages(prefix_path) check parameters
[0.644s] Level 1:colcon.colcon_core.package_discovery:discover_packages(prefix_path) discover
[0.652s] DEBUG:colcon.colcon_installed_package_information.package_discovery:Found 317 installed packages in /opt/ros/humble
[0.653s] Level 1:colcon.colcon_core.package_discovery:discover_packages(prefix_path) using defaults
[0.804s] Level 5:colcon.colcon_core.verb:set package 'player_pkg' build argument 'cmake_args' from command line to 'None'
[0.804s] Level 5:colcon.colcon_core.verb:set package 'player_pkg' build argument 'cmake_target' from command line to 'None'
[0.804s] Level 5:colcon.colcon_core.verb:set package 'player_pkg' build argument 'cmake_target_skip_unavailable' from command line to 'False'
[0.804s] Level 5:colcon.colcon_core.verb:set package 'player_pkg' build argument 'cmake_clean_cache' from command line to 'False'
[0.804s] Level 5:colcon.colcon_core.verb:set package 'player_pkg' build argument 'cmake_clean_first' from command line to 'False'
[0.804s] Level 5:colcon.colcon_core.verb:set package 'player_pkg' build argument 'cmake_force_configure' from command line to 'False'
[0.804s] Level 5:colcon.colcon_core.verb:set package 'player_pkg' build argument 'ament_cmake_args' from command line to 'None'
[0.804s] Level 5:colcon.colcon_core.verb:set package 'player_pkg' build argument 'catkin_cmake_args' from command line to 'None'
[0.804s] Level 5:colcon.colcon_core.verb:set package 'player_pkg' build argument 'catkin_skip_building_tests' from command line to 'False'
[0.804s] DEBUG:colcon.colcon_core.verb:Building package 'player_pkg' with the following arguments: {'ament_cmake_args': None, 'build_base': '/home/jiangping/Vision_Arena_2025/src/player_pkg/build/player_pkg', 'catkin_cmake_args': None, 'catkin_skip_building_tests': False, 'cmake_args': None, 'cmake_clean_cache': False, 'cmake_clean_first': False, 'cmake_force_configure': False, 'cmake_target': None, 'cmake_target_skip_unavailable': False, 'install_base': '/home/jiangping/Vision_Arena_2025/src/player_pkg/install/player_pkg', 'merge_install': False, 'path': '/home/jiangping/Vision_Arena_2025/src/player_pkg', 'symlink_install': False, 'test_result_base': None}
[0.804s] INFO:colcon.colcon_core.executor:Executing jobs using 'parallel' executor
[0.805s] DEBUG:colcon.colcon_parallel_executor.executor.parallel:run_until_complete
[0.806s] INFO:colcon.colcon_ros.task.ament_cmake.build:Building ROS package in '/home/jiangping/Vision_Arena_2025/src/player_pkg' with build type 'ament_cmake'
[0.806s] INFO:colcon.colcon_cmake.task.cmake.build:Building CMake package in '/home/jiangping/Vision_Arena_2025/src/player_pkg'
[0.807s] INFO:colcon.colcon_core.plugin_system:Skipping extension 'colcon_core.shell.bat': Not used on non-Windows systems
[0.808s] INFO:colcon.colcon_core.shell:Skip shell extension 'powershell' for command environment: Not usable outside of PowerShell
[0.808s] DEBUG:colcon.colcon_core.shell:Skip shell extension 'dsv' for command environment
[0.815s] DEBUG:colcon.colcon_core.event_handler.log_command:Invoking command in '/home/jiangping/Vision_Arena_2025/src/player_pkg/build/player_pkg': CMAKE_PREFIX_PATH=/opt/ros/humble /usr/bin/cmake /home/jiangping/Vision_Arena_2025/src/player_pkg -DCMAKE_INSTALL_PREFIX=/home/jiangping/Vision_Arena_2025/src/player_pkg/install/player_pkg
[1.119s] DEBUG:colcon.colcon_core.event_handler.log_command:Invoked command in '/home/jiangping/Vision_Arena_2025/src/player_pkg/build/player_pkg' returned '1': CMAKE_PREFIX_PATH=/opt/ros/humble /usr/bin/cmake /home/jiangping/Vision_Arena_2025/src/player_pkg -DCMAKE_INSTALL_PREFIX=/home/jiangping/Vision_Arena_2025/src/player_pkg/install/player_pkg
[1.132s] Level 1:colcon.colcon_core.environment:create_environment_scripts_only(player_pkg)
[1.138s] Level 1:colcon.colcon_core.environment:checking '/home/jiangping/Vision_Arena_2025/src/player_pkg/install/player_pkg' for CMake module files
[1.139s] Level 1:colcon.colcon_core.environment:checking '/home/jiangping/Vision_Arena_2025/src/player_pkg/install/player_pkg' for CMake config files
[1.139s] Level 1:colcon.colcon_core.environment:checking '/home/jiangping/Vision_Arena_2025/src/player_pkg/install/player_pkg/bin'
[1.139s] Level 1:colcon.colcon_core.environment:checking '/home/jiangping/Vision_Arena_2025/src/player_pkg/install/player_pkg/lib/pkgconfig/player_pkg.pc'
[1.139s] Level 1:colcon.colcon_core.environment:checking '/home/jiangping/Vision_Arena_2025/src/player_pkg/install/player_pkg/lib/python3.10/site-packages'
[1.139s] Level 1:colcon.colcon_core.environment:checking '/home/jiangping/Vision_Arena_2025/src/player_pkg/install/player_pkg/bin'
[1.140s] INFO:colcon.colcon_core.shell:Creating package script '/home/jiangping/Vision_Arena_2025/src/player_pkg/install/player_pkg/share/player_pkg/package.ps1'
[1.140s] INFO:colcon.colcon_core.shell:Creating package descriptor '/home/jiangping/Vision_Arena_2025/src/player_pkg/install/player_pkg/share/player_pkg/package.dsv'
[1.140s] INFO:colcon.colcon_core.shell:Creating package script '/home/jiangping/Vision_Arena_2025/src/player_pkg/install/player_pkg/share/player_pkg/package.sh'
[1.141s] INFO:colcon.colcon_core.shell:Creating package script '/home/jiangping/Vision_Arena_2025/src/player_pkg/install/player_pkg/share/player_pkg/package.bash'
[1.141s] INFO:colcon.colcon_core.shell:Creating package script '/home/jiangping/Vision_Arena_2025/src/player_pkg/install/player_pkg/share/player_pkg/package.zsh'
[1.142s] Level 1:colcon.colcon_core.environment:create_file_with_runtime_dependencies(/home/jiangping/Vision_Arena_2025/src/player_pkg/install/player_pkg/share/colcon-core/packages/player_pkg)
[1.153s] DEBUG:colcon.colcon_parallel_executor.executor.parallel:closing loop
[1.153s] DEBUG:colcon.colcon_parallel_executor.executor.parallel:loop closed
[1.153s] DEBUG:colcon.colcon_parallel_executor.executor.parallel:run_until_complete finished with '1'
[1.153s] DEBUG:colcon.colcon_core.event_reactor:joining thread
[1.157s] INFO:colcon.colcon_core.plugin_system:Skipping extension 'colcon_notification.desktop_notification.terminal_notifier': Not used on non-Darwin systems
[1.157s] INFO:colcon.colcon_core.plugin_system:Skipping extension 'colcon_notification.desktop_notification.win32': Not used on non-Windows systems
[1.157s] INFO:colcon.colcon_notification.desktop_notification:Sending desktop notification using 'notify2'
[1.180s] DEBUG:colcon.colcon_core.event_reactor:joined thread
[1.181s] INFO:colcon.colcon_core.shell:Creating prefix script '/home/jiangping/Vision_Arena_2025/src/player_pkg/install/local_setup.ps1'
[1.181s] INFO:colcon.colcon_core.shell:Creating prefix util module '/home/jiangping/Vision_Arena_2025/src/player_pkg/install/_local_setup_util_ps1.py'
[1.182s] INFO:colcon.colcon_core.shell:Creating prefix chain script '/home/jiangping/Vision_Arena_2025/src/player_pkg/install/setup.ps1'
[1.183s] INFO:colcon.colcon_core.shell:Creating prefix script '/home/jiangping/Vision_Arena_2025/src/player_pkg/install/local_setup.sh'
[1.183s] INFO:colcon.colcon_core.shell:Creating prefix util module '/home/jiangping/Vision_Arena_2025/src/player_pkg/install/_local_setup_util_sh.py'
[1.184s] INFO:colcon.colcon_core.shell:Creating prefix chain script '/home/jiangping/Vision_Arena_2025/src/player_pkg/install/setup.sh'
[1.185s] INFO:colcon.colcon_core.shell:Creating prefix script '/home/jiangping/Vision_Arena_2025/src/player_pkg/install/local_setup.bash'
[1.185s] INFO:colcon.colcon_core.shell:Creating prefix chain script '/home/jiangping/Vision_Arena_2025/src/player_pkg/install/setup.bash'
[1.186s] INFO:colcon.colcon_core.shell:Creating prefix script '/home/jiangping/Vision_Arena_2025/src/player_pkg/install/local_setup.zsh'
[1.186s] INFO:colcon.colcon_core.shell:Creating prefix chain script '/home/jiangping/Vision_Arena_2025/src/player_pkg/install/setup.zsh'
